                      :-) GROMACS - gmx mdrun, 2020.5 (-:

                            GROMACS is written by:
     Emile Apol      Rossen Apostolov      Paul Bauer     Herman J.C. Berendsen
    Par Bjelkmar      Christian Blau   Viacheslav Bolnykh     Kevin Boyd    
 Aldert van Buuren   Rudi van Drunen     Anton Feenstra       Alan Gray     
  Gerrit Groenhof     Anca Hamuraru    Vincent Hindriksen  M. Eric Irrgang  
  Aleksei Iupinov   Christoph Junghans     Joe Jordan     Dimitrios Karkoulis
    Peter Kasson        Jiri Kraus      Carsten Kutzner      Per Larsson    
  Justin A. Lemkul    Viveca Lindahl    Magnus Lundborg     Erik Marklund   
    Pascal Merz     Pieter Meulenhoff    Teemu Murtola       Szilard Pall   
    Sander Pronk      Roland Schulz      Michael Shirts    Alexey Shvetsov  
   Alfons Sijbers     Peter Tieleman      Jon Vincent      Teemu Virolainen 
 Christian Wennberg    Maarten Wolf      Artem Zhmurov   
                           and the project leaders:
        Mark Abraham, Berk Hess, Erik Lindahl, and David van der Spoel

Copyright (c) 1991-2000, University of Groningen, The Netherlands.
Copyright (c) 2001-2019, The GROMACS development team at
Uppsala University, Stockholm University and
the Royal Institute of Technology, Sweden.
check out http://www.gromacs.org for more information.

GROMACS is free software; you can redistribute it and/or modify it
under the terms of the GNU Lesser General Public License
as published by the Free Software Foundation; either version 2.1
of the License, or (at your option) any later version.

GROMACS:      gmx mdrun, version 2020.5
Executable:   /jet/home/schwinns/pkgs/gromacs/2020.5/bin/gmx
Data prefix:  /jet/home/schwinns/pkgs/gromacs/2020.5
Working dir:  /ocean/projects/cts160011p/schwinns/Projects/mscg/workflow/atomistic/bilayer/equilibration
Process ID:   87612
Command line:
  gmx mdrun -deffnm npt

GROMACS version:    2020.5
Verified release checksum is 4d9aa1b4e69850bc4583c1983ce2e0e3a88250cafb8f30ab0290b4dd4413a41e
Precision:          single
Memory model:       64 bit
MPI library:        thread_mpi
OpenMP support:     enabled (GMX_OPENMP_MAX_THREADS = 64)
GPU support:        disabled
SIMD instructions:  AVX2_256
FFT library:        fftw-3.3.8-sse2-avx-avx2-avx2_128
RDTSCP usage:       enabled
TNG support:        enabled
Hwloc support:      hwloc-1.11.9
Tracing support:    disabled
C compiler:         /jet/packages/spack/opt/spack/linux-centos8-zen/gcc-8.3.1/gcc-10.2.0-tfzxq7udz2a53dmujvasy4uz33t27iwv/bin/gcc GNU 10.2.0
C compiler flags:   -mavx2 -mfma -fexcess-precision=fast -funroll-all-loops -O2 -DNDEBUG
C++ compiler:       /jet/packages/spack/opt/spack/linux-centos8-zen/gcc-8.3.1/gcc-10.2.0-tfzxq7udz2a53dmujvasy4uz33t27iwv/bin/g++ GNU 10.2.0
C++ compiler flags: -mavx2 -mfma -fexcess-precision=fast -funroll-all-loops -fopenmp -O2 -DNDEBUG


Running on 1 node with total 128 cores, 128 logical cores
Hardware detected:
  CPU info:
    Vendor: AMD
    Brand:  AMD EPYC 7742 64-Core Processor                
    Family: 23   Model: 49   Stepping: 0
    Features: aes amd apic avx avx2 clfsh cmov cx8 cx16 f16c fma htt lahf misalignsse mmx msr nonstop_tsc pclmuldq pdpe1gb popcnt pse rdrnd rdtscp sha sse2 sse3 sse4a sse4.1 sse4.2 ssse3
  Hardware topology: Only logical processor count


++++ PLEASE READ AND CITE THE FOLLOWING REFERENCE ++++
M. J. Abraham, T. Murtola, R. Schulz, S. Páll, J. C. Smith, B. Hess, E.
Lindahl
GROMACS: High performance molecular simulations through multi-level
parallelism from laptops to supercomputers
SoftwareX 1 (2015) pp. 19-25
-------- -------- --- Thank You --- -------- --------


++++ PLEASE READ AND CITE THE FOLLOWING REFERENCE ++++
S. Páll, M. J. Abraham, C. Kutzner, B. Hess, E. Lindahl
Tackling Exascale Software Challenges in Molecular Dynamics Simulations with
GROMACS
In S. Markidis & E. Laure (Eds.), Solving Software Challenges for Exascale 8759 (2015) pp. 3-27
-------- -------- --- Thank You --- -------- --------


++++ PLEASE READ AND CITE THE FOLLOWING REFERENCE ++++
S. Pronk, S. Páll, R. Schulz, P. Larsson, P. Bjelkmar, R. Apostolov, M. R.
Shirts, J. C. Smith, P. M. Kasson, D. van der Spoel, B. Hess, and E. Lindahl
GROMACS 4.5: a high-throughput and highly parallel open source molecular
simulation toolkit
Bioinformatics 29 (2013) pp. 845-54
-------- -------- --- Thank You --- -------- --------


++++ PLEASE READ AND CITE THE FOLLOWING REFERENCE ++++
B. Hess and C. Kutzner and D. van der Spoel and E. Lindahl
GROMACS 4: Algorithms for highly efficient, load-balanced, and scalable
molecular simulation
J. Chem. Theory Comput. 4 (2008) pp. 435-447
-------- -------- --- Thank You --- -------- --------


++++ PLEASE READ AND CITE THE FOLLOWING REFERENCE ++++
D. van der Spoel, E. Lindahl, B. Hess, G. Groenhof, A. E. Mark and H. J. C.
Berendsen
GROMACS: Fast, Flexible and Free
J. Comp. Chem. 26 (2005) pp. 1701-1719
-------- -------- --- Thank You --- -------- --------


++++ PLEASE READ AND CITE THE FOLLOWING REFERENCE ++++
E. Lindahl and B. Hess and D. van der Spoel
GROMACS 3.0: A package for molecular simulation and trajectory analysis
J. Mol. Mod. 7 (2001) pp. 306-317
-------- -------- --- Thank You --- -------- --------


++++ PLEASE READ AND CITE THE FOLLOWING REFERENCE ++++
H. J. C. Berendsen, D. van der Spoel and R. van Drunen
GROMACS: A message-passing parallel molecular dynamics implementation
Comp. Phys. Comm. 91 (1995) pp. 43-56
-------- -------- --- Thank You --- -------- --------


++++ PLEASE CITE THE DOI FOR THIS VERSION OF GROMACS ++++
https://doi.org/10.5281/zenodo.4420785
-------- -------- --- Thank You --- -------- --------

Input Parameters:
   integrator                     = md
   tinit                          = 0
   dt                             = 0.002
   nsteps                         = 5000
   init-step                      = 0
   simulation-part                = 1
   comm-mode                      = Linear
   nstcomm                        = 100
   bd-fric                        = 0
   ld-seed                        = -79868557
   emtol                          = 10
   emstep                         = 0.01
   niter                          = 20
   fcstep                         = 0
   nstcgsteep                     = 1000
   nbfgscorr                      = 10
   rtpi                           = 0.05
   nstxout                        = 0
   nstvout                        = 0
   nstfout                        = 0
   nstlog                         = 1000
   nstcalcenergy                  = 100
   nstenergy                      = 1000
   nstxout-compressed             = 0
   compressed-x-precision         = 1000
   cutoff-scheme                  = Verlet
   nstlist                        = 40
   pbc                            = xyz
   periodic-molecules             = false
   verlet-buffer-tolerance        = 0.005
   rlist                          = 1
   coulombtype                    = PME
   coulomb-modifier               = Potential-shift
   rcoulomb-switch                = 0
   rcoulomb                       = 1
   epsilon-r                      = 1
   epsilon-rf                     = inf
   vdw-type                       = PME
   vdw-modifier                   = Potential-shift
   rvdw-switch                    = 0
   rvdw                           = 1
   DispCorr                       = EnerPres
   table-extension                = 1
   fourierspacing                 = 0.12
   fourier-nx                     = 52
   fourier-ny                     = 52
   fourier-nz                     = 84
   pme-order                      = 4
   ewald-rtol                     = 1e-05
   ewald-rtol-lj                  = 0.001
   lj-pme-comb-rule               = Geometric
   ewald-geometry                 = 0
   epsilon-surface                = 0
   tcoupl                         = V-rescale
   nsttcouple                     = 40
   nh-chain-length                = 0
   print-nose-hoover-chain-variables = false
   pcoupl                         = Berendsen
   pcoupltype                     = Semiisotropic
   nstpcouple                     = 40
   tau-p                          = 1
   compressibility (3x3):
      compressibility[    0]={ 4.50000e-05,  0.00000e+00,  0.00000e+00}
      compressibility[    1]={ 0.00000e+00,  4.50000e-05,  0.00000e+00}
      compressibility[    2]={ 0.00000e+00,  0.00000e+00,  4.50000e-05}
   ref-p (3x3):
      ref-p[    0]={ 1.00000e+00,  0.00000e+00,  0.00000e+00}
      ref-p[    1]={ 0.00000e+00,  1.00000e+00,  0.00000e+00}
      ref-p[    2]={ 0.00000e+00,  0.00000e+00,  1.00000e+00}
   refcoord-scaling               = No
   posres-com (3):
      posres-com[0]= 0.00000e+00
      posres-com[1]= 0.00000e+00
      posres-com[2]= 0.00000e+00
   posres-comB (3):
      posres-comB[0]= 0.00000e+00
      posres-comB[1]= 0.00000e+00
      posres-comB[2]= 0.00000e+00
   QMMM                           = false
   QMconstraints                  = 0
   QMMMscheme                     = 0
   MMChargeScaleFactor            = 1
qm-opts:
   ngQM                           = 0
   constraint-algorithm           = Lincs
   continuation                   = false
   Shake-SOR                      = false
   shake-tol                      = 0.0001
   lincs-order                    = 4
   lincs-iter                     = 1
   lincs-warnangle                = 30
   nwall                          = 0
   wall-type                      = 9-3
   wall-r-linpot                  = -1
   wall-atomtype[0]               = -1
   wall-atomtype[1]               = -1
   wall-density[0]                = 0
   wall-density[1]                = 0
   wall-ewald-zfac                = 3
   pull                           = false
   awh                            = false
   rotation                       = false
   interactiveMD                  = false
   disre                          = No
   disre-weighting                = Conservative
   disre-mixed                    = false
   dr-fc                          = 1000
   dr-tau                         = 0
   nstdisreout                    = 100
   orire-fc                       = 0
   orire-tau                      = 0
   nstorireout                    = 100
   free-energy                    = no
   cos-acceleration               = 0
   deform (3x3):
      deform[    0]={ 0.00000e+00,  0.00000e+00,  0.00000e+00}
      deform[    1]={ 0.00000e+00,  0.00000e+00,  0.00000e+00}
      deform[    2]={ 0.00000e+00,  0.00000e+00,  0.00000e+00}
   simulated-tempering            = false
   swapcoords                     = no
   userint1                       = 0
   userint2                       = 0
   userint3                       = 0
   userint4                       = 0
   userreal1                      = 0
   userreal2                      = 0
   userreal3                      = 0
   userreal4                      = 0
   applied-forces:
     electric-field:
       x:
         E0                       = 0
         omega                    = 0
         t0                       = 0
         sigma                    = 0
       y:
         E0                       = 0
         omega                    = 0
         t0                       = 0
         sigma                    = 0
       z:
         E0                       = 0
         omega                    = 0
         t0                       = 0
         sigma                    = 0
     density-guided-simulation:
       active                     = false
       group                      = protein
       similarity-measure         = inner-product
       atom-spreading-weight      = unity
       force-constant             = 1e+09
       gaussian-transform-spreading-width = 0.2
       gaussian-transform-spreading-range-in-multiples-of-width = 4
       reference-density-filename = reference.mrc
       nst                        = 1
       normalize-densities        = true
       adaptive-force-scaling     = false
       adaptive-force-scaling-time-constant = 4
grpopts:
   nrdf:       76237
   ref-t:         300
   tau-t:         0.1
annealing:          No
annealing-npoints:           0
   acc:	           0           0           0
   nfreeze:           N           N           N
   energygrp-flags[  0]: 0

Changing nstlist from 40 to 100, rlist from 1 to 1


Initializing Domain Decomposition on 128 ranks
Dynamic load balancing: auto
Using update groups, nr 12912, average size 2.5 atoms, max. radius 0.101 nm
Minimum cell size due to atom displacement: 0.688 nm
Initial maximum distances in bonded interactions:
    two-body bonded interactions: 0.416 nm, LJ-14, atoms 1313 1325
  multi-body bonded interactions: 0.416 nm, Ryckaert-Bell., atoms 1313 1325
Minimum cell size due to bonded interactions: 0.458 nm
Scaling the initial minimum size with 1/0.8 (option -dds) = 1.25
Guess for relative PME load: 0.37
Will use 80 particle-particle and 48 PME only ranks
This is a guess, check the performance at the end of the log file
Using 48 separate PME ranks, as guessed by mdrun
Optimizing the DD grid for 80 cells with a minimum initial size of 0.860 nm
The maximum allowed number of cells is: X 6 Y 6 Z 11
Domain decomposition grid 4 x 4 x 5, separate PME ranks 48
PME domain decomposition: 4 x 12 x 1
Interleaving PP and PME ranks
This rank does only particle-particle work.
Domain decomposition rank 0, coordinates 0 0 0

The initial number of communication pulses is: X 1 Y 1 Z 1
The initial domain decomposition cell size is: X 1.50 nm Y 1.50 nm Z 2.00 nm

The maximum allowed distance for atom groups involved in interactions is:
                 non-bonded interactions           1.202 nm
(the following are initial values, they could change due to box deformation)
            two-body bonded interactions  (-rdd)   1.202 nm
          multi-body bonded interactions  (-rdd)   1.202 nm

When dynamic load balancing gets turned on, these settings will change to:
The maximum number of communication pulses is: X 2 Y 2 Z 2
The minimum size for domain decomposition cells is 0.979 nm
The requested allowed shrink of DD cells (option -dds) is: 0.80
The allowed shrink of domain decomposition cells is: X 0.65 Y 0.65 Z 0.49
The maximum allowed distance for atom groups involved in interactions is:
                 non-bonded interactions           1.202 nm
            two-body bonded interactions  (-rdd)   1.202 nm
          multi-body bonded interactions  (-rdd)   0.979 nm

Using 128 MPI threads

Non-default thread affinity set, disabling internal thread affinity

Using 1 OpenMP thread per tMPI thread

System total charge: 0.000
Will do PME sum in reciprocal space for LJ dispersion interactions.

++++ PLEASE READ AND CITE THE FOLLOWING REFERENCE ++++
U. Essmann, L. Perera, M. L. Berkowitz, T. Darden, H. Lee and L. G. Pedersen 
A smooth particle mesh Ewald method
J. Chem. Phys. 103 (1995) pp. 8577-8592
-------- -------- --- Thank You --- -------- --------

Using a Gaussian width (1/beta) of 0.298423 nm for LJ Ewald
Will do PME sum in reciprocal space for electrostatic interactions.

++++ PLEASE READ AND CITE THE FOLLOWING REFERENCE ++++
U. Essmann, L. Perera, M. L. Berkowitz, T. Darden, H. Lee and L. G. Pedersen 
A smooth particle mesh Ewald method
J. Chem. Phys. 103 (1995) pp. 8577-8592
-------- -------- --- Thank You --- -------- --------

Using a Gaussian width (1/beta) of 0.320163 nm for Ewald
Potential shift: LJ r^-12: -1.000e+00 r^-6: -1.000e-03, Ewald -1.000e-05
Initialized non-bonded Ewald tables, spacing: 9.33e-04 size: 1073

Using shifted Lennard-Jones, switch between 0 and 1 nm
Generated table with 1000 data points for 1-4 COUL.
Tabscale = 500 points/nm
Generated table with 1000 data points for 1-4 LJ6.
Tabscale = 500 points/nm
Generated table with 1000 data points for 1-4 LJ12.
Tabscale = 500 points/nm

Using SIMD 4x8 nonbonded short-range kernels

Using a 4x8 pair-list setup:
  updated every 100 steps, buffer 0.000 nm, rlist 1.000 nm
At tolerance 0.005 kJ/mol/ps per atom, equivalent classical 1x1 list would be:
  updated every 100 steps, buffer 0.167 nm, rlist 1.167 nm

Long Range LJ corr.: <C6> 1.1589e-05

Removing pbc first time

Initializing LINear Constraint Solver

++++ PLEASE READ AND CITE THE FOLLOWING REFERENCE ++++
B. Hess and H. Bekker and H. J. C. Berendsen and J. G. E. M. Fraaije
LINCS: A Linear Constraint Solver for molecular simulations
J. Comp. Chem. 18 (1997) pp. 1463-1472
-------- -------- --- Thank You --- -------- --------

The number of constraints is 18752
Setting the maximum number of constraint warnings to 2147483647

Linking all bonded interactions to atoms

Intra-simulation communication will occur every 20 steps.

++++ PLEASE READ AND CITE THE FOLLOWING REFERENCE ++++
G. Bussi, D. Donadio and M. Parrinello
Canonical sampling through velocity rescaling
J. Chem. Phys. 126 (2007) pp. 014101
-------- -------- --- Thank You --- -------- --------

There are: 31664 Atoms
Atom distribution over 80 domains: av 395 stddev 122 min 111 max 519

Constraining the starting coordinates (step 0)

Constraining the coordinates at t0-dt (step 0)
Center of mass motion removal mode is Linear
We have the following groups for center of mass motion removal:
  0:  rest
RMS relative constraint deviation after constraining: 2.19e-06
Initial temperature: 299.338 K

Started mdrun on rank 0 Thu Aug 12 14:18:08 2021

           Step           Time
              0        0.00000

   Energies (kJ/mol)
           Bond          Angle    Proper Dih. Ryckaert-Bell.          LJ-14
    1.55870e+04    6.15069e+04    4.61309e+02    3.99658e+04    1.46458e+04
     Coulomb-14        LJ (SR)  Disper. corr.   Coulomb (SR)   Coul. recip.
    3.09616e+05    1.41393e+04   -1.35016e+02   -3.67654e+05    8.77841e+03
      LJ recip.      Potential    Kinetic En.   Total Energy  Conserved En.
   -7.83050e+04    1.86070e+04    1.01338e+05    1.19945e+05    1.19964e+05
    Temperature Pres. DC (bar) Pressure (bar)   Constr. rmsd
    3.19743e+02   -6.23621e+00   -3.64794e+01    3.62997e-06


DD  step 99 load imb.: force 43.8%  pme mesh/force 13.759
step  600: timed with pme grid 52 52 84, coulomb cutoff 1.000: 158523.1 M-cycles
step  800: timed with pme grid 44 44 72, coulomb cutoff 1.157: 153215.3 M-cycles
Writing checkpoint, step 800 at Thu Aug 12 14:34:27 2021


step 1000: timed with pme grid 40 40 64, coulomb cutoff 1.302: 162511.7 M-cycles

DD  step 999 load imb.: force 29.5%  pme mesh/force 15.403
           Step           Time
           1000        2.00000

   Energies (kJ/mol)
           Bond          Angle    Proper Dih. Ryckaert-Bell.          LJ-14
    1.55080e+04    6.23077e+04    4.79430e+02    3.99318e+04    1.46321e+04
     Coulomb-14        LJ (SR)  Disper. corr.   Coulomb (SR)   Coul. recip.
    3.09414e+05   -3.61927e+04   -5.11360e+01   -3.65465e+05    2.49818e+03
      LJ recip.      Potential    Kinetic En.   Total Energy  Conserved En.
   -2.87769e+04    1.42860e+04    9.54698e+04    1.09756e+05    1.20590e+05
    Temperature Pres. DC (bar) Pressure (bar)   Constr. rmsd
    3.01229e+02   -2.39829e+00    2.55016e+01    2.90853e-06

step 1200: timed with pme grid 36 36 60, coulomb cutoff 1.389: 154570.7 M-cycles
step 1400: timed with pme grid 32 32 56, coulomb cutoff 1.563: 274519.8 M-cycles
Writing checkpoint, step 1500 at Thu Aug 12 14:50:07 2021


step 1600: timed with pme grid 36 36 56, coulomb cutoff 1.488: 226561.9 M-cycles
step 1800: timed with pme grid 36 36 60, coulomb cutoff 1.389: 349328.6 M-cycles
Writing checkpoint, step 1900 at Thu Aug 12 15:05:27 2021


step 2000: timed with pme grid 40 40 64, coulomb cutoff 1.302: 325549.7 M-cycles

DD  step 1999 load imb.: force 54.0%  pme mesh/force 12.122
           Step           Time
           2000        4.00000

   Energies (kJ/mol)
           Bond          Angle    Proper Dih. Ryckaert-Bell.          LJ-14
    1.54481e+04    6.28078e+04    4.93986e+02    3.98493e+04    1.45732e+04
     Coulomb-14        LJ (SR)  Disper. corr.   Coulomb (SR)   Coul. recip.
    3.08714e+05   -2.54301e+04   -7.00870e+01   -3.66138e+05    3.74516e+03
      LJ recip.      Potential    Kinetic En.   Total Energy  Conserved En.
   -3.99079e+04    1.40855e+04    9.49828e+04    1.09068e+05    1.20833e+05
    Temperature Pres. DC (bar) Pressure (bar)   Constr. rmsd
    2.99692e+02   -3.29344e+00    2.58996e+02    2.84076e-06

step 2200: timed with pme grid 40 40 72, coulomb cutoff 1.250: 169796.7 M-cycles
step 2400: timed with pme grid 42 42 72, coulomb cutoff 1.190: 146071.4 M-cycles
Writing checkpoint, step 2500 at Thu Aug 12 15:18:55 2021


step 2600: timed with pme grid 44 44 72, coulomb cutoff 1.157: 155891.2 M-cycles
step 2800: timed with pme grid 44 44 80, coulomb cutoff 1.136: 146136.9 M-cycles
step 3000: timed with pme grid 48 48 80, coulomb cutoff 1.042: 147798.6 M-cycles

DD  step 2999 load imb.: force 41.6%  pme mesh/force 13.982
           Step           Time
           3000        6.00000

   Energies (kJ/mol)
           Bond          Angle    Proper Dih. Ryckaert-Bell.          LJ-14
    1.54342e+04    6.17414e+04    4.75909e+02    3.95720e+04    1.43483e+04
     Coulomb-14        LJ (SR)  Disper. corr.   Coulomb (SR)   Coul. recip.
    3.08588e+05    1.35355e+04   -1.37811e+02   -3.71080e+05    8.48071e+03
      LJ recip.      Potential    Kinetic En.   Total Energy  Conserved En.
   -7.99381e+04    1.10203e+04    9.54512e+04    1.06472e+05    1.21020e+05
    Temperature Pres. DC (bar) Pressure (bar)   Constr. rmsd
    3.01170e+02   -6.49672e+00   -2.15690e+02    2.84669e-06

step 3200: timed with pme grid 52 52 84, coulomb cutoff 1.000: 153336.7 M-cycles
step 3400: timed with pme grid 36 36 60, coulomb cutoff 1.389: 154282.2 M-cycles
Writing checkpoint, step 3400 at Thu Aug 12 15:35:16 2021


step 3600: timed with pme grid 40 40 64, coulomb cutoff 1.302: 192731.2 M-cycles
step 3800: timed with pme grid 42 42 72, coulomb cutoff 1.190: 211712.7 M-cycles
step 4000: timed with pme grid 44 44 72, coulomb cutoff 1.157: 148849.3 M-cycles

DD  step 3999 load imb.: force 32.9%  pme mesh/force 14.116
           Step           Time
           4000        8.00000

Writing checkpoint, step 4000 at Thu Aug 12 15:48:49 2021


   Energies (kJ/mol)
           Bond          Angle    Proper Dih. Ryckaert-Bell.          LJ-14
    1.55349e+04    6.25765e+04    4.87984e+02    3.98302e+04    1.45368e+04
     Coulomb-14        LJ (SR)  Disper. corr.   Coulomb (SR)   Coul. recip.
    3.07877e+05   -1.23249e+04   -9.40700e+01   -3.67993e+05    5.24843e+03
      LJ recip.      Potential    Kinetic En.   Total Energy  Conserved En.
   -5.38393e+04    1.18410e+04    9.49991e+04    1.06840e+05    1.21233e+05
    Temperature Pres. DC (bar) Pressure (bar)   Constr. rmsd
    2.99743e+02   -4.45739e+00    1.76589e+02    2.83343e-06

step 4200: timed with pme grid 44 44 80, coulomb cutoff 1.136: 159586.4 M-cycles
step 4400: timed with pme grid 48 48 80, coulomb cutoff 1.042: 147850.1 M-cycles
step 4600: timed with pme grid 52 52 84, coulomb cutoff 1.000: 148286.2 M-cycles
step 4800: timed with pme grid 36 36 60, coulomb cutoff 1.389: 146236.3 M-cycles
Writing checkpoint, step 4900 at Thu Aug 12 16:05:18 2021


step 5000: timed with pme grid 40 40 64, coulomb cutoff 1.302: 150615.3 M-cycles

DD  step 4999 load imb.: force 23.7%  pme mesh/force 13.332
           Step           Time
           5000       10.00000

Writing checkpoint, step 5000 at Thu Aug 12 16:07:05 2021


   Energies (kJ/mol)
           Bond          Angle    Proper Dih. Ryckaert-Bell.          LJ-14
    1.57681e+04    6.21476e+04    5.18435e+02    3.93958e+04    1.44363e+04
     Coulomb-14        LJ (SR)  Disper. corr.   Coulomb (SR)   Coul. recip.
    3.08701e+05   -2.60122e+04   -7.13003e+01   -3.67831e+05    3.59102e+03
      LJ recip.      Potential    Kinetic En.   Total Energy  Conserved En.
   -4.03804e+04    1.02634e+04    9.49878e+04    1.05251e+05    1.21468e+05
    Temperature Pres. DC (bar) Pressure (bar)   Constr. rmsd
    2.99708e+02   -3.40838e+00    3.52286e+02    2.88994e-06


	<======  ###############  ==>
	<====  A V E R A G E S  ====>
	<==  ###############  ======>

	Statistics over 5001 steps using 51 frames

   Energies (kJ/mol)
           Bond          Angle    Proper Dih. Ryckaert-Bell.          LJ-14
    1.56711e+04    6.22845e+04    4.93041e+02    3.97477e+04    1.45311e+04
     Coulomb-14        LJ (SR)  Disper. corr.   Coulomb (SR)   Coul. recip.
    3.08919e+05   -1.65480e+04   -8.56945e+01   -3.67663e+05    4.83615e+03
      LJ recip.      Potential    Kinetic En.   Total Energy  Conserved En.
   -4.90476e+04    1.31389e+04    9.53154e+04    1.08454e+05    1.20951e+05
    Temperature Pres. DC (bar) Pressure (bar)   Constr. rmsd
    3.00741e+02   -4.03649e+00   -4.70623e+01    0.00000e+00

          Box-X          Box-Y          Box-Z
    5.96742e+00    5.96742e+00    9.90373e+00

   Total Virial (kJ/mol)
    3.05627e+04   -4.38012e+01   -5.42885e+02
   -4.38005e+01    3.19872e+04    6.23727e+01
   -5.42886e+02    6.23739e+01    3.42639e+04

   Pressure (bar)
    3.04351e+01    7.77798e+00    6.20262e+01
    7.77792e+00   -8.33398e+01   -1.21345e+01
    6.20263e+01   -1.21346e+01   -8.82823e+01


       P P   -   P M E   L O A D   B A L A N C I N G

 PP/PME load balancing changed the cut-off and PME settings:
           particle-particle                    PME
            rcoulomb  rlist            grid      spacing   1/beta
   initial  1.000 nm  1.000 nm      52  52  84   0.119 nm  0.320 nm
   final    1.250 nm  1.250 nm      40  40  72   0.150 nm  0.400 nm
 cost-ratio           1.95             0.51
 (note that these numbers concern only part of the total PP and PME load)

NOTE: PME load balancing increased the non-bonded workload by more than 50%.
      For better performance, use (more) PME ranks (mdrun -npme),
      or if you are beyond the scaling limit, use fewer total ranks (or nodes).

	M E G A - F L O P S   A C C O U N T I N G

 NB=Group-cutoff nonbonded kernels    NxN=N-by-N cluster Verlet kernels
 RF=Reaction-Field  VdW=Van der Waals  QSTab=quadratic-spline table
 W3=SPC/TIP3p  W4=TIP4p (single or pairs)
 V&F=Potential and force  V=Potential only  F=Force only

 Computing:                               M-Number         M-Flops  % Flops
-----------------------------------------------------------------------------
 Pair Search distance check             789.783504        7108.052     0.1
 NxN Ewald Elec. + LJ [F]            113898.812544    11617678.879    88.9
 NxN Ewald Elec. + LJ [V&F]            1174.967808      164495.493     1.3
 NxN Ewald Elec. [F]                   8401.846464      512512.634     3.9
 NxN Ewald Elec. [V&F]                   86.618240        7275.932     0.1
 1,4 nonbonded interactions             371.234232       33411.081     0.3
 Calc Weights                           475.054992       17101.980     0.1
 Spread Q Bspline                     20269.012992       40538.026     0.3
 Gather F Bspline                     20269.012992      121614.078     0.9
 3D-FFT                               47475.692588      379805.541     2.9
 Solve PME                              224.870400       14391.706     0.1
 Reset In Box                             1.614864           4.845     0.0
 CG-CoM                                   1.646528           4.940     0.0
 Bonds                                   58.931784        3476.975     0.0
 Angles                                 270.174024       45389.236     0.3
 Propers                                 11.522304        2638.608     0.0
 RB-Dihedrals                           354.590904       87583.953     0.7
 Virial                                   5.324864          95.848     0.0
 Stop-CM                                  1.646528          16.465     0.0
 P-Coupling                               3.989664          23.938     0.0
 Calc-Ekin                               15.895328         429.174     0.0
 Lincs                                   93.816256        5628.975     0.0
 Lincs-Mat                              396.717888        1586.872     0.0
 Constraint-V                           187.595008        1500.760     0.0
 Constraint-Vir                           2.831552          67.957     0.0
-----------------------------------------------------------------------------
 Total                                                13064381.947   100.0
-----------------------------------------------------------------------------


    D O M A I N   D E C O M P O S I T I O N   S T A T I S T I C S

 av. #atoms communicated per step for force:  2 x 108476.9


Dynamic load balancing report:
 DLB was off during the run due to low measured imbalance.
 Average load imbalance: 41.0%.
 The balanceable part of the MD step is 8%, load imbalance is computed from this.
 Part of the total run time spent waiting due to load imbalance: 3.3%.
 Average PME mesh/force load: 13.560
 Part of the total run time spent waiting due to PP/PME imbalance: 57.1 %

NOTE: 57.1 % performance was lost because the PME ranks
      had more work to do than the PP ranks.
      You might want to increase the number of PME ranks
      or increase the cut-off and the grid spacing.


     R E A L   C Y C L E   A N D   T I M E   A C C O U N T I N G

On 80 MPI ranks doing PP, and
on 48 MPI ranks doing PME

 Computing:          Num   Num      Call    Wall time         Giga-Cycles
                     Ranks Threads  Count      (s)         total sum    %
-----------------------------------------------------------------------------
 Domain decomp.        80    1         51      49.996       8982.235   0.5
 DD comm. load         80    1          7       0.108         19.486   0.0
 Send X to PME         80    1       5001      55.019       9884.539   0.5
 Neighbor search       80    1         51       0.533         95.679   0.0
 Comm. coord.          80    1       4950     452.459      81287.684   4.3
 Force                 80    1       5001       8.725       1567.446   0.1
 Wait + Comm. F        80    1       5001     362.905      65198.644   3.5
 PME mesh *            48    1       5001    6373.305     687008.094  36.6
 PME wait for PP *                            163.675      17643.245   0.9
 Wait + Recv. PME F    80    1       5001    5556.115     998199.094  53.1
 NB X/F buffer ops.    80    1      14901       0.106         19.051   0.0
 Write traj.           80    1          8       1.104        198.377   0.0
 Update                80    1       5001       0.049          8.734   0.0
 Constraints           80    1       5003       0.071         12.671   0.0
 Comm. energies        80    1        251      39.952       7177.713   0.4
 Rest                                          10.359       1861.009   0.1
-----------------------------------------------------------------------------
 Total                                       6537.499    1879219.780 100.0
-----------------------------------------------------------------------------
(*) Note that with separate PME ranks, the walltime column actually sums to
    twice the total reported, but the cycle count total and % are correct.
-----------------------------------------------------------------------------
 Breakdown of PME mesh computation
-----------------------------------------------------------------------------
 PME redist. X/F       48    1      15003    3668.251     395417.820  21.0
 PME spread            48    1      10002     757.246      81627.015   4.3
 PME gather            48    1      10002     432.306      46600.324   2.5
 PME 3D-FFT            48    1      20004       1.045        112.665   0.0
 PME 3D-FFT Comm.      48    1      40008    1514.303     163233.769   8.7
 PME solve LJ          48    1       5001       0.076          8.201   0.0
 PME solve Elec        48    1       5001       0.052          5.579   0.0
-----------------------------------------------------------------------------

               Core t (s)   Wall t (s)        (%)
       Time:   836779.031     6537.499    12799.7
                         1h48:57
                 (ns/day)    (hour/ns)
Performance:        0.132      181.561
Finished mdrun on rank 0 Thu Aug 12 16:07:07 2021

