                      :-) GROMACS - gmx mdrun, 2020.5 (-:

                            GROMACS is written by:
     Emile Apol      Rossen Apostolov      Paul Bauer     Herman J.C. Berendsen
    Par Bjelkmar      Christian Blau   Viacheslav Bolnykh     Kevin Boyd    
 Aldert van Buuren   Rudi van Drunen     Anton Feenstra       Alan Gray     
  Gerrit Groenhof     Anca Hamuraru    Vincent Hindriksen  M. Eric Irrgang  
  Aleksei Iupinov   Christoph Junghans     Joe Jordan     Dimitrios Karkoulis
    Peter Kasson        Jiri Kraus      Carsten Kutzner      Per Larsson    
  Justin A. Lemkul    Viveca Lindahl    Magnus Lundborg     Erik Marklund   
    Pascal Merz     Pieter Meulenhoff    Teemu Murtola       Szilard Pall   
    Sander Pronk      Roland Schulz      Michael Shirts    Alexey Shvetsov  
   Alfons Sijbers     Peter Tieleman      Jon Vincent      Teemu Virolainen 
 Christian Wennberg    Maarten Wolf      Artem Zhmurov   
                           and the project leaders:
        Mark Abraham, Berk Hess, Erik Lindahl, and David van der Spoel

Copyright (c) 1991-2000, University of Groningen, The Netherlands.
Copyright (c) 2001-2019, The GROMACS development team at
Uppsala University, Stockholm University and
the Royal Institute of Technology, Sweden.
check out http://www.gromacs.org for more information.

GROMACS is free software; you can redistribute it and/or modify it
under the terms of the GNU Lesser General Public License
as published by the Free Software Foundation; either version 2.1
of the License, or (at your option) any later version.

GROMACS:      gmx mdrun, version 2020.5
Executable:   /jet/home/schwinns/pkgs/gromacs/2020.5/bin/gmx
Data prefix:  /jet/home/schwinns/pkgs/gromacs/2020.5
Working dir:  /ocean/projects/cts160011p/schwinns/Projects/mscg/workflow/atomistic/bilayer/equilibration
Process ID:   92208
Command line:
  gmx mdrun -deffnm npt3

GROMACS version:    2020.5
Verified release checksum is 4d9aa1b4e69850bc4583c1983ce2e0e3a88250cafb8f30ab0290b4dd4413a41e
Precision:          single
Memory model:       64 bit
MPI library:        thread_mpi
OpenMP support:     enabled (GMX_OPENMP_MAX_THREADS = 64)
GPU support:        disabled
SIMD instructions:  AVX2_256
FFT library:        fftw-3.3.8-sse2-avx-avx2-avx2_128
RDTSCP usage:       enabled
TNG support:        enabled
Hwloc support:      hwloc-1.11.9
Tracing support:    disabled
C compiler:         /jet/packages/spack/opt/spack/linux-centos8-zen/gcc-8.3.1/gcc-10.2.0-tfzxq7udz2a53dmujvasy4uz33t27iwv/bin/gcc GNU 10.2.0
C compiler flags:   -mavx2 -mfma -fexcess-precision=fast -funroll-all-loops -O2 -DNDEBUG
C++ compiler:       /jet/packages/spack/opt/spack/linux-centos8-zen/gcc-8.3.1/gcc-10.2.0-tfzxq7udz2a53dmujvasy4uz33t27iwv/bin/g++ GNU 10.2.0
C++ compiler flags: -mavx2 -mfma -fexcess-precision=fast -funroll-all-loops -fopenmp -O2 -DNDEBUG


Running on 1 node with total 128 cores, 128 logical cores
Hardware detected:
  CPU info:
    Vendor: AMD
    Brand:  AMD EPYC 7742 64-Core Processor                
    Family: 23   Model: 49   Stepping: 0
    Features: aes amd apic avx avx2 clfsh cmov cx8 cx16 f16c fma htt lahf misalignsse mmx msr nonstop_tsc pclmuldq pdpe1gb popcnt pse rdrnd rdtscp sha sse2 sse3 sse4a sse4.1 sse4.2 ssse3
  Hardware topology: Only logical processor count


++++ PLEASE READ AND CITE THE FOLLOWING REFERENCE ++++
M. J. Abraham, T. Murtola, R. Schulz, S. Páll, J. C. Smith, B. Hess, E.
Lindahl
GROMACS: High performance molecular simulations through multi-level
parallelism from laptops to supercomputers
SoftwareX 1 (2015) pp. 19-25
-------- -------- --- Thank You --- -------- --------


++++ PLEASE READ AND CITE THE FOLLOWING REFERENCE ++++
S. Páll, M. J. Abraham, C. Kutzner, B. Hess, E. Lindahl
Tackling Exascale Software Challenges in Molecular Dynamics Simulations with
GROMACS
In S. Markidis & E. Laure (Eds.), Solving Software Challenges for Exascale 8759 (2015) pp. 3-27
-------- -------- --- Thank You --- -------- --------


++++ PLEASE READ AND CITE THE FOLLOWING REFERENCE ++++
S. Pronk, S. Páll, R. Schulz, P. Larsson, P. Bjelkmar, R. Apostolov, M. R.
Shirts, J. C. Smith, P. M. Kasson, D. van der Spoel, B. Hess, and E. Lindahl
GROMACS 4.5: a high-throughput and highly parallel open source molecular
simulation toolkit
Bioinformatics 29 (2013) pp. 845-54
-------- -------- --- Thank You --- -------- --------


++++ PLEASE READ AND CITE THE FOLLOWING REFERENCE ++++
B. Hess and C. Kutzner and D. van der Spoel and E. Lindahl
GROMACS 4: Algorithms for highly efficient, load-balanced, and scalable
molecular simulation
J. Chem. Theory Comput. 4 (2008) pp. 435-447
-------- -------- --- Thank You --- -------- --------


++++ PLEASE READ AND CITE THE FOLLOWING REFERENCE ++++
D. van der Spoel, E. Lindahl, B. Hess, G. Groenhof, A. E. Mark and H. J. C.
Berendsen
GROMACS: Fast, Flexible and Free
J. Comp. Chem. 26 (2005) pp. 1701-1719
-------- -------- --- Thank You --- -------- --------


++++ PLEASE READ AND CITE THE FOLLOWING REFERENCE ++++
E. Lindahl and B. Hess and D. van der Spoel
GROMACS 3.0: A package for molecular simulation and trajectory analysis
J. Mol. Mod. 7 (2001) pp. 306-317
-------- -------- --- Thank You --- -------- --------


++++ PLEASE READ AND CITE THE FOLLOWING REFERENCE ++++
H. J. C. Berendsen, D. van der Spoel and R. van Drunen
GROMACS: A message-passing parallel molecular dynamics implementation
Comp. Phys. Comm. 91 (1995) pp. 43-56
-------- -------- --- Thank You --- -------- --------


++++ PLEASE CITE THE DOI FOR THIS VERSION OF GROMACS ++++
https://doi.org/10.5281/zenodo.4420785
-------- -------- --- Thank You --- -------- --------

Input Parameters:
   integrator                     = md
   tinit                          = 0
   dt                             = 0.002
   nsteps                         = 5000
   init-step                      = 0
   simulation-part                = 1
   comm-mode                      = Linear
   nstcomm                        = 100
   bd-fric                        = 0
   ld-seed                        = -106053947
   emtol                          = 10
   emstep                         = 0.01
   niter                          = 20
   fcstep                         = 0
   nstcgsteep                     = 1000
   nbfgscorr                      = 10
   rtpi                           = 0.05
   nstxout                        = 0
   nstvout                        = 0
   nstfout                        = 0
   nstlog                         = 1000
   nstcalcenergy                  = 100
   nstenergy                      = 1000
   nstxout-compressed             = 0
   compressed-x-precision         = 1000
   cutoff-scheme                  = Verlet
   nstlist                        = 40
   pbc                            = xyz
   periodic-molecules             = false
   verlet-buffer-tolerance        = 0.005
   rlist                          = 1
   coulombtype                    = PME
   coulomb-modifier               = Potential-shift
   rcoulomb-switch                = 0
   rcoulomb                       = 1
   epsilon-r                      = 1
   epsilon-rf                     = inf
   vdw-type                       = PME
   vdw-modifier                   = Potential-shift
   rvdw-switch                    = 0
   rvdw                           = 1
   DispCorr                       = EnerPres
   table-extension                = 1
   fourierspacing                 = 0.12
   fourier-nx                     = 52
   fourier-ny                     = 52
   fourier-nz                     = 84
   pme-order                      = 4
   ewald-rtol                     = 1e-05
   ewald-rtol-lj                  = 0.001
   lj-pme-comb-rule               = Geometric
   ewald-geometry                 = 0
   epsilon-surface                = 0
   tcoupl                         = V-rescale
   nsttcouple                     = 40
   nh-chain-length                = 0
   print-nose-hoover-chain-variables = false
   pcoupl                         = Berendsen
   pcoupltype                     = Semiisotropic
   nstpcouple                     = 40
   tau-p                          = 1
   compressibility (3x3):
      compressibility[    0]={ 4.50000e-05,  0.00000e+00,  0.00000e+00}
      compressibility[    1]={ 0.00000e+00,  4.50000e-05,  0.00000e+00}
      compressibility[    2]={ 0.00000e+00,  0.00000e+00,  4.50000e-05}
   ref-p (3x3):
      ref-p[    0]={ 1.00000e+00,  0.00000e+00,  0.00000e+00}
      ref-p[    1]={ 0.00000e+00,  1.00000e+00,  0.00000e+00}
      ref-p[    2]={ 0.00000e+00,  0.00000e+00,  1.00000e+00}
   refcoord-scaling               = No
   posres-com (3):
      posres-com[0]= 0.00000e+00
      posres-com[1]= 0.00000e+00
      posres-com[2]= 0.00000e+00
   posres-comB (3):
      posres-comB[0]= 0.00000e+00
      posres-comB[1]= 0.00000e+00
      posres-comB[2]= 0.00000e+00
   QMMM                           = false
   QMconstraints                  = 0
   QMMMscheme                     = 0
   MMChargeScaleFactor            = 1
qm-opts:
   ngQM                           = 0
   constraint-algorithm           = Lincs
   continuation                   = false
   Shake-SOR                      = false
   shake-tol                      = 0.0001
   lincs-order                    = 4
   lincs-iter                     = 1
   lincs-warnangle                = 30
   nwall                          = 0
   wall-type                      = 9-3
   wall-r-linpot                  = -1
   wall-atomtype[0]               = -1
   wall-atomtype[1]               = -1
   wall-density[0]                = 0
   wall-density[1]                = 0
   wall-ewald-zfac                = 3
   pull                           = false
   awh                            = false
   rotation                       = false
   interactiveMD                  = false
   disre                          = No
   disre-weighting                = Conservative
   disre-mixed                    = false
   dr-fc                          = 1000
   dr-tau                         = 0
   nstdisreout                    = 100
   orire-fc                       = 0
   orire-tau                      = 0
   nstorireout                    = 100
   free-energy                    = no
   cos-acceleration               = 0
   deform (3x3):
      deform[    0]={ 0.00000e+00,  0.00000e+00,  0.00000e+00}
      deform[    1]={ 0.00000e+00,  0.00000e+00,  0.00000e+00}
      deform[    2]={ 0.00000e+00,  0.00000e+00,  0.00000e+00}
   simulated-tempering            = false
   swapcoords                     = no
   userint1                       = 0
   userint2                       = 0
   userint3                       = 0
   userint4                       = 0
   userreal1                      = 0
   userreal2                      = 0
   userreal3                      = 0
   userreal4                      = 0
   applied-forces:
     electric-field:
       x:
         E0                       = 0
         omega                    = 0
         t0                       = 0
         sigma                    = 0
       y:
         E0                       = 0
         omega                    = 0
         t0                       = 0
         sigma                    = 0
       z:
         E0                       = 0
         omega                    = 0
         t0                       = 0
         sigma                    = 0
     density-guided-simulation:
       active                     = false
       group                      = protein
       similarity-measure         = inner-product
       atom-spreading-weight      = unity
       force-constant             = 1e+09
       gaussian-transform-spreading-width = 0.2
       gaussian-transform-spreading-range-in-multiples-of-width = 4
       reference-density-filename = reference.mrc
       nst                        = 1
       normalize-densities        = true
       adaptive-force-scaling     = false
       adaptive-force-scaling-time-constant = 4
grpopts:
   nrdf:       76237
   ref-t:         300
   tau-t:         0.1
annealing:          No
annealing-npoints:           0
   acc:	           0           0           0
   nfreeze:           N           N           N
   energygrp-flags[  0]: 0

Changing nstlist from 40 to 100, rlist from 1 to 1


Initializing Domain Decomposition on 128 ranks
Dynamic load balancing: auto
Using update groups, nr 12912, average size 2.5 atoms, max. radius 0.101 nm
Minimum cell size due to atom displacement: 0.688 nm
Initial maximum distances in bonded interactions:
    two-body bonded interactions: 0.415 nm, LJ-14, atoms 3682 3691
  multi-body bonded interactions: 0.415 nm, Ryckaert-Bell., atoms 3682 3691
Minimum cell size due to bonded interactions: 0.456 nm
Scaling the initial minimum size with 1/0.8 (option -dds) = 1.25
Guess for relative PME load: 0.36
Will use 84 particle-particle and 44 PME only ranks
This is a guess, check the performance at the end of the log file
Using 44 separate PME ranks, as guessed by mdrun
Optimizing the DD grid for 84 cells with a minimum initial size of 0.860 nm
The maximum allowed number of cells is: X 6 Y 6 Z 11
Domain decomposition grid 4 x 3 x 7, separate PME ranks 44
PME domain decomposition: 4 x 11 x 1
Interleaving PP and PME ranks
This rank does only particle-particle work.
Domain decomposition rank 0, coordinates 0 0 0

The initial number of communication pulses is: X 1 Y 1 Z 1
The initial domain decomposition cell size is: X 1.48 nm Y 1.97 nm Z 1.38 nm

The maximum allowed distance for atom groups involved in interactions is:
                 non-bonded interactions           1.202 nm
(the following are initial values, they could change due to box deformation)
            two-body bonded interactions  (-rdd)   1.202 nm
          multi-body bonded interactions  (-rdd)   1.202 nm

When dynamic load balancing gets turned on, these settings will change to:
The maximum number of communication pulses is: X 2 Y 2 Z 2
The minimum size for domain decomposition cells is 0.919 nm
The requested allowed shrink of DD cells (option -dds) is: 0.80
The allowed shrink of domain decomposition cells is: X 0.62 Y 0.47 Z 0.67
The maximum allowed distance for atom groups involved in interactions is:
                 non-bonded interactions           1.202 nm
            two-body bonded interactions  (-rdd)   1.202 nm
          multi-body bonded interactions  (-rdd)   0.919 nm

Using 128 MPI threads

Non-default thread affinity set, disabling internal thread affinity

Using 1 OpenMP thread per tMPI thread

System total charge: 0.000
Will do PME sum in reciprocal space for LJ dispersion interactions.

++++ PLEASE READ AND CITE THE FOLLOWING REFERENCE ++++
U. Essmann, L. Perera, M. L. Berkowitz, T. Darden, H. Lee and L. G. Pedersen 
A smooth particle mesh Ewald method
J. Chem. Phys. 103 (1995) pp. 8577-8592
-------- -------- --- Thank You --- -------- --------

Using a Gaussian width (1/beta) of 0.298423 nm for LJ Ewald
Will do PME sum in reciprocal space for electrostatic interactions.

++++ PLEASE READ AND CITE THE FOLLOWING REFERENCE ++++
U. Essmann, L. Perera, M. L. Berkowitz, T. Darden, H. Lee and L. G. Pedersen 
A smooth particle mesh Ewald method
J. Chem. Phys. 103 (1995) pp. 8577-8592
-------- -------- --- Thank You --- -------- --------

Using a Gaussian width (1/beta) of 0.320163 nm for Ewald
Potential shift: LJ r^-12: -1.000e+00 r^-6: -1.000e-03, Ewald -1.000e-05
Initialized non-bonded Ewald tables, spacing: 9.33e-04 size: 1073

Using shifted Lennard-Jones, switch between 0 and 1 nm
Generated table with 1000 data points for 1-4 COUL.
Tabscale = 500 points/nm
Generated table with 1000 data points for 1-4 LJ6.
Tabscale = 500 points/nm
Generated table with 1000 data points for 1-4 LJ12.
Tabscale = 500 points/nm

Using SIMD 4x8 nonbonded short-range kernels

Using a 4x8 pair-list setup:
  updated every 100 steps, buffer 0.000 nm, rlist 1.000 nm
At tolerance 0.005 kJ/mol/ps per atom, equivalent classical 1x1 list would be:
  updated every 100 steps, buffer 0.171 nm, rlist 1.171 nm

Long Range LJ corr.: <C6> 1.1589e-05

Removing pbc first time

Initializing LINear Constraint Solver

++++ PLEASE READ AND CITE THE FOLLOWING REFERENCE ++++
B. Hess and H. Bekker and H. J. C. Berendsen and J. G. E. M. Fraaije
LINCS: A Linear Constraint Solver for molecular simulations
J. Comp. Chem. 18 (1997) pp. 1463-1472
-------- -------- --- Thank You --- -------- --------

The number of constraints is 18752
Setting the maximum number of constraint warnings to 2147483647

Linking all bonded interactions to atoms

Intra-simulation communication will occur every 20 steps.

++++ PLEASE READ AND CITE THE FOLLOWING REFERENCE ++++
G. Bussi, D. Donadio and M. Parrinello
Canonical sampling through velocity rescaling
J. Chem. Phys. 126 (2007) pp. 014101
-------- -------- --- Thank You --- -------- --------

There are: 31664 Atoms
Atom distribution over 84 domains: av 376 stddev 121 min 44 max 478

Constraining the starting coordinates (step 0)

Constraining the coordinates at t0-dt (step 0)
Center of mass motion removal mode is Linear
We have the following groups for center of mass motion removal:
  0:  rest
RMS relative constraint deviation after constraining: 1.64e-06
Initial temperature: 300.713 K

Started mdrun on rank 0 Fri Aug 13 01:41:02 2021

           Step           Time
              0        0.00000

   Energies (kJ/mol)
           Bond          Angle    Proper Dih. Ryckaert-Bell.          LJ-14
    1.61118e+04    6.25473e+04    5.24534e+02    3.90436e+04    1.43911e+04
     Coulomb-14        LJ (SR)  Disper. corr.   Coulomb (SR)   Coul. recip.
    3.07735e+05    1.39392e+04   -1.43529e+02   -3.74206e+05    8.04086e+03
      LJ recip.      Potential    Kinetic En.   Total Energy  Conserved En.
   -8.18924e+04    6.09095e+03    1.02198e+05    1.08289e+05    1.08271e+05
    Temperature Pres. DC (bar) Pressure (bar)   Constr. rmsd
    3.22458e+02   -7.04634e+00    8.89264e+01    3.73595e-06


DD  step 99 load imb.: force 27.8%  pme mesh/force 14.526
step  600: timed with pme grid 52 52 84, coulomb cutoff 1.000: 164169.4 M-cycles
Writing checkpoint, step 700 at Fri Aug 13 01:56:27 2021


step  800: timed with pme grid 44 44 72, coulomb cutoff 1.121: 150830.2 M-cycles
step 1000: timed with pme grid 40 40 64, coulomb cutoff 1.259: 167698.8 M-cycles

DD  step 999 load imb.: force 26.2%  pme mesh/force 17.722
           Step           Time
           1000        2.00000

   Energies (kJ/mol)
           Bond          Angle    Proper Dih. Ryckaert-Bell.          LJ-14
    1.60251e+04    6.30270e+04    4.93978e+02    3.88096e+04    1.44262e+04
     Coulomb-14        LJ (SR)  Disper. corr.   Coulomb (SR)   Coul. recip.
    3.08166e+05   -3.71096e+04   -5.58276e+01   -3.69307e+05    2.50031e+03
      LJ recip.      Potential    Kinetic En.   Total Energy  Conserved En.
   -3.10818e+04    5.89423e+03    9.54805e+04    1.01375e+05    1.08729e+05
    Temperature Pres. DC (bar) Pressure (bar)   Constr. rmsd
    3.01262e+02   -2.73693e+00   -1.66250e+02    3.00501e-06

step 1200: timed with pme grid 36 36 60, coulomb cutoff 1.370: 168587.9 M-cycles
step 1400: timed with pme grid 32 32 56, coulomb cutoff 1.541: 169977.7 M-cycles
Writing checkpoint, step 1500 at Fri Aug 13 02:11:58 2021


step 1600: timed with pme grid 36 36 56, coulomb cutoff 1.439: 183534.8 M-cycles
step 1800: timed with pme grid 36 36 60, coulomb cutoff 1.370: 187610.7 M-cycles
step 2000: timed with pme grid 40 40 60, coulomb cutoff 1.343: 167500.5 M-cycles

DD  step 1999 load imb.: force 34.7%  pme mesh/force 17.031
           Step           Time
           2000        4.00000

   Energies (kJ/mol)
           Bond          Angle    Proper Dih. Ryckaert-Bell.          LJ-14
    1.60363e+04    6.23143e+04    4.95418e+02    3.87383e+04    1.41930e+04
     Coulomb-14        LJ (SR)  Disper. corr.   Coulomb (SR)   Coul. recip.
    3.07574e+05   -2.76770e+04   -7.15028e+01   -3.69794e+05    3.33924e+03
      LJ recip.      Potential    Kinetic En.   Total Energy  Conserved En.
   -4.01512e+04    4.99635e+03    9.51322e+04    1.00129e+05    1.08957e+05
    Temperature Pres. DC (bar) Pressure (bar)   Constr. rmsd
    3.00163e+02   -3.49371e+00   -3.65968e+02    3.05769e-06

step 2200: timed with pme grid 40 40 64, coulomb cutoff 1.259: 171306.9 M-cycles
Writing checkpoint, step 2300 at Fri Aug 13 02:28:10 2021


step 2400: timed with pme grid 40 40 72, coulomb cutoff 1.233: 164872.4 M-cycles
step 2600: timed with pme grid 42 42 72, coulomb cutoff 1.174: 192413.3 M-cycles
step 2800: timed with pme grid 44 44 72, coulomb cutoff 1.121: 190748.4 M-cycles
step 3000: timed with pme grid 48 48 80, coulomb cutoff 1.027: 147534.8 M-cycles

DD  step 2999 load imb.: force 40.8%  pme mesh/force 15.192
           Step           Time
           3000        6.00000

Writing checkpoint, step 3000 at Fri Aug 13 02:41:41 2021


   Energies (kJ/mol)
           Bond          Angle    Proper Dih. Ryckaert-Bell.          LJ-14
    1.58890e+04    6.26545e+04    5.25763e+02    3.91010e+04    1.44364e+04
     Coulomb-14        LJ (SR)  Disper. corr.   Coulomb (SR)   Coul. recip.
    3.07429e+05    1.20872e+04   -1.40388e+02   -3.74356e+05    7.71944e+03
      LJ recip.      Potential    Kinetic En.   Total Energy  Conserved En.
   -8.01749e+04    5.17110e+03    9.48767e+04    1.00048e+05    1.09165e+05
    Temperature Pres. DC (bar) Pressure (bar)   Constr. rmsd
    2.99357e+02   -6.90392e+00   -2.75366e+02    2.95951e-06

step 3200: timed with pme grid 52 52 80, coulomb cutoff 1.007: 165413.6 M-cycles
step 3400: timed with pme grid 52 52 84, coulomb cutoff 1.000: 149870.3 M-cycles
step 3600: timed with pme grid 40 40 72, coulomb cutoff 1.233: 173642.6 M-cycles
step 3800: timed with pme grid 44 44 72, coulomb cutoff 1.121: 142755.6 M-cycles
Writing checkpoint, step 3800 at Fri Aug 13 02:56:38 2021


step 4000: timed with pme grid 48 48 80, coulomb cutoff 1.027: 163247.2 M-cycles

DD  step 3999 load imb.: force 25.3%  pme mesh/force 17.272
           Step           Time
           4000        8.00000

   Energies (kJ/mol)
           Bond          Angle    Proper Dih. Ryckaert-Bell.          LJ-14
    1.54234e+04    6.23798e+04    5.05781e+02    3.87206e+04    1.43662e+04
     Coulomb-14        LJ (SR)  Disper. corr.   Coulomb (SR)   Coul. recip.
    3.07490e+05    1.20762e+04   -1.40693e+02   -3.74542e+05    7.74586e+03
      LJ recip.      Potential    Kinetic En.   Total Energy  Conserved En.
   -7.99547e+04    4.07025e+03    9.56838e+04    9.97540e+04    1.09259e+05
    Temperature Pres. DC (bar) Pressure (bar)   Constr. rmsd
    3.01904e+02   -6.93395e+00   -1.63054e+02    2.99296e-06

step 4200: timed with pme grid 52 52 80, coulomb cutoff 1.007: 164743.2 M-cycles
step 4400: timed with pme grid 52 52 84, coulomb cutoff 1.000: 182879.6 M-cycles
step 4600: timed with pme grid 44 44 72, coulomb cutoff 1.121: 148372.1 M-cycles
Writing checkpoint, step 4600 at Fri Aug 13 03:11:49 2021


step 4800: timed with pme grid 48 48 80, coulomb cutoff 1.027: 150741.9 M-cycles
step 5000: timed with pme grid 52 52 84, coulomb cutoff 1.000: 173066.4 M-cycles
              optimal pme grid 44 44 72, coulomb cutoff 1.121

DD  step 4999 load imb.: force 27.4%  pme mesh/force 15.532
           Step           Time
           5000       10.00000

Writing checkpoint, step 5000 at Fri Aug 13 03:19:01 2021


   Energies (kJ/mol)
           Bond          Angle    Proper Dih. Ryckaert-Bell.          LJ-14
    1.58027e+04    6.24266e+04    5.21672e+02    3.90814e+04    1.42163e+04
     Coulomb-14        LJ (SR)  Disper. corr.   Coulomb (SR)   Coul. recip.
    3.07239e+05   -1.08536e+04   -1.02686e+02   -3.70919e+05    5.21139e+03
      LJ recip.      Potential    Kinetic En.   Total Energy  Conserved En.
   -5.73987e+04    5.22516e+03    9.51358e+04    1.00361e+05    1.09562e+05
    Temperature Pres. DC (bar) Pressure (bar)   Constr. rmsd
    3.00175e+02   -5.09040e+00   -2.43833e+02    2.99641e-06


	<======  ###############  ==>
	<====  A V E R A G E S  ====>
	<==  ###############  ======>

	Statistics over 5001 steps using 51 frames

   Energies (kJ/mol)
           Bond          Angle    Proper Dih. Ryckaert-Bell.          LJ-14
    1.58857e+04    6.27664e+04    5.16336e+02    3.89314e+04    1.43243e+04
     Coulomb-14        LJ (SR)  Disper. corr.   Coulomb (SR)   Coul. recip.
    3.07597e+05   -9.45625e+03   -1.03670e+02   -3.71936e+05    5.44696e+03
      LJ recip.      Potential    Kinetic En.   Total Energy  Conserved En.
   -5.86411e+04    5.33042e+03    9.54205e+04    1.00751e+05    1.08994e+05
    Temperature Pres. DC (bar) Pressure (bar)   Constr. rmsd
    3.01073e+02   -5.09863e+00   -5.33956e+01    0.00000e+00

          Box-X          Box-Y          Box-Z
    5.92344e+00    5.92344e+00    9.63864e+00

   Total Virial (kJ/mol)
    2.95768e+04    8.01983e+02   -3.90643e+02
    8.01984e+02    3.22008e+04   -5.08970e+02
   -3.90646e+02   -5.08961e+02    3.52780e+04

   Pressure (bar)
    1.18108e+02   -7.22352e+01    3.66885e+01
   -7.22353e+01   -1.08411e+02    2.73468e+01
    3.66887e+01    2.73459e+01   -1.69884e+02


       P P   -   P M E   L O A D   B A L A N C I N G

 PP/PME load balancing changed the cut-off and PME settings:
           particle-particle                    PME
            rcoulomb  rlist            grid      spacing   1/beta
   initial  1.000 nm  1.000 nm      52  52  84   0.115 nm  0.320 nm
   final    1.121 nm  1.121 nm      44  44  72   0.134 nm  0.359 nm
 cost-ratio           1.41             0.61
 (note that these numbers concern only part of the total PP and PME load)


	M E G A - F L O P S   A C C O U N T I N G

 NB=Group-cutoff nonbonded kernels    NxN=N-by-N cluster Verlet kernels
 RF=Reaction-Field  VdW=Van der Waals  QSTab=quadratic-spline table
 W3=SPC/TIP3p  W4=TIP4p (single or pairs)
 V&F=Potential and force  V=Potential only  F=Force only

 Computing:                               M-Number         M-Flops  % Flops
-----------------------------------------------------------------------------
 Pair Search distance check             778.690810        7008.217     0.1
 NxN Ewald Elec. + LJ [F]            105629.277600    10774186.315    87.7
 NxN Ewald Elec. + LJ [V&F]            1086.014832      152042.076     1.2
 NxN Ewald Elec. [F]                   8899.859232      542891.413     4.4
 NxN Ewald Elec. [V&F]                   91.488752        7685.055     0.1
 1,4 nonbonded interactions             371.234232       33411.081     0.3
 Calc Weights                           475.054992       17101.980     0.1
 Spread Q Bspline                     20269.012992       40538.026     0.3
 Gather F Bspline                     20269.012992      121614.078     1.0
 3D-FFT                               53406.915360      427255.323     3.5
 Solve PME                              224.284192       14354.188     0.1
 Reset In Box                             1.614864           4.845     0.0
 CG-CoM                                   1.646528           4.940     0.0
 Bonds                                   58.931784        3476.975     0.0
 Angles                                 270.174024       45389.236     0.4
 Propers                                 11.522304        2638.608     0.0
 RB-Dihedrals                           354.590904       87583.953     0.7
 Virial                                   5.352044          96.337     0.0
 Stop-CM                                  1.646528          16.465     0.0
 P-Coupling                               3.989664          23.938     0.0
 Calc-Ekin                               15.895328         429.174     0.0
 Lincs                                   93.816256        5628.975     0.0
 Lincs-Mat                              396.717888        1586.872     0.0
 Constraint-V                           187.595008        1500.760     0.0
 Constraint-Vir                           2.831552          67.957     0.0
-----------------------------------------------------------------------------
 Total                                                12286536.787   100.0
-----------------------------------------------------------------------------


    D O M A I N   D E C O M P O S I T I O N   S T A T I S T I C S

 av. #atoms communicated per step for force:  2 x 105431.0


Dynamic load balancing report:
 DLB was off during the run due to low measured imbalance.
 Average load imbalance: 31.5%.
 The balanceable part of the MD step is 8%, load imbalance is computed from this.
 Part of the total run time spent waiting due to load imbalance: 2.5%.
 Average PME mesh/force load: 15.286
 Part of the total run time spent waiting due to PP/PME imbalance: 60.5 %

NOTE: 60.5 % performance was lost because the PME ranks
      had more work to do than the PP ranks.
      You might want to increase the number of PME ranks
      or increase the cut-off and the grid spacing.


     R E A L   C Y C L E   A N D   T I M E   A C C O U N T I N G

On 84 MPI ranks doing PP, and
on 44 MPI ranks doing PME

 Computing:          Num   Num      Call    Wall time         Giga-Cycles
                     Ranks Threads  Count      (s)         total sum    %
-----------------------------------------------------------------------------
 Domain decomp.        84    1         51      50.916       9604.996   0.6
 DD comm. load         84    1          7       0.132         24.953   0.0
 Send X to PME         84    1       5001      47.515       8963.386   0.5
 Neighbor search       84    1         51       0.374         70.493   0.0
 Comm. coord.          84    1       4950     384.929      72613.824   4.3
 Force                 84    1       5001       7.085       1336.544   0.1
 Wait + Comm. F        84    1       5001     297.967      56209.139   3.3
 PME mesh *            44    1       5001    5731.525     566346.849  33.5
 PME wait for PP *                            147.419      14566.872   0.9
 Wait + Recv. PME F    84    1       5001    5049.162     952485.233  56.4
 NB X/F buffer ops.    84    1      14901       0.094         17.823   0.0
 Write traj.           84    1          7       0.812        153.112   0.0
 Update                84    1       5001       0.028          5.261   0.0
 Constraints           84    1       5003       0.057         10.662   0.0
 Comm. energies        84    1        251      31.492       5940.630   0.4
 Rest                                           8.746       1649.882   0.1
-----------------------------------------------------------------------------
 Total                                       5879.309    1690035.713 100.0
-----------------------------------------------------------------------------
(*) Note that with separate PME ranks, the walltime column actually sums to
    twice the total reported, but the cycle count total and % are correct.
-----------------------------------------------------------------------------
 Breakdown of PME mesh computation
-----------------------------------------------------------------------------
 PME redist. X/F       44    1      15003    3372.915     333286.460  19.7
 PME spread            44    1      10002     747.485      73860.889   4.4
 PME gather            44    1      10002     383.167      37861.697   2.2
 PME 3D-FFT            44    1      20004       0.745         73.611   0.0
 PME 3D-FFT Comm.      44    1      40008    1227.071     121250.115   7.2
 PME solve LJ          44    1       5001       0.084          8.261   0.0
 PME solve Elec        44    1       5001       0.042          4.112   0.0
-----------------------------------------------------------------------------

               Core t (s)   Wall t (s)        (%)
       Time:   752533.617     5879.309    12799.7
                         1h37:59
                 (ns/day)    (hour/ns)
Performance:        0.147      163.281
Finished mdrun on rank 0 Fri Aug 13 03:19:02 2021

