                      :-) GROMACS - gmx mdrun, 2020.5 (-:

                            GROMACS is written by:
     Emile Apol      Rossen Apostolov      Paul Bauer     Herman J.C. Berendsen
    Par Bjelkmar      Christian Blau   Viacheslav Bolnykh     Kevin Boyd    
 Aldert van Buuren   Rudi van Drunen     Anton Feenstra       Alan Gray     
  Gerrit Groenhof     Anca Hamuraru    Vincent Hindriksen  M. Eric Irrgang  
  Aleksei Iupinov   Christoph Junghans     Joe Jordan     Dimitrios Karkoulis
    Peter Kasson        Jiri Kraus      Carsten Kutzner      Per Larsson    
  Justin A. Lemkul    Viveca Lindahl    Magnus Lundborg     Erik Marklund   
    Pascal Merz     Pieter Meulenhoff    Teemu Murtola       Szilard Pall   
    Sander Pronk      Roland Schulz      Michael Shirts    Alexey Shvetsov  
   Alfons Sijbers     Peter Tieleman      Jon Vincent      Teemu Virolainen 
 Christian Wennberg    Maarten Wolf      Artem Zhmurov   
                           and the project leaders:
        Mark Abraham, Berk Hess, Erik Lindahl, and David van der Spoel

Copyright (c) 1991-2000, University of Groningen, The Netherlands.
Copyright (c) 2001-2019, The GROMACS development team at
Uppsala University, Stockholm University and
the Royal Institute of Technology, Sweden.
check out http://www.gromacs.org for more information.

GROMACS is free software; you can redistribute it and/or modify it
under the terms of the GNU Lesser General Public License
as published by the Free Software Foundation; either version 2.1
of the License, or (at your option) any later version.

GROMACS:      gmx mdrun, version 2020.5
Executable:   /jet/home/schwinns/pkgs/gromacs/2020.5/bin/gmx
Data prefix:  /jet/home/schwinns/pkgs/gromacs/2020.5
Working dir:  /ocean/projects/cts160011p/schwinns/Projects/mscg/workflow/atomistic/bilayer/equilibration
Process ID:   22441
Command line:
  gmx mdrun -deffnm npt4

GROMACS version:    2020.5
Verified release checksum is 4d9aa1b4e69850bc4583c1983ce2e0e3a88250cafb8f30ab0290b4dd4413a41e
Precision:          single
Memory model:       64 bit
MPI library:        thread_mpi
OpenMP support:     enabled (GMX_OPENMP_MAX_THREADS = 64)
GPU support:        disabled
SIMD instructions:  AVX2_256
FFT library:        fftw-3.3.8-sse2-avx-avx2-avx2_128
RDTSCP usage:       enabled
TNG support:        enabled
Hwloc support:      hwloc-1.11.9
Tracing support:    disabled
C compiler:         /jet/packages/spack/opt/spack/linux-centos8-zen/gcc-8.3.1/gcc-10.2.0-tfzxq7udz2a53dmujvasy4uz33t27iwv/bin/gcc GNU 10.2.0
C compiler flags:   -mavx2 -mfma -fexcess-precision=fast -funroll-all-loops -O2 -DNDEBUG
C++ compiler:       /jet/packages/spack/opt/spack/linux-centos8-zen/gcc-8.3.1/gcc-10.2.0-tfzxq7udz2a53dmujvasy4uz33t27iwv/bin/g++ GNU 10.2.0
C++ compiler flags: -mavx2 -mfma -fexcess-precision=fast -funroll-all-loops -fopenmp -O2 -DNDEBUG


Running on 1 node with total 128 cores, 128 logical cores
Hardware detected:
  CPU info:
    Vendor: AMD
    Brand:  AMD EPYC 7742 64-Core Processor                
    Family: 23   Model: 49   Stepping: 0
    Features: aes amd apic avx avx2 clfsh cmov cx8 cx16 f16c fma htt lahf misalignsse mmx msr nonstop_tsc pclmuldq pdpe1gb popcnt pse rdrnd rdtscp sha sse2 sse3 sse4a sse4.1 sse4.2 ssse3
  Hardware topology: Only logical processor count


++++ PLEASE READ AND CITE THE FOLLOWING REFERENCE ++++
M. J. Abraham, T. Murtola, R. Schulz, S. Páll, J. C. Smith, B. Hess, E.
Lindahl
GROMACS: High performance molecular simulations through multi-level
parallelism from laptops to supercomputers
SoftwareX 1 (2015) pp. 19-25
-------- -------- --- Thank You --- -------- --------


++++ PLEASE READ AND CITE THE FOLLOWING REFERENCE ++++
S. Páll, M. J. Abraham, C. Kutzner, B. Hess, E. Lindahl
Tackling Exascale Software Challenges in Molecular Dynamics Simulations with
GROMACS
In S. Markidis & E. Laure (Eds.), Solving Software Challenges for Exascale 8759 (2015) pp. 3-27
-------- -------- --- Thank You --- -------- --------


++++ PLEASE READ AND CITE THE FOLLOWING REFERENCE ++++
S. Pronk, S. Páll, R. Schulz, P. Larsson, P. Bjelkmar, R. Apostolov, M. R.
Shirts, J. C. Smith, P. M. Kasson, D. van der Spoel, B. Hess, and E. Lindahl
GROMACS 4.5: a high-throughput and highly parallel open source molecular
simulation toolkit
Bioinformatics 29 (2013) pp. 845-54
-------- -------- --- Thank You --- -------- --------


++++ PLEASE READ AND CITE THE FOLLOWING REFERENCE ++++
B. Hess and C. Kutzner and D. van der Spoel and E. Lindahl
GROMACS 4: Algorithms for highly efficient, load-balanced, and scalable
molecular simulation
J. Chem. Theory Comput. 4 (2008) pp. 435-447
-------- -------- --- Thank You --- -------- --------


++++ PLEASE READ AND CITE THE FOLLOWING REFERENCE ++++
D. van der Spoel, E. Lindahl, B. Hess, G. Groenhof, A. E. Mark and H. J. C.
Berendsen
GROMACS: Fast, Flexible and Free
J. Comp. Chem. 26 (2005) pp. 1701-1719
-------- -------- --- Thank You --- -------- --------


++++ PLEASE READ AND CITE THE FOLLOWING REFERENCE ++++
E. Lindahl and B. Hess and D. van der Spoel
GROMACS 3.0: A package for molecular simulation and trajectory analysis
J. Mol. Mod. 7 (2001) pp. 306-317
-------- -------- --- Thank You --- -------- --------


++++ PLEASE READ AND CITE THE FOLLOWING REFERENCE ++++
H. J. C. Berendsen, D. van der Spoel and R. van Drunen
GROMACS: A message-passing parallel molecular dynamics implementation
Comp. Phys. Comm. 91 (1995) pp. 43-56
-------- -------- --- Thank You --- -------- --------


++++ PLEASE CITE THE DOI FOR THIS VERSION OF GROMACS ++++
https://doi.org/10.5281/zenodo.4420785
-------- -------- --- Thank You --- -------- --------

Input Parameters:
   integrator                     = md
   tinit                          = 0
   dt                             = 0.002
   nsteps                         = 5000
   init-step                      = 0
   simulation-part                = 1
   comm-mode                      = Linear
   nstcomm                        = 100
   bd-fric                        = 0
   ld-seed                        = -679763969
   emtol                          = 10
   emstep                         = 0.01
   niter                          = 20
   fcstep                         = 0
   nstcgsteep                     = 1000
   nbfgscorr                      = 10
   rtpi                           = 0.05
   nstxout                        = 0
   nstvout                        = 0
   nstfout                        = 0
   nstlog                         = 1000
   nstcalcenergy                  = 100
   nstenergy                      = 1000
   nstxout-compressed             = 0
   compressed-x-precision         = 1000
   cutoff-scheme                  = Verlet
   nstlist                        = 40
   pbc                            = xyz
   periodic-molecules             = false
   verlet-buffer-tolerance        = 0.005
   rlist                          = 1
   coulombtype                    = PME
   coulomb-modifier               = Potential-shift
   rcoulomb-switch                = 0
   rcoulomb                       = 1
   epsilon-r                      = 1
   epsilon-rf                     = inf
   vdw-type                       = PME
   vdw-modifier                   = Potential-shift
   rvdw-switch                    = 0
   rvdw                           = 1
   DispCorr                       = EnerPres
   table-extension                = 1
   fourierspacing                 = 0.12
   fourier-nx                     = 52
   fourier-ny                     = 52
   fourier-nz                     = 80
   pme-order                      = 4
   ewald-rtol                     = 1e-05
   ewald-rtol-lj                  = 0.001
   lj-pme-comb-rule               = Geometric
   ewald-geometry                 = 0
   epsilon-surface                = 0
   tcoupl                         = V-rescale
   nsttcouple                     = 40
   nh-chain-length                = 0
   print-nose-hoover-chain-variables = false
   pcoupl                         = Berendsen
   pcoupltype                     = Semiisotropic
   nstpcouple                     = 40
   tau-p                          = 1
   compressibility (3x3):
      compressibility[    0]={ 4.50000e-05,  0.00000e+00,  0.00000e+00}
      compressibility[    1]={ 0.00000e+00,  4.50000e-05,  0.00000e+00}
      compressibility[    2]={ 0.00000e+00,  0.00000e+00,  4.50000e-05}
   ref-p (3x3):
      ref-p[    0]={ 1.00000e+00,  0.00000e+00,  0.00000e+00}
      ref-p[    1]={ 0.00000e+00,  1.00000e+00,  0.00000e+00}
      ref-p[    2]={ 0.00000e+00,  0.00000e+00,  1.00000e+00}
   refcoord-scaling               = No
   posres-com (3):
      posres-com[0]= 0.00000e+00
      posres-com[1]= 0.00000e+00
      posres-com[2]= 0.00000e+00
   posres-comB (3):
      posres-comB[0]= 0.00000e+00
      posres-comB[1]= 0.00000e+00
      posres-comB[2]= 0.00000e+00
   QMMM                           = false
   QMconstraints                  = 0
   QMMMscheme                     = 0
   MMChargeScaleFactor            = 1
qm-opts:
   ngQM                           = 0
   constraint-algorithm           = Lincs
   continuation                   = false
   Shake-SOR                      = false
   shake-tol                      = 0.0001
   lincs-order                    = 4
   lincs-iter                     = 1
   lincs-warnangle                = 30
   nwall                          = 0
   wall-type                      = 9-3
   wall-r-linpot                  = -1
   wall-atomtype[0]               = -1
   wall-atomtype[1]               = -1
   wall-density[0]                = 0
   wall-density[1]                = 0
   wall-ewald-zfac                = 3
   pull                           = false
   awh                            = false
   rotation                       = false
   interactiveMD                  = false
   disre                          = No
   disre-weighting                = Conservative
   disre-mixed                    = false
   dr-fc                          = 1000
   dr-tau                         = 0
   nstdisreout                    = 100
   orire-fc                       = 0
   orire-tau                      = 0
   nstorireout                    = 100
   free-energy                    = no
   cos-acceleration               = 0
   deform (3x3):
      deform[    0]={ 0.00000e+00,  0.00000e+00,  0.00000e+00}
      deform[    1]={ 0.00000e+00,  0.00000e+00,  0.00000e+00}
      deform[    2]={ 0.00000e+00,  0.00000e+00,  0.00000e+00}
   simulated-tempering            = false
   swapcoords                     = no
   userint1                       = 0
   userint2                       = 0
   userint3                       = 0
   userint4                       = 0
   userreal1                      = 0
   userreal2                      = 0
   userreal3                      = 0
   userreal4                      = 0
   applied-forces:
     electric-field:
       x:
         E0                       = 0
         omega                    = 0
         t0                       = 0
         sigma                    = 0
       y:
         E0                       = 0
         omega                    = 0
         t0                       = 0
         sigma                    = 0
       z:
         E0                       = 0
         omega                    = 0
         t0                       = 0
         sigma                    = 0
     density-guided-simulation:
       active                     = false
       group                      = protein
       similarity-measure         = inner-product
       atom-spreading-weight      = unity
       force-constant             = 1e+09
       gaussian-transform-spreading-width = 0.2
       gaussian-transform-spreading-range-in-multiples-of-width = 4
       reference-density-filename = reference.mrc
       nst                        = 1
       normalize-densities        = true
       adaptive-force-scaling     = false
       adaptive-force-scaling-time-constant = 4
grpopts:
   nrdf:       76237
   ref-t:         300
   tau-t:         0.1
annealing:          No
annealing-npoints:           0
   acc:	           0           0           0
   nfreeze:           N           N           N
   energygrp-flags[  0]: 0

Changing nstlist from 40 to 100, rlist from 1 to 1


Initializing Domain Decomposition on 128 ranks
Dynamic load balancing: auto
Using update groups, nr 12912, average size 2.5 atoms, max. radius 0.101 nm
Minimum cell size due to atom displacement: 0.688 nm
Initial maximum distances in bonded interactions:
    two-body bonded interactions: 0.411 nm, LJ-14, atoms 17255 17246
  multi-body bonded interactions: 0.411 nm, Ryckaert-Bell., atoms 17255 17246
Minimum cell size due to bonded interactions: 0.452 nm
Scaling the initial minimum size with 1/0.8 (option -dds) = 1.25
Guess for relative PME load: 0.35
Will use 84 particle-particle and 44 PME only ranks
This is a guess, check the performance at the end of the log file
Using 44 separate PME ranks, as guessed by mdrun
Optimizing the DD grid for 84 cells with a minimum initial size of 0.860 nm
The maximum allowed number of cells is: X 6 Y 6 Z 11
Domain decomposition grid 4 x 3 x 7, separate PME ranks 44
PME domain decomposition: 4 x 11 x 1
Interleaving PP and PME ranks
This rank does only particle-particle work.
Domain decomposition rank 0, coordinates 0 0 0

The initial number of communication pulses is: X 1 Y 1 Z 1
The initial domain decomposition cell size is: X 1.48 nm Y 1.98 nm Z 1.36 nm

The maximum allowed distance for atom groups involved in interactions is:
                 non-bonded interactions           1.202 nm
(the following are initial values, they could change due to box deformation)
            two-body bonded interactions  (-rdd)   1.202 nm
          multi-body bonded interactions  (-rdd)   1.202 nm

When dynamic load balancing gets turned on, these settings will change to:
The maximum number of communication pulses is: X 2 Y 2 Z 2
The minimum size for domain decomposition cells is 0.907 nm
The requested allowed shrink of DD cells (option -dds) is: 0.80
The allowed shrink of domain decomposition cells is: X 0.61 Y 0.46 Z 0.67
The maximum allowed distance for atom groups involved in interactions is:
                 non-bonded interactions           1.202 nm
            two-body bonded interactions  (-rdd)   1.202 nm
          multi-body bonded interactions  (-rdd)   0.907 nm

Using 128 MPI threads

Non-default thread affinity set, disabling internal thread affinity

Using 1 OpenMP thread per tMPI thread

System total charge: 0.000
Will do PME sum in reciprocal space for LJ dispersion interactions.

++++ PLEASE READ AND CITE THE FOLLOWING REFERENCE ++++
U. Essmann, L. Perera, M. L. Berkowitz, T. Darden, H. Lee and L. G. Pedersen 
A smooth particle mesh Ewald method
J. Chem. Phys. 103 (1995) pp. 8577-8592
-------- -------- --- Thank You --- -------- --------

Using a Gaussian width (1/beta) of 0.298423 nm for LJ Ewald
Will do PME sum in reciprocal space for electrostatic interactions.

++++ PLEASE READ AND CITE THE FOLLOWING REFERENCE ++++
U. Essmann, L. Perera, M. L. Berkowitz, T. Darden, H. Lee and L. G. Pedersen 
A smooth particle mesh Ewald method
J. Chem. Phys. 103 (1995) pp. 8577-8592
-------- -------- --- Thank You --- -------- --------

Using a Gaussian width (1/beta) of 0.320163 nm for Ewald
Potential shift: LJ r^-12: -1.000e+00 r^-6: -1.000e-03, Ewald -1.000e-05
Initialized non-bonded Ewald tables, spacing: 9.33e-04 size: 1073

Using shifted Lennard-Jones, switch between 0 and 1 nm
Generated table with 1000 data points for 1-4 COUL.
Tabscale = 500 points/nm
Generated table with 1000 data points for 1-4 LJ6.
Tabscale = 500 points/nm
Generated table with 1000 data points for 1-4 LJ12.
Tabscale = 500 points/nm

Using SIMD 4x8 nonbonded short-range kernels

Using a 4x8 pair-list setup:
  updated every 100 steps, buffer 0.000 nm, rlist 1.000 nm
At tolerance 0.005 kJ/mol/ps per atom, equivalent classical 1x1 list would be:
  updated every 100 steps, buffer 0.172 nm, rlist 1.172 nm

Long Range LJ corr.: <C6> 1.1589e-05

Removing pbc first time

Initializing LINear Constraint Solver

++++ PLEASE READ AND CITE THE FOLLOWING REFERENCE ++++
B. Hess and H. Bekker and H. J. C. Berendsen and J. G. E. M. Fraaije
LINCS: A Linear Constraint Solver for molecular simulations
J. Comp. Chem. 18 (1997) pp. 1463-1472
-------- -------- --- Thank You --- -------- --------

The number of constraints is 18752
Setting the maximum number of constraint warnings to 2147483647

Linking all bonded interactions to atoms

Intra-simulation communication will occur every 20 steps.

++++ PLEASE READ AND CITE THE FOLLOWING REFERENCE ++++
G. Bussi, D. Donadio and M. Parrinello
Canonical sampling through velocity rescaling
J. Chem. Phys. 126 (2007) pp. 014101
-------- -------- --- Thank You --- -------- --------

There are: 31664 Atoms
Atom distribution over 84 domains: av 376 stddev 115 min 52 max 477

Constraining the starting coordinates (step 0)

Constraining the coordinates at t0-dt (step 0)
Center of mass motion removal mode is Linear
We have the following groups for center of mass motion removal:
  0:  rest
RMS relative constraint deviation after constraining: 2.31e-06
Initial temperature: 300.155 K

Started mdrun on rank 0 Mon Aug 16 11:30:58 2021

           Step           Time
              0        0.00000

   Energies (kJ/mol)
           Bond          Angle    Proper Dih. Ryckaert-Bell.          LJ-14
    1.63768e+04    6.24376e+04    5.10912e+02    3.86138e+04    1.43321e+04
     Coulomb-14        LJ (SR)  Disper. corr.   Coulomb (SR)   Coul. recip.
    3.07528e+05    1.37833e+04   -1.44987e+02   -3.74952e+05    8.04563e+03
      LJ recip.      Potential    Kinetic En.   Total Energy  Conserved En.
   -8.17956e+04    4.73577e+03    1.02004e+05    1.06740e+05    1.06749e+05
    Temperature Pres. DC (bar) Pressure (bar)   Constr. rmsd
    3.21846e+02   -7.19001e+00   -1.49576e+01    3.70667e-06


DD  step 99 load imb.: force 32.4%  pme mesh/force 14.798
step  600: timed with pme grid 52 52 80, coulomb cutoff 1.000: 213845.0 M-cycles
Writing checkpoint, step 700 at Mon Aug 16 11:47:36 2021


step  800: timed with pme grid 44 44 72, coulomb cutoff 1.123: 205352.8 M-cycles
step 1000: timed with pme grid 40 40 64, coulomb cutoff 1.242: 229672.7 M-cycles

DD  step 999 load imb.: force 31.6%  pme mesh/force 17.402
           Step           Time
           1000        2.00000

   Energies (kJ/mol)
           Bond          Angle    Proper Dih. Ryckaert-Bell.          LJ-14
    1.52627e+04    6.32494e+04    4.86271e+02    3.87494e+04    1.42847e+04
     Coulomb-14        LJ (SR)  Disper. corr.   Coulomb (SR)   Coul. recip.
    3.07682e+05   -3.77005e+04   -5.67213e+01   -3.69693e+05    2.41438e+03
      LJ recip.      Potential    Kinetic En.   Total Energy  Conserved En.
   -3.10735e+04    3.60486e+03    9.45341e+04    9.81390e+04    1.07089e+05
    Temperature Pres. DC (bar) Pressure (bar)   Constr. rmsd
    2.98276e+02   -2.84998e+00    2.30828e+02    2.97761e-06

step 1200: timed with pme grid 36 36 60, coulomb cutoff 1.373: 223857.1 M-cycles
Writing checkpoint, step 1300 at Mon Aug 16 12:02:46 2021


step 1400: timed with pme grid 32 32 52, coulomb cutoff 1.544: 227665.6 M-cycles
step 1400: the maximum allowed grid scaling limits the PME load balancing to a coulomb cut-off of 1.655
step 1600: timed with pme grid 32 32 48, coulomb cutoff 1.655: 226368.0 M-cycles
step 1800: timed with pme grid 32 32 52, coulomb cutoff 1.544: 223074.9 M-cycles
Writing checkpoint, step 1900 at Mon Aug 16 12:17:59 2021


step 2000: timed with pme grid 36 36 52, coulomb cutoff 1.528: 218803.6 M-cycles

DD  step 1999 load imb.: force 27.5%  pme mesh/force 11.538
           Step           Time
           2000        4.00000

   Energies (kJ/mol)
           Bond          Angle    Proper Dih. Ryckaert-Bell.          LJ-14
    1.60941e+04    6.27765e+04    4.87617e+02    3.88777e+04    1.42449e+04
     Coulomb-14        LJ (SR)  Disper. corr.   Coulomb (SR)   Coul. recip.
    3.07673e+05   -4.02912e+04   -5.19890e+01   -3.70078e+05    2.13848e+03
      LJ recip.      Potential    Kinetic En.   Total Energy  Conserved En.
   -2.80953e+04    3.77520e+03    9.53482e+04    9.91234e+04    1.07469e+05
    Temperature Pres. DC (bar) Pressure (bar)   Constr. rmsd
    3.00845e+02   -2.64261e+00   -3.06098e+02    2.93385e-06

step 2200: timed with pme grid 36 36 56, coulomb cutoff 1.419: 212667.0 M-cycles
step 2400: timed with pme grid 36 36 60, coulomb cutoff 1.373: 207471.4 M-cycles
Writing checkpoint, step 2500 at Mon Aug 16 12:32:28 2021


step 2600: timed with pme grid 40 40 60, coulomb cutoff 1.324: 207727.4 M-cycles
step 2800: timed with pme grid 40 40 64, coulomb cutoff 1.242: 213530.0 M-cycles
step 3000: timed with pme grid 40 40 72, coulomb cutoff 1.235: 216658.5 M-cycles

DD  step 2999 load imb.: force 27.9%  pme mesh/force 17.774
           Step           Time
           3000        6.00000

   Energies (kJ/mol)
           Bond          Angle    Proper Dih. Ryckaert-Bell.          LJ-14
    1.60051e+04    6.25107e+04    5.05461e+02    3.87082e+04    1.44590e+04
     Coulomb-14        LJ (SR)  Disper. corr.   Coulomb (SR)   Coul. recip.
    3.08356e+05   -1.89370e+04   -9.27744e+01   -3.72560e+05    4.20297e+03
      LJ recip.      Potential    Kinetic En.   Total Energy  Conserved En.
   -5.00680e+04    3.08920e+03    9.53706e+04    9.84599e+04    1.07659e+05
    Temperature Pres. DC (bar) Pressure (bar)   Constr. rmsd
    3.00916e+02   -4.80736e+00    1.37009e+02    2.96076e-06

Writing checkpoint, step 3100 at Mon Aug 16 12:47:12 2021


step 3200: timed with pme grid 42 42 72, coulomb cutoff 1.177: 207814.0 M-cycles
step 3400: timed with pme grid 44 44 72, coulomb cutoff 1.123: 202656.9 M-cycles
step 3600: timed with pme grid 48 48 72, coulomb cutoff 1.104: 199587.7 M-cycles
step 3800: timed with pme grid 48 48 80, coulomb cutoff 1.029: 208579.4 M-cycles
Writing checkpoint, step 3800 at Mon Aug 16 13:03:40 2021


step 4000: timed with pme grid 52 52 80, coulomb cutoff 1.000: 213247.8 M-cycles

DD  step 3999 load imb.: force 28.5%  pme mesh/force 17.144
           Step           Time
           4000        8.00000

   Energies (kJ/mol)
           Bond          Angle    Proper Dih. Ryckaert-Bell.          LJ-14
    1.62079e+04    6.26562e+04    5.01335e+02    3.86496e+04    1.41010e+04
     Coulomb-14        LJ (SR)  Disper. corr.   Coulomb (SR)   Coul. recip.
    3.06775e+05   -4.71160e+04   -4.13737e+01   -3.67819e+05    1.65969e+03
      LJ recip.      Potential    Kinetic En.   Total Energy  Conserved En.
   -2.18120e+04    3.76243e+03    9.50644e+04    9.88269e+04    1.08203e+05
    Temperature Pres. DC (bar) Pressure (bar)   Constr. rmsd
    2.99949e+02   -2.15939e+00   -7.71417e+02    2.89461e-06

step 4200: timed with pme grid 32 32 52, coulomb cutoff 1.544: 225653.5 M-cycles
step 4400: timed with pme grid 36 36 52, coulomb cutoff 1.528: 217115.9 M-cycles
Writing checkpoint, step 4400 at Mon Aug 16 13:18:49 2021


step 4600: timed with pme grid 36 36 56, coulomb cutoff 1.419: 220870.9 M-cycles
step 4800: timed with pme grid 36 36 60, coulomb cutoff 1.373: 189840.0 M-cycles
step 5000: timed with pme grid 40 40 60, coulomb cutoff 1.324: 203703.5 M-cycles

DD  step 4999 load imb.: force 34.5%  pme mesh/force 13.532
           Step           Time
           5000       10.00000

Writing checkpoint, step 5000 at Mon Aug 16 13:33:04 2021


   Energies (kJ/mol)
           Bond          Angle    Proper Dih. Ryckaert-Bell.          LJ-14
    1.58899e+04    6.25064e+04    4.94500e+02    3.84405e+04    1.43157e+04
     Coulomb-14        LJ (SR)  Disper. corr.   Coulomb (SR)   Coul. recip.
    3.07427e+05   -2.59512e+04   -8.08365e+01   -3.70471e+05    3.50787e+03
      LJ recip.      Potential    Kinetic En.   Total Energy  Conserved En.
   -4.25000e+04    3.57854e+03    9.53584e+04    9.89370e+04    1.08216e+05
    Temperature Pres. DC (bar) Pressure (bar)   Constr. rmsd
    3.00877e+02   -4.27650e+00    1.09669e+02    2.94130e-06


	<======  ###############  ==>
	<====  A V E R A G E S  ====>
	<==  ###############  ======>

	Statistics over 5001 steps using 51 frames

   Energies (kJ/mol)
           Bond          Angle    Proper Dih. Ryckaert-Bell.          LJ-14
    1.59451e+04    6.27295e+04    5.01425e+02    3.85804e+04    1.42514e+04
     Coulomb-14        LJ (SR)  Disper. corr.   Coulomb (SR)   Coul. recip.
    3.07478e+05   -2.45300e+04   -8.11702e+01   -3.71022e+05    3.82660e+03
      LJ recip.      Potential    Kinetic En.   Total Energy  Conserved En.
   -4.41470e+04    3.53139e+03    9.51684e+04    9.86998e+04    1.07575e+05
    Temperature Pres. DC (bar) Pressure (bar)   Constr. rmsd
    3.00278e+02   -4.15732e+00   -8.97936e+01    0.00000e+00

          Box-X          Box-Y          Box-Z
    5.90005e+00    5.90005e+00    9.30878e+00

   Total Virial (kJ/mol)
    2.96240e+04   -2.86232e+02    2.08805e+02
   -2.86230e+02    3.09947e+04   -1.84178e+02
    2.08809e+02   -1.84175e+02    3.71609e+04

   Pressure (bar)
    1.06267e+02    3.50656e+01   -3.22165e+01
    3.50654e+01   -5.06421e+00   -7.14183e+00
   -3.22169e+01   -7.14219e+00   -3.70584e+02


       P P   -   P M E   L O A D   B A L A N C I N G

 PP/PME load balancing changed the cut-off and PME settings:
           particle-particle                    PME
            rcoulomb  rlist            grid      spacing   1/beta
   initial  1.000 nm  1.000 nm      52  52  80   0.119 nm  0.320 nm
   final    1.242 nm  1.242 nm      40  40  64   0.149 nm  0.398 nm
 cost-ratio           1.91             0.47
 (note that these numbers concern only part of the total PP and PME load)

NOTE: PME load balancing increased the non-bonded workload by more than 50%.
      For better performance, use (more) PME ranks (mdrun -npme),
      or if you are beyond the scaling limit, use fewer total ranks (or nodes).

	M E G A - F L O P S   A C C O U N T I N G

 NB=Group-cutoff nonbonded kernels    NxN=N-by-N cluster Verlet kernels
 RF=Reaction-Field  VdW=Van der Waals  QSTab=quadratic-spline table
 W3=SPC/TIP3p  W4=TIP4p (single or pairs)
 V&F=Potential and force  V=Potential only  F=Force only

 Computing:                               M-Number         M-Flops  % Flops
-----------------------------------------------------------------------------
 Pair Search distance check             973.102764        8757.925     0.1
 NxN Ewald Elec. + LJ [F]            142962.785856    14582204.157    89.8
 NxN Ewald Elec. + LJ [V&F]            1469.529632      205734.148     1.3
 NxN Ewald Elec. [F]                  12313.572480      751127.921     4.6
 NxN Ewald Elec. [V&F]                  126.646112       10638.273     0.1
 1,4 nonbonded interactions             371.234232       33411.081     0.2
 Calc Weights                           475.054992       17101.980     0.1
 Spread Q Bspline                     20269.012992       40538.026     0.2
 Gather F Bspline                     20269.012992      121614.078     0.7
 3D-FFT                               38763.970120      310111.761     1.9
 Solve PME                              185.838400       11893.658     0.1
 Reset In Box                             1.614864           4.845     0.0
 CG-CoM                                   1.646528           4.940     0.0
 Bonds                                   58.931784        3476.975     0.0
 Angles                                 270.174024       45389.236     0.3
 Propers                                 11.522304        2638.608     0.0
 RB-Dihedrals                           354.590904       87583.953     0.5
 Virial                                   5.352044          96.337     0.0
 Stop-CM                                  1.646528          16.465     0.0
 P-Coupling                               3.989664          23.938     0.0
 Calc-Ekin                               15.895328         429.174     0.0
 Lincs                                   93.816256        5628.975     0.0
 Lincs-Mat                              396.717888        1586.872     0.0
 Constraint-V                           187.595008        1500.760     0.0
 Constraint-Vir                           2.831552          67.957     0.0
-----------------------------------------------------------------------------
 Total                                                16241582.043   100.0
-----------------------------------------------------------------------------


    D O M A I N   D E C O M P O S I T I O N   S T A T I S T I C S

 av. #atoms communicated per step for force:  2 x 127939.8


Dynamic load balancing report:
 DLB was off during the run due to low measured imbalance.
 Average load imbalance: 30.0%.
 The balanceable part of the MD step is 8%, load imbalance is computed from this.
 Part of the total run time spent waiting due to load imbalance: 2.4%.
 Average PME mesh/force load: 15.038
 Part of the total run time spent waiting due to PP/PME imbalance: 60.2 %

NOTE: 60.2 % performance was lost because the PME ranks
      had more work to do than the PP ranks.
      You might want to increase the number of PME ranks
      or increase the cut-off and the grid spacing.


     R E A L   C Y C L E   A N D   T I M E   A C C O U N T I N G

On 84 MPI ranks doing PP, and
on 44 MPI ranks doing PME

 Computing:          Num   Num      Call    Wall time         Giga-Cycles
                     Ranks Threads  Count      (s)         total sum    %
-----------------------------------------------------------------------------
 Domain decomp.        84    1         51      74.268      14010.084   0.7
 DD comm. load         84    1          7       0.222         41.887   0.0
 Send X to PME         84    1       5001      71.219      13434.903   0.6
 Neighbor search       84    1         51       1.163        219.319   0.0
 Comm. coord.          84    1       4950     514.091      96978.997   4.6
 Force                 84    1       5001      10.800       2037.296   0.1
 Wait + Comm. F        84    1       5001     418.953      79031.981   3.8
 PME mesh *            44    1       5001    7125.766     704113.010  33.4
 PME wait for PP *                            200.588      19820.555   0.9
 Wait + Recv. PME F    84    1       5001    6185.873    1166912.919  55.4
 NB X/F buffer ops.    84    1      14901       0.096         18.199   0.0
 Write traj.           84    1          8       1.137        214.441   0.0
 Update                84    1       5001       0.026          4.828   0.0
 Constraints           84    1       5003       0.061         11.578   0.0
 Comm. energies        84    1        251      37.035       6986.285   0.3
 Rest                                          11.984       2260.734   0.1
-----------------------------------------------------------------------------
 Total                                       7326.929    2106153.828 100.0
-----------------------------------------------------------------------------
(*) Note that with separate PME ranks, the walltime column actually sums to
    twice the total reported, but the cycle count total and % are correct.
-----------------------------------------------------------------------------
 Breakdown of PME mesh computation
-----------------------------------------------------------------------------
 PME redist. X/F       44    1      15003    4273.487     422272.917  20.0
 PME spread            44    1      10002    1050.549     103807.072   4.9
 PME gather            44    1      10002     505.255      49925.388   2.4
 PME 3D-FFT            44    1      20004       0.500         49.418   0.0
 PME 3D-FFT Comm.      44    1      40008    1295.802     128041.131   6.1
 PME solve LJ          44    1       5001       0.067          6.611   0.0
 PME solve Elec        44    1       5001       0.073          7.180   0.0
-----------------------------------------------------------------------------

               Core t (s)   Wall t (s)        (%)
       Time:   937831.654     7326.929    12799.8
                         2h02:06
                 (ns/day)    (hour/ns)
Performance:        0.118      203.485
Finished mdrun on rank 0 Mon Aug 16 13:33:06 2021

