                      :-) GROMACS - gmx mdrun, 2020.5 (-:

                            GROMACS is written by:
     Emile Apol      Rossen Apostolov      Paul Bauer     Herman J.C. Berendsen
    Par Bjelkmar      Christian Blau   Viacheslav Bolnykh     Kevin Boyd    
 Aldert van Buuren   Rudi van Drunen     Anton Feenstra       Alan Gray     
  Gerrit Groenhof     Anca Hamuraru    Vincent Hindriksen  M. Eric Irrgang  
  Aleksei Iupinov   Christoph Junghans     Joe Jordan     Dimitrios Karkoulis
    Peter Kasson        Jiri Kraus      Carsten Kutzner      Per Larsson    
  Justin A. Lemkul    Viveca Lindahl    Magnus Lundborg     Erik Marklund   
    Pascal Merz     Pieter Meulenhoff    Teemu Murtola       Szilard Pall   
    Sander Pronk      Roland Schulz      Michael Shirts    Alexey Shvetsov  
   Alfons Sijbers     Peter Tieleman      Jon Vincent      Teemu Virolainen 
 Christian Wennberg    Maarten Wolf      Artem Zhmurov   
                           and the project leaders:
        Mark Abraham, Berk Hess, Erik Lindahl, and David van der Spoel

Copyright (c) 1991-2000, University of Groningen, The Netherlands.
Copyright (c) 2001-2019, The GROMACS development team at
Uppsala University, Stockholm University and
the Royal Institute of Technology, Sweden.
check out http://www.gromacs.org for more information.

GROMACS is free software; you can redistribute it and/or modify it
under the terms of the GNU Lesser General Public License
as published by the Free Software Foundation; either version 2.1
of the License, or (at your option) any later version.

GROMACS:      gmx mdrun, version 2020.5
Executable:   /jet/home/schwinns/pkgs/gromacs/2020.5/bin/gmx
Data prefix:  /jet/home/schwinns/pkgs/gromacs/2020.5
Working dir:  /ocean/projects/cts160011p/schwinns/Projects/mscg/workflow/atomistic/bilayer/equilibration
Process ID:   49617
Command line:
  gmx mdrun -deffnm npt7

GROMACS version:    2020.5
Verified release checksum is 4d9aa1b4e69850bc4583c1983ce2e0e3a88250cafb8f30ab0290b4dd4413a41e
Precision:          single
Memory model:       64 bit
MPI library:        thread_mpi
OpenMP support:     enabled (GMX_OPENMP_MAX_THREADS = 64)
GPU support:        disabled
SIMD instructions:  AVX2_256
FFT library:        fftw-3.3.8-sse2-avx-avx2-avx2_128
RDTSCP usage:       enabled
TNG support:        enabled
Hwloc support:      hwloc-1.11.9
Tracing support:    disabled
C compiler:         /jet/packages/spack/opt/spack/linux-centos8-zen/gcc-8.3.1/gcc-10.2.0-tfzxq7udz2a53dmujvasy4uz33t27iwv/bin/gcc GNU 10.2.0
C compiler flags:   -mavx2 -mfma -fexcess-precision=fast -funroll-all-loops -O2 -DNDEBUG
C++ compiler:       /jet/packages/spack/opt/spack/linux-centos8-zen/gcc-8.3.1/gcc-10.2.0-tfzxq7udz2a53dmujvasy4uz33t27iwv/bin/g++ GNU 10.2.0
C++ compiler flags: -mavx2 -mfma -fexcess-precision=fast -funroll-all-loops -fopenmp -O2 -DNDEBUG


Running on 1 node with total 128 cores, 128 logical cores
Hardware detected:
  CPU info:
    Vendor: AMD
    Brand:  AMD EPYC 7742 64-Core Processor                
    Family: 23   Model: 49   Stepping: 0
    Features: aes amd apic avx avx2 clfsh cmov cx8 cx16 f16c fma htt lahf misalignsse mmx msr nonstop_tsc pclmuldq pdpe1gb popcnt pse rdrnd rdtscp sha sse2 sse3 sse4a sse4.1 sse4.2 ssse3
  Hardware topology: Only logical processor count


++++ PLEASE READ AND CITE THE FOLLOWING REFERENCE ++++
M. J. Abraham, T. Murtola, R. Schulz, S. Páll, J. C. Smith, B. Hess, E.
Lindahl
GROMACS: High performance molecular simulations through multi-level
parallelism from laptops to supercomputers
SoftwareX 1 (2015) pp. 19-25
-------- -------- --- Thank You --- -------- --------


++++ PLEASE READ AND CITE THE FOLLOWING REFERENCE ++++
S. Páll, M. J. Abraham, C. Kutzner, B. Hess, E. Lindahl
Tackling Exascale Software Challenges in Molecular Dynamics Simulations with
GROMACS
In S. Markidis & E. Laure (Eds.), Solving Software Challenges for Exascale 8759 (2015) pp. 3-27
-------- -------- --- Thank You --- -------- --------


++++ PLEASE READ AND CITE THE FOLLOWING REFERENCE ++++
S. Pronk, S. Páll, R. Schulz, P. Larsson, P. Bjelkmar, R. Apostolov, M. R.
Shirts, J. C. Smith, P. M. Kasson, D. van der Spoel, B. Hess, and E. Lindahl
GROMACS 4.5: a high-throughput and highly parallel open source molecular
simulation toolkit
Bioinformatics 29 (2013) pp. 845-54
-------- -------- --- Thank You --- -------- --------


++++ PLEASE READ AND CITE THE FOLLOWING REFERENCE ++++
B. Hess and C. Kutzner and D. van der Spoel and E. Lindahl
GROMACS 4: Algorithms for highly efficient, load-balanced, and scalable
molecular simulation
J. Chem. Theory Comput. 4 (2008) pp. 435-447
-------- -------- --- Thank You --- -------- --------


++++ PLEASE READ AND CITE THE FOLLOWING REFERENCE ++++
D. van der Spoel, E. Lindahl, B. Hess, G. Groenhof, A. E. Mark and H. J. C.
Berendsen
GROMACS: Fast, Flexible and Free
J. Comp. Chem. 26 (2005) pp. 1701-1719
-------- -------- --- Thank You --- -------- --------


++++ PLEASE READ AND CITE THE FOLLOWING REFERENCE ++++
E. Lindahl and B. Hess and D. van der Spoel
GROMACS 3.0: A package for molecular simulation and trajectory analysis
J. Mol. Mod. 7 (2001) pp. 306-317
-------- -------- --- Thank You --- -------- --------


++++ PLEASE READ AND CITE THE FOLLOWING REFERENCE ++++
H. J. C. Berendsen, D. van der Spoel and R. van Drunen
GROMACS: A message-passing parallel molecular dynamics implementation
Comp. Phys. Comm. 91 (1995) pp. 43-56
-------- -------- --- Thank You --- -------- --------


++++ PLEASE CITE THE DOI FOR THIS VERSION OF GROMACS ++++
https://doi.org/10.5281/zenodo.4420785
-------- -------- --- Thank You --- -------- --------

Input Parameters:
   integrator                     = md
   tinit                          = 0
   dt                             = 0.002
   nsteps                         = 5000
   init-step                      = 0
   simulation-part                = 1
   comm-mode                      = Linear
   nstcomm                        = 100
   bd-fric                        = 0
   ld-seed                        = -1142954105
   emtol                          = 10
   emstep                         = 0.01
   niter                          = 20
   fcstep                         = 0
   nstcgsteep                     = 1000
   nbfgscorr                      = 10
   rtpi                           = 0.05
   nstxout                        = 0
   nstvout                        = 0
   nstfout                        = 0
   nstlog                         = 1000
   nstcalcenergy                  = 100
   nstenergy                      = 1000
   nstxout-compressed             = 0
   compressed-x-precision         = 1000
   cutoff-scheme                  = Verlet
   nstlist                        = 40
   pbc                            = xyz
   periodic-molecules             = false
   verlet-buffer-tolerance        = 0.005
   rlist                          = 1
   coulombtype                    = PME
   coulomb-modifier               = Potential-shift
   rcoulomb-switch                = 0
   rcoulomb                       = 1
   epsilon-r                      = 1
   epsilon-rf                     = inf
   vdw-type                       = PME
   vdw-modifier                   = Potential-shift
   rvdw-switch                    = 0
   rvdw                           = 1
   DispCorr                       = EnerPres
   table-extension                = 1
   fourierspacing                 = 0.12
   fourier-nx                     = 52
   fourier-ny                     = 52
   fourier-nz                     = 80
   pme-order                      = 4
   ewald-rtol                     = 1e-05
   ewald-rtol-lj                  = 0.001
   lj-pme-comb-rule               = Geometric
   ewald-geometry                 = 0
   epsilon-surface                = 0
   tcoupl                         = V-rescale
   nsttcouple                     = 40
   nh-chain-length                = 0
   print-nose-hoover-chain-variables = false
   pcoupl                         = Berendsen
   pcoupltype                     = Semiisotropic
   nstpcouple                     = 40
   tau-p                          = 1
   compressibility (3x3):
      compressibility[    0]={ 4.50000e-05,  0.00000e+00,  0.00000e+00}
      compressibility[    1]={ 0.00000e+00,  4.50000e-05,  0.00000e+00}
      compressibility[    2]={ 0.00000e+00,  0.00000e+00,  4.50000e-05}
   ref-p (3x3):
      ref-p[    0]={ 1.00000e+00,  0.00000e+00,  0.00000e+00}
      ref-p[    1]={ 0.00000e+00,  1.00000e+00,  0.00000e+00}
      ref-p[    2]={ 0.00000e+00,  0.00000e+00,  1.00000e+00}
   refcoord-scaling               = No
   posres-com (3):
      posres-com[0]= 0.00000e+00
      posres-com[1]= 0.00000e+00
      posres-com[2]= 0.00000e+00
   posres-comB (3):
      posres-comB[0]= 0.00000e+00
      posres-comB[1]= 0.00000e+00
      posres-comB[2]= 0.00000e+00
   QMMM                           = false
   QMconstraints                  = 0
   QMMMscheme                     = 0
   MMChargeScaleFactor            = 1
qm-opts:
   ngQM                           = 0
   constraint-algorithm           = Lincs
   continuation                   = false
   Shake-SOR                      = false
   shake-tol                      = 0.0001
   lincs-order                    = 4
   lincs-iter                     = 1
   lincs-warnangle                = 30
   nwall                          = 0
   wall-type                      = 9-3
   wall-r-linpot                  = -1
   wall-atomtype[0]               = -1
   wall-atomtype[1]               = -1
   wall-density[0]                = 0
   wall-density[1]                = 0
   wall-ewald-zfac                = 3
   pull                           = false
   awh                            = false
   rotation                       = false
   interactiveMD                  = false
   disre                          = No
   disre-weighting                = Conservative
   disre-mixed                    = false
   dr-fc                          = 1000
   dr-tau                         = 0
   nstdisreout                    = 100
   orire-fc                       = 0
   orire-tau                      = 0
   nstorireout                    = 100
   free-energy                    = no
   cos-acceleration               = 0
   deform (3x3):
      deform[    0]={ 0.00000e+00,  0.00000e+00,  0.00000e+00}
      deform[    1]={ 0.00000e+00,  0.00000e+00,  0.00000e+00}
      deform[    2]={ 0.00000e+00,  0.00000e+00,  0.00000e+00}
   simulated-tempering            = false
   swapcoords                     = no
   userint1                       = 0
   userint2                       = 0
   userint3                       = 0
   userint4                       = 0
   userreal1                      = 0
   userreal2                      = 0
   userreal3                      = 0
   userreal4                      = 0
   applied-forces:
     electric-field:
       x:
         E0                       = 0
         omega                    = 0
         t0                       = 0
         sigma                    = 0
       y:
         E0                       = 0
         omega                    = 0
         t0                       = 0
         sigma                    = 0
       z:
         E0                       = 0
         omega                    = 0
         t0                       = 0
         sigma                    = 0
     density-guided-simulation:
       active                     = false
       group                      = protein
       similarity-measure         = inner-product
       atom-spreading-weight      = unity
       force-constant             = 1e+09
       gaussian-transform-spreading-width = 0.2
       gaussian-transform-spreading-range-in-multiples-of-width = 4
       reference-density-filename = reference.mrc
       nst                        = 1
       normalize-densities        = true
       adaptive-force-scaling     = false
       adaptive-force-scaling-time-constant = 4
grpopts:
   nrdf:       76237
   ref-t:         300
   tau-t:         0.1
annealing:          No
annealing-npoints:           0
   acc:	           0           0           0
   nfreeze:           N           N           N
   energygrp-flags[  0]: 0

Changing nstlist from 40 to 100, rlist from 1 to 1


Initializing Domain Decomposition on 128 ranks
Dynamic load balancing: auto
Using update groups, nr 12912, average size 2.5 atoms, max. radius 0.101 nm
Minimum cell size due to atom displacement: 0.688 nm
Initial maximum distances in bonded interactions:
    two-body bonded interactions: 0.417 nm, LJ-14, atoms 16406 16412
  multi-body bonded interactions: 0.417 nm, Ryckaert-Bell., atoms 16406 16412
Minimum cell size due to bonded interactions: 0.459 nm
Scaling the initial minimum size with 1/0.8 (option -dds) = 1.25
Guess for relative PME load: 0.34
Will use 84 particle-particle and 44 PME only ranks
This is a guess, check the performance at the end of the log file
Using 44 separate PME ranks, as guessed by mdrun
Optimizing the DD grid for 84 cells with a minimum initial size of 0.860 nm
The maximum allowed number of cells is: X 6 Y 6 Z 10
Domain decomposition grid 4 x 3 x 7, separate PME ranks 44
PME domain decomposition: 4 x 11 x 1
Interleaving PP and PME ranks
This rank does only particle-particle work.
Domain decomposition rank 0, coordinates 0 0 0

The initial number of communication pulses is: X 1 Y 1 Z 1
The initial domain decomposition cell size is: X 1.48 nm Y 1.97 nm Z 1.24 nm

The maximum allowed distance for atom groups involved in interactions is:
                 non-bonded interactions           1.202 nm
(the following are initial values, they could change due to box deformation)
            two-body bonded interactions  (-rdd)   1.202 nm
          multi-body bonded interactions  (-rdd)   1.202 nm

When dynamic load balancing gets turned on, these settings will change to:
The maximum number of communication pulses is: X 2 Y 2 Z 2
The minimum size for domain decomposition cells is 0.851 nm
The requested allowed shrink of DD cells (option -dds) is: 0.80
The allowed shrink of domain decomposition cells is: X 0.58 Y 0.43 Z 0.68
The maximum allowed distance for atom groups involved in interactions is:
                 non-bonded interactions           1.202 nm
            two-body bonded interactions  (-rdd)   1.202 nm
          multi-body bonded interactions  (-rdd)   0.851 nm

Using 128 MPI threads

Non-default thread affinity set, disabling internal thread affinity

Using 1 OpenMP thread per tMPI thread

System total charge: 0.000
Will do PME sum in reciprocal space for LJ dispersion interactions.

++++ PLEASE READ AND CITE THE FOLLOWING REFERENCE ++++
U. Essmann, L. Perera, M. L. Berkowitz, T. Darden, H. Lee and L. G. Pedersen 
A smooth particle mesh Ewald method
J. Chem. Phys. 103 (1995) pp. 8577-8592
-------- -------- --- Thank You --- -------- --------

Using a Gaussian width (1/beta) of 0.298423 nm for LJ Ewald
Will do PME sum in reciprocal space for electrostatic interactions.

++++ PLEASE READ AND CITE THE FOLLOWING REFERENCE ++++
U. Essmann, L. Perera, M. L. Berkowitz, T. Darden, H. Lee and L. G. Pedersen 
A smooth particle mesh Ewald method
J. Chem. Phys. 103 (1995) pp. 8577-8592
-------- -------- --- Thank You --- -------- --------

Using a Gaussian width (1/beta) of 0.320163 nm for Ewald
Potential shift: LJ r^-12: -1.000e+00 r^-6: -1.000e-03, Ewald -1.000e-05
Initialized non-bonded Ewald tables, spacing: 9.33e-04 size: 1073

Using shifted Lennard-Jones, switch between 0 and 1 nm
Generated table with 1000 data points for 1-4 COUL.
Tabscale = 500 points/nm
Generated table with 1000 data points for 1-4 LJ6.
Tabscale = 500 points/nm
Generated table with 1000 data points for 1-4 LJ12.
Tabscale = 500 points/nm

Using SIMD 4x8 nonbonded short-range kernels

Using a 4x8 pair-list setup:
  updated every 100 steps, buffer 0.000 nm, rlist 1.000 nm
At tolerance 0.005 kJ/mol/ps per atom, equivalent classical 1x1 list would be:
  updated every 100 steps, buffer 0.179 nm, rlist 1.179 nm

Long Range LJ corr.: <C6> 1.1589e-05

Removing pbc first time

Initializing LINear Constraint Solver

++++ PLEASE READ AND CITE THE FOLLOWING REFERENCE ++++
B. Hess and H. Bekker and H. J. C. Berendsen and J. G. E. M. Fraaije
LINCS: A Linear Constraint Solver for molecular simulations
J. Comp. Chem. 18 (1997) pp. 1463-1472
-------- -------- --- Thank You --- -------- --------

The number of constraints is 18752
Setting the maximum number of constraint warnings to 2147483647

Linking all bonded interactions to atoms

Intra-simulation communication will occur every 20 steps.

++++ PLEASE READ AND CITE THE FOLLOWING REFERENCE ++++
G. Bussi, D. Donadio and M. Parrinello
Canonical sampling through velocity rescaling
J. Chem. Phys. 126 (2007) pp. 014101
-------- -------- --- Thank You --- -------- --------

There are: 31664 Atoms
Atom distribution over 84 domains: av 376 stddev 43 min 284 max 430

Constraining the starting coordinates (step 0)

Constraining the coordinates at t0-dt (step 0)
Center of mass motion removal mode is Linear
We have the following groups for center of mass motion removal:
  0:  rest
RMS relative constraint deviation after constraining: 2.15e-06
Initial temperature: 299.943 K

Started mdrun on rank 0 Tue Aug 17 17:44:06 2021

           Step           Time
              0        0.00000

   Energies (kJ/mol)
           Bond          Angle    Proper Dih. Ryckaert-Bell.          LJ-14
    1.61566e+04    6.28773e+04    4.86546e+02    3.82019e+04    1.41067e+04
     Coulomb-14        LJ (SR)  Disper. corr.   Coulomb (SR)   Coul. recip.
    3.07605e+05    1.32793e+04   -1.60370e+02   -3.76324e+05    7.70885e+03
      LJ recip.      Potential    Kinetic En.   Total Energy  Conserved En.
   -8.32913e+04    6.46481e+02    1.01951e+05    1.02598e+05    1.02755e+05
    Temperature Pres. DC (bar) Pressure (bar)   Constr. rmsd
    3.21678e+02   -8.79455e+00   -5.39409e+02    3.68300e-06


DD  step 99 load imb.: force 28.2%  pme mesh/force 14.439
step  600: timed with pme grid 52 52 80, coulomb cutoff 1.000: 170836.0 M-cycles
step  800: timed with pme grid 48 48 72, coulomb cutoff 1.025: 178332.2 M-cycles
Writing checkpoint, step 900 at Tue Aug 17 18:01:25 2021


step 1000: timed with pme grid 44 44 64, coulomb cutoff 1.132: 161936.0 M-cycles

DD  step 999 load imb.: force 27.7%  pme mesh/force 15.470
           Step           Time
           1000        2.00000

   Energies (kJ/mol)
           Bond          Angle    Proper Dih. Ryckaert-Bell.          LJ-14
    1.60240e+04    6.26876e+04    4.95872e+02    3.83295e+04    1.42554e+04
     Coulomb-14        LJ (SR)  Disper. corr.   Coulomb (SR)   Coul. recip.
    3.06945e+05   -2.59123e+04   -8.61549e+01   -3.70767e+05    3.47779e+03
      LJ recip.      Potential    Kinetic En.   Total Energy  Conserved En.
   -4.43997e+04    1.04966e+03    9.47461e+04    9.57958e+04    1.03076e+05
    Temperature Pres. DC (bar) Pressure (bar)   Constr. rmsd
    2.98945e+02   -4.74125e+00    3.61061e+01    2.87764e-06

step 1200: timed with pme grid 40 40 60, coulomb cutoff 1.230: 182477.6 M-cycles
step 1400: timed with pme grid 42 42 60, coulomb cutoff 1.208: 186156.5 M-cycles
step 1600: timed with pme grid 42 42 64, coulomb cutoff 1.172: 170864.7 M-cycles
Writing checkpoint, step 1600 at Tue Aug 17 18:15:42 2021


step 1800: timed with pme grid 44 44 64, coulomb cutoff 1.132: 176788.6 M-cycles
step 2000: timed with pme grid 44 44 72, coulomb cutoff 1.118: 205254.0 M-cycles

DD  step 1999 load imb.: force 30.7%  pme mesh/force 15.148
           Step           Time
           2000        4.00000

   Energies (kJ/mol)
           Bond          Angle    Proper Dih. Ryckaert-Bell.          LJ-14
    1.55436e+04    6.25854e+04    5.03084e+02    3.82494e+04    1.44091e+04
     Coulomb-14        LJ (SR)  Disper. corr.   Coulomb (SR)   Coul. recip.
    3.07269e+05    7.03748e+03   -1.48812e+02   -3.74385e+05    7.16137e+03
      LJ recip.      Potential    Kinetic En.   Total Energy  Conserved En.
   -7.72889e+04    9.35971e+02    9.47839e+04    9.57198e+04    1.03177e+05
    Temperature Pres. DC (bar) Pressure (bar)   Constr. rmsd
    2.99064e+02   -8.17722e+00    4.79301e+02    2.85890e-06

step 2200: timed with pme grid 48 48 72, coulomb cutoff 1.025: 210904.2 M-cycles
Writing checkpoint, step 2300 at Tue Aug 17 18:30:44 2021


step 2400: timed with pme grid 52 52 72, coulomb cutoff 1.006: 164278.3 M-cycles
step 2600: timed with pme grid 52 52 80, coulomb cutoff 1.000: 198751.3 M-cycles
              optimal pme grid 44 44 64, coulomb cutoff 1.132

DD  step 2999 load imb.: force 28.8%  pme mesh/force 17.570
           Step           Time
           3000        6.00000

Writing checkpoint, step 3000 at Tue Aug 17 18:44:40 2021


   Energies (kJ/mol)
           Bond          Angle    Proper Dih. Ryckaert-Bell.          LJ-14
    1.58599e+04    6.19216e+04    5.22465e+02    3.85161e+04    1.45027e+04
     Coulomb-14        LJ (SR)  Disper. corr.   Coulomb (SR)   Coul. recip.
    3.06822e+05   -1.34244e+04   -1.10359e+02   -3.71863e+05    4.82125e+03
      LJ recip.      Potential    Kinetic En.   Total Energy  Conserved En.
   -5.70389e+04    5.30027e+02    9.52724e+04    9.58024e+04    1.03475e+05
    Temperature Pres. DC (bar) Pressure (bar)   Constr. rmsd
    3.00606e+02   -6.06888e+00    1.05522e+02    2.86906e-06

Writing checkpoint, step 3800 at Tue Aug 17 19:00:27 2021



DD  step 3999 load imb.: force 28.8%  pme mesh/force 15.862
           Step           Time
           4000        8.00000

   Energies (kJ/mol)
           Bond          Angle    Proper Dih. Ryckaert-Bell.          LJ-14
    1.58543e+04    6.18389e+04    4.98932e+02    3.82196e+04    1.44707e+04
     Coulomb-14        LJ (SR)  Disper. corr.   Coulomb (SR)   Coul. recip.
    3.07188e+05   -1.38617e+04   -1.10488e+02   -3.72272e+05    4.80845e+03
      LJ recip.      Potential    Kinetic En.   Total Energy  Conserved En.
   -5.70390e+04   -4.04435e+02    9.56878e+04    9.52834e+04    1.03676e+05
    Temperature Pres. DC (bar) Pressure (bar)   Constr. rmsd
    3.01916e+02   -6.08302e+00    1.73332e+02    2.86043e-06

Writing checkpoint, step 4600 at Tue Aug 17 19:16:15 2021



DD  step 4999 load imb.: force 25.4%  pme mesh/force 15.893
           Step           Time
           5000       10.00000

Writing checkpoint, step 5000 at Tue Aug 17 19:25:01 2021


   Energies (kJ/mol)
           Bond          Angle    Proper Dih. Ryckaert-Bell.          LJ-14
    1.58962e+04    6.19214e+04    5.03115e+02    3.83981e+04    1.43746e+04
     Coulomb-14        LJ (SR)  Disper. corr.   Coulomb (SR)   Coul. recip.
    3.06785e+05   -1.35360e+04   -1.10695e+02   -3.72271e+05    4.84811e+03
      LJ recip.      Potential    Kinetic En.   Total Energy  Conserved En.
   -5.71710e+04   -3.62005e+02    9.55179e+04    9.51559e+04    1.03912e+05
    Temperature Pres. DC (bar) Pressure (bar)   Constr. rmsd
    3.01380e+02   -6.10579e+00   -9.99696e+01    2.94673e-06


	<======  ###############  ==>
	<====  A V E R A G E S  ====>
	<==  ###############  ======>

	Statistics over 5001 steps using 51 frames

   Energies (kJ/mol)
           Bond          Angle    Proper Dih. Ryckaert-Bell.          LJ-14
    1.58732e+04    6.23385e+04    5.09507e+02    3.83242e+04    1.42905e+04
     Coulomb-14        LJ (SR)  Disper. corr.   Coulomb (SR)   Coul. recip.
    3.06979e+05   -7.70295e+03   -1.21195e+02   -3.72691e+05    5.44252e+03
      LJ recip.      Potential    Kinetic En.   Total Energy  Conserved En.
   -6.27218e+04    5.20762e+02    9.53473e+04    9.58681e+04    1.03389e+05
    Temperature Pres. DC (bar) Pressure (bar)   Constr. rmsd
    3.00842e+02   -6.66518e+00   -3.85792e+01    0.00000e+00

          Box-X          Box-Y          Box-Z
    5.90668e+00    5.90668e+00    8.66105e+00

   Total Virial (kJ/mol)
    3.05232e+04    3.06816e+02   -2.69283e+02
    3.06813e+02    3.20011e+04   -7.40172e+02
   -2.69272e+02   -7.40163e+02    3.38791e+04

   Pressure (bar)
    1.12705e+01   -3.30657e+01    2.94596e+01
   -3.30654e+01   -9.93774e+01    6.39947e+01
    2.94583e+01    6.39938e+01   -2.76308e+01


       P P   -   P M E   L O A D   B A L A N C I N G

 PP/PME load balancing changed the cut-off and PME settings:
           particle-particle                    PME
            rcoulomb  rlist            grid      spacing   1/beta
   initial  1.000 nm  1.000 nm      52  52  80   0.114 nm  0.320 nm
   final    1.132 nm  1.132 nm      44  44  64   0.136 nm  0.363 nm
 cost-ratio           1.45             0.57
 (note that these numbers concern only part of the total PP and PME load)


	M E G A - F L O P S   A C C O U N T I N G

 NB=Group-cutoff nonbonded kernels    NxN=N-by-N cluster Verlet kernels
 RF=Reaction-Field  VdW=Van der Waals  QSTab=quadratic-spline table
 W3=SPC/TIP3p  W4=TIP4p (single or pairs)
 V&F=Potential and force  V=Potential only  F=Force only

 Computing:                               M-Number         M-Flops  % Flops
-----------------------------------------------------------------------------
 Pair Search distance check             764.679682        6882.117     0.1
 NxN Ewald Elec. + LJ [F]             96707.500560     9864165.057    87.3
 NxN Ewald Elec. + LJ [V&F]             997.424816      139639.474     1.2
 NxN Ewald Elec. [F]                   8405.142768      512713.709     4.5
 NxN Ewald Elec. [V&F]                   86.776624        7289.236     0.1
 1,4 nonbonded interactions             371.234232       33411.081     0.3
 Calc Weights                           475.054992       17101.980     0.2
 Spread Q Bspline                     20269.012992       40538.026     0.4
 Gather F Bspline                     20269.012992      121614.078     1.1
 3D-FFT                               49200.234856      393601.879     3.5
 Solve PME                              230.144992       14729.279     0.1
 Reset In Box                             1.614864           4.845     0.0
 CG-CoM                                   1.646528           4.940     0.0
 Bonds                                   58.931784        3476.975     0.0
 Angles                                 270.174024       45389.236     0.4
 Propers                                 11.522304        2638.608     0.0
 RB-Dihedrals                           354.590904       87583.953     0.8
 Virial                                   5.352044          96.337     0.0
 Stop-CM                                  1.646528          16.465     0.0
 P-Coupling                               3.989664          23.938     0.0
 Calc-Ekin                               15.895328         429.174     0.0
 Lincs                                   93.816256        5628.975     0.0
 Lincs-Mat                              396.717888        1586.872     0.0
 Constraint-V                           187.595008        1500.760     0.0
 Constraint-Vir                           2.831552          67.957     0.0
-----------------------------------------------------------------------------
 Total                                                11300134.951   100.0
-----------------------------------------------------------------------------


    D O M A I N   D E C O M P O S I T I O N   S T A T I S T I C S

 av. #atoms communicated per step for force:  2 x 104515.6


Dynamic load balancing report:
 DLB was off during the run due to low measured imbalance.
 Average load imbalance: 27.7%.
 The balanceable part of the MD step is 8%, load imbalance is computed from this.
 Part of the total run time spent waiting due to load imbalance: 2.2%.
 Average PME mesh/force load: 15.620
 Part of the total run time spent waiting due to PP/PME imbalance: 60.5 %

NOTE: 60.5 % performance was lost because the PME ranks
      had more work to do than the PP ranks.
      You might want to increase the number of PME ranks
      or increase the cut-off and the grid spacing.


     R E A L   C Y C L E   A N D   T I M E   A C C O U N T I N G

On 84 MPI ranks doing PP, and
on 44 MPI ranks doing PME

 Computing:          Num   Num      Call    Wall time         Giga-Cycles
                     Ranks Threads  Count      (s)         total sum    %
-----------------------------------------------------------------------------
 Domain decomp.        84    1         51      46.422       8757.165   0.5
 DD comm. load         84    1          7       0.186         35.066   0.0
 Send X to PME         84    1       5001      50.872       9596.680   0.6
 Neighbor search       84    1         51       1.093        206.157   0.0
 Comm. coord.          84    1       4950     393.075      74150.557   4.3
 Force                 84    1       5001       8.798       1659.689   0.1
 Wait + Comm. F        84    1       5001     301.542      56883.514   3.3
 PME mesh *            44    1       5001    5909.912     583973.670  33.6
 PME wait for PP *                            144.419      14270.415   0.8
 Wait + Recv. PME F    84    1       5001    5212.907     983374.312  56.5
 NB X/F buffer ops.    84    1      14901       0.118         22.271   0.0
 Write traj.           84    1          7       0.910        171.712   0.0
 Update                84    1       5001       0.052          9.806   0.0
 Constraints           84    1       5003       0.075         14.099   0.0
 Comm. energies        84    1        251      33.007       6226.460   0.4
 Rest                                           5.834       1100.498   0.1
-----------------------------------------------------------------------------
 Total                                       6054.891    1740507.406 100.0
-----------------------------------------------------------------------------
(*) Note that with separate PME ranks, the walltime column actually sums to
    twice the total reported, but the cycle count total and % are correct.
-----------------------------------------------------------------------------
 Breakdown of PME mesh computation
-----------------------------------------------------------------------------
 PME redist. X/F       44    1      15003    3558.907     351664.833  20.2
 PME spread            44    1      10002     707.807      69940.197   4.0
 PME gather            44    1      10002     343.711      33963.021   2.0
 PME 3D-FFT            44    1      20004       1.174        116.040   0.0
 PME 3D-FFT Comm.      44    1      40008    1298.100     128268.606   7.4
 PME solve LJ          44    1       5001       0.094          9.252   0.0
 PME solve Elec        44    1       5001       0.086          8.492   0.0
-----------------------------------------------------------------------------

               Core t (s)   Wall t (s)        (%)
       Time:   775010.880     6054.891    12799.8
                         1h40:54
                 (ns/day)    (hour/ns)
Performance:        0.143      168.158
Finished mdrun on rank 0 Tue Aug 17 19:25:02 2021

