                      :-) GROMACS - gmx mdrun, 2020.5 (-:

                            GROMACS is written by:
     Emile Apol      Rossen Apostolov      Paul Bauer     Herman J.C. Berendsen
    Par Bjelkmar      Christian Blau   Viacheslav Bolnykh     Kevin Boyd    
 Aldert van Buuren   Rudi van Drunen     Anton Feenstra       Alan Gray     
  Gerrit Groenhof     Anca Hamuraru    Vincent Hindriksen  M. Eric Irrgang  
  Aleksei Iupinov   Christoph Junghans     Joe Jordan     Dimitrios Karkoulis
    Peter Kasson        Jiri Kraus      Carsten Kutzner      Per Larsson    
  Justin A. Lemkul    Viveca Lindahl    Magnus Lundborg     Erik Marklund   
    Pascal Merz     Pieter Meulenhoff    Teemu Murtola       Szilard Pall   
    Sander Pronk      Roland Schulz      Michael Shirts    Alexey Shvetsov  
   Alfons Sijbers     Peter Tieleman      Jon Vincent      Teemu Virolainen 
 Christian Wennberg    Maarten Wolf      Artem Zhmurov   
                           and the project leaders:
        Mark Abraham, Berk Hess, Erik Lindahl, and David van der Spoel

Copyright (c) 1991-2000, University of Groningen, The Netherlands.
Copyright (c) 2001-2019, The GROMACS development team at
Uppsala University, Stockholm University and
the Royal Institute of Technology, Sweden.
check out http://www.gromacs.org for more information.

GROMACS is free software; you can redistribute it and/or modify it
under the terms of the GNU Lesser General Public License
as published by the Free Software Foundation; either version 2.1
of the License, or (at your option) any later version.

GROMACS:      gmx mdrun, version 2020.5
Executable:   /jet/home/schwinns/pkgs/gromacs/2020.5/bin/gmx
Data prefix:  /jet/home/schwinns/pkgs/gromacs/2020.5
Working dir:  /ocean/projects/cts160011p/schwinns/Projects/mscg/workflow/atomistic/bilayer/equilibration
Process ID:   100384
Command line:
  gmx mdrun -deffnm nvt2

GROMACS version:    2020.5
Verified release checksum is 4d9aa1b4e69850bc4583c1983ce2e0e3a88250cafb8f30ab0290b4dd4413a41e
Precision:          single
Memory model:       64 bit
MPI library:        thread_mpi
OpenMP support:     enabled (GMX_OPENMP_MAX_THREADS = 64)
GPU support:        disabled
SIMD instructions:  AVX2_256
FFT library:        fftw-3.3.8-sse2-avx-avx2-avx2_128
RDTSCP usage:       enabled
TNG support:        enabled
Hwloc support:      hwloc-1.11.9
Tracing support:    disabled
C compiler:         /jet/packages/spack/opt/spack/linux-centos8-zen/gcc-8.3.1/gcc-10.2.0-tfzxq7udz2a53dmujvasy4uz33t27iwv/bin/gcc GNU 10.2.0
C compiler flags:   -mavx2 -mfma -fexcess-precision=fast -funroll-all-loops -O2 -DNDEBUG
C++ compiler:       /jet/packages/spack/opt/spack/linux-centos8-zen/gcc-8.3.1/gcc-10.2.0-tfzxq7udz2a53dmujvasy4uz33t27iwv/bin/g++ GNU 10.2.0
C++ compiler flags: -mavx2 -mfma -fexcess-precision=fast -funroll-all-loops -fopenmp -O2 -DNDEBUG


Running on 1 node with total 128 cores, 128 logical cores
Hardware detected:
  CPU info:
    Vendor: AMD
    Brand:  AMD EPYC 7742 64-Core Processor                
    Family: 23   Model: 49   Stepping: 0
    Features: aes amd apic avx avx2 clfsh cmov cx8 cx16 f16c fma htt lahf misalignsse mmx msr nonstop_tsc pclmuldq pdpe1gb popcnt pse rdrnd rdtscp sha sse2 sse3 sse4a sse4.1 sse4.2 ssse3
  Hardware topology: Only logical processor count


++++ PLEASE READ AND CITE THE FOLLOWING REFERENCE ++++
M. J. Abraham, T. Murtola, R. Schulz, S. Páll, J. C. Smith, B. Hess, E.
Lindahl
GROMACS: High performance molecular simulations through multi-level
parallelism from laptops to supercomputers
SoftwareX 1 (2015) pp. 19-25
-------- -------- --- Thank You --- -------- --------


++++ PLEASE READ AND CITE THE FOLLOWING REFERENCE ++++
S. Páll, M. J. Abraham, C. Kutzner, B. Hess, E. Lindahl
Tackling Exascale Software Challenges in Molecular Dynamics Simulations with
GROMACS
In S. Markidis & E. Laure (Eds.), Solving Software Challenges for Exascale 8759 (2015) pp. 3-27
-------- -------- --- Thank You --- -------- --------


++++ PLEASE READ AND CITE THE FOLLOWING REFERENCE ++++
S. Pronk, S. Páll, R. Schulz, P. Larsson, P. Bjelkmar, R. Apostolov, M. R.
Shirts, J. C. Smith, P. M. Kasson, D. van der Spoel, B. Hess, and E. Lindahl
GROMACS 4.5: a high-throughput and highly parallel open source molecular
simulation toolkit
Bioinformatics 29 (2013) pp. 845-54
-------- -------- --- Thank You --- -------- --------


++++ PLEASE READ AND CITE THE FOLLOWING REFERENCE ++++
B. Hess and C. Kutzner and D. van der Spoel and E. Lindahl
GROMACS 4: Algorithms for highly efficient, load-balanced, and scalable
molecular simulation
J. Chem. Theory Comput. 4 (2008) pp. 435-447
-------- -------- --- Thank You --- -------- --------


++++ PLEASE READ AND CITE THE FOLLOWING REFERENCE ++++
D. van der Spoel, E. Lindahl, B. Hess, G. Groenhof, A. E. Mark and H. J. C.
Berendsen
GROMACS: Fast, Flexible and Free
J. Comp. Chem. 26 (2005) pp. 1701-1719
-------- -------- --- Thank You --- -------- --------


++++ PLEASE READ AND CITE THE FOLLOWING REFERENCE ++++
E. Lindahl and B. Hess and D. van der Spoel
GROMACS 3.0: A package for molecular simulation and trajectory analysis
J. Mol. Mod. 7 (2001) pp. 306-317
-------- -------- --- Thank You --- -------- --------


++++ PLEASE READ AND CITE THE FOLLOWING REFERENCE ++++
H. J. C. Berendsen, D. van der Spoel and R. van Drunen
GROMACS: A message-passing parallel molecular dynamics implementation
Comp. Phys. Comm. 91 (1995) pp. 43-56
-------- -------- --- Thank You --- -------- --------


++++ PLEASE CITE THE DOI FOR THIS VERSION OF GROMACS ++++
https://doi.org/10.5281/zenodo.4420785
-------- -------- --- Thank You --- -------- --------

Input Parameters:
   integrator                     = md
   tinit                          = 0
   dt                             = 0.002
   nsteps                         = 5000
   init-step                      = 0
   simulation-part                = 1
   comm-mode                      = Linear
   nstcomm                        = 100
   bd-fric                        = 0
   ld-seed                        = -875136125
   emtol                          = 10
   emstep                         = 0.01
   niter                          = 20
   fcstep                         = 0
   nstcgsteep                     = 1000
   nbfgscorr                      = 10
   rtpi                           = 0.05
   nstxout                        = 0
   nstvout                        = 0
   nstfout                        = 0
   nstlog                         = 1000
   nstcalcenergy                  = 100
   nstenergy                      = 1000
   nstxout-compressed             = 0
   compressed-x-precision         = 1000
   cutoff-scheme                  = Verlet
   nstlist                        = 40
   pbc                            = xyz
   periodic-molecules             = false
   verlet-buffer-tolerance        = 0.005
   rlist                          = 1
   coulombtype                    = PME
   coulomb-modifier               = Potential-shift
   rcoulomb-switch                = 0
   rcoulomb                       = 1
   epsilon-r                      = 1
   epsilon-rf                     = inf
   vdw-type                       = PME
   vdw-modifier                   = Potential-shift
   rvdw-switch                    = 0
   rvdw                           = 1
   DispCorr                       = EnerPres
   table-extension                = 1
   fourierspacing                 = 0.12
   fourier-nx                     = 52
   fourier-ny                     = 52
   fourier-nz                     = 84
   pme-order                      = 4
   ewald-rtol                     = 1e-05
   ewald-rtol-lj                  = 0.001
   lj-pme-comb-rule               = Geometric
   ewald-geometry                 = 0
   epsilon-surface                = 0
   tcoupl                         = V-rescale
   nsttcouple                     = 40
   nh-chain-length                = 0
   print-nose-hoover-chain-variables = false
   pcoupl                         = No
   pcoupltype                     = Isotropic
   nstpcouple                     = -1
   tau-p                          = 1
   compressibility (3x3):
      compressibility[    0]={ 0.00000e+00,  0.00000e+00,  0.00000e+00}
      compressibility[    1]={ 0.00000e+00,  0.00000e+00,  0.00000e+00}
      compressibility[    2]={ 0.00000e+00,  0.00000e+00,  0.00000e+00}
   ref-p (3x3):
      ref-p[    0]={ 0.00000e+00,  0.00000e+00,  0.00000e+00}
      ref-p[    1]={ 0.00000e+00,  0.00000e+00,  0.00000e+00}
      ref-p[    2]={ 0.00000e+00,  0.00000e+00,  0.00000e+00}
   refcoord-scaling               = No
   posres-com (3):
      posres-com[0]= 0.00000e+00
      posres-com[1]= 0.00000e+00
      posres-com[2]= 0.00000e+00
   posres-comB (3):
      posres-comB[0]= 0.00000e+00
      posres-comB[1]= 0.00000e+00
      posres-comB[2]= 0.00000e+00
   QMMM                           = false
   QMconstraints                  = 0
   QMMMscheme                     = 0
   MMChargeScaleFactor            = 1
qm-opts:
   ngQM                           = 0
   constraint-algorithm           = Lincs
   continuation                   = false
   Shake-SOR                      = false
   shake-tol                      = 0.0001
   lincs-order                    = 4
   lincs-iter                     = 1
   lincs-warnangle                = 30
   nwall                          = 0
   wall-type                      = 9-3
   wall-r-linpot                  = -1
   wall-atomtype[0]               = -1
   wall-atomtype[1]               = -1
   wall-density[0]                = 0
   wall-density[1]                = 0
   wall-ewald-zfac                = 3
   pull                           = false
   awh                            = false
   rotation                       = false
   interactiveMD                  = false
   disre                          = No
   disre-weighting                = Conservative
   disre-mixed                    = false
   dr-fc                          = 1000
   dr-tau                         = 0
   nstdisreout                    = 100
   orire-fc                       = 0
   orire-tau                      = 0
   nstorireout                    = 100
   free-energy                    = no
   cos-acceleration               = 0
   deform (3x3):
      deform[    0]={ 0.00000e+00,  0.00000e+00,  0.00000e+00}
      deform[    1]={ 0.00000e+00,  0.00000e+00,  0.00000e+00}
      deform[    2]={ 0.00000e+00,  0.00000e+00,  0.00000e+00}
   simulated-tempering            = false
   swapcoords                     = no
   userint1                       = 0
   userint2                       = 0
   userint3                       = 0
   userint4                       = 0
   userreal1                      = 0
   userreal2                      = 0
   userreal3                      = 0
   userreal4                      = 0
   applied-forces:
     electric-field:
       x:
         E0                       = 0
         omega                    = 0
         t0                       = 0
         sigma                    = 0
       y:
         E0                       = 0
         omega                    = 0
         t0                       = 0
         sigma                    = 0
       z:
         E0                       = 0
         omega                    = 0
         t0                       = 0
         sigma                    = 0
     density-guided-simulation:
       active                     = false
       group                      = protein
       similarity-measure         = inner-product
       atom-spreading-weight      = unity
       force-constant             = 1e+09
       gaussian-transform-spreading-width = 0.2
       gaussian-transform-spreading-range-in-multiples-of-width = 4
       reference-density-filename = reference.mrc
       nst                        = 1
       normalize-densities        = true
       adaptive-force-scaling     = false
       adaptive-force-scaling-time-constant = 4
grpopts:
   nrdf:       76237
   ref-t:         300
   tau-t:         0.1
annealing:          No
annealing-npoints:           0
   acc:	           0           0           0
   nfreeze:           N           N           N
   energygrp-flags[  0]: 0

Changing nstlist from 40 to 100, rlist from 1 to 1


Initializing Domain Decomposition on 128 ranks
Dynamic load balancing: auto
Using update groups, nr 12912, average size 2.5 atoms, max. radius 0.101 nm
Minimum cell size due to atom displacement: 0.688 nm
Initial maximum distances in bonded interactions:
    two-body bonded interactions: 0.412 nm, LJ-14, atoms 199 208
  multi-body bonded interactions: 0.412 nm, Ryckaert-Bell., atoms 199 208
Minimum cell size due to bonded interactions: 0.454 nm
Scaling the initial minimum size with 1/0.8 (option -dds) = 1.25
Guess for relative PME load: 0.37
Will use 80 particle-particle and 48 PME only ranks
This is a guess, check the performance at the end of the log file
Using 48 separate PME ranks, as guessed by mdrun
Optimizing the DD grid for 80 cells with a minimum initial size of 0.860 nm
The maximum allowed number of cells is: X 6 Y 6 Z 11
Domain decomposition grid 4 x 4 x 5, separate PME ranks 48
PME domain decomposition: 4 x 12 x 1
Interleaving PP and PME ranks
This rank does only particle-particle work.
Domain decomposition rank 0, coordinates 0 0 0

The initial number of communication pulses is: X 1 Y 1 Z 1
The initial domain decomposition cell size is: X 1.49 nm Y 1.49 nm Z 1.96 nm

The maximum allowed distance for atom groups involved in interactions is:
                 non-bonded interactions           1.202 nm
            two-body bonded interactions  (-rdd)   1.202 nm
          multi-body bonded interactions  (-rdd)   1.202 nm

When dynamic load balancing gets turned on, these settings will change to:
The maximum number of communication pulses is: X 2 Y 2 Z 2
The minimum size for domain decomposition cells is 0.970 nm
The requested allowed shrink of DD cells (option -dds) is: 0.80
The allowed shrink of domain decomposition cells is: X 0.65 Y 0.65 Z 0.49
The maximum allowed distance for atom groups involved in interactions is:
                 non-bonded interactions           1.202 nm
            two-body bonded interactions  (-rdd)   1.202 nm
          multi-body bonded interactions  (-rdd)   0.970 nm

Using 128 MPI threads

Non-default thread affinity set, disabling internal thread affinity

Using 1 OpenMP thread per tMPI thread

System total charge: 0.000
Will do PME sum in reciprocal space for LJ dispersion interactions.

++++ PLEASE READ AND CITE THE FOLLOWING REFERENCE ++++
U. Essmann, L. Perera, M. L. Berkowitz, T. Darden, H. Lee and L. G. Pedersen 
A smooth particle mesh Ewald method
J. Chem. Phys. 103 (1995) pp. 8577-8592
-------- -------- --- Thank You --- -------- --------

Using a Gaussian width (1/beta) of 0.298423 nm for LJ Ewald
Will do PME sum in reciprocal space for electrostatic interactions.

++++ PLEASE READ AND CITE THE FOLLOWING REFERENCE ++++
U. Essmann, L. Perera, M. L. Berkowitz, T. Darden, H. Lee and L. G. Pedersen 
A smooth particle mesh Ewald method
J. Chem. Phys. 103 (1995) pp. 8577-8592
-------- -------- --- Thank You --- -------- --------

Using a Gaussian width (1/beta) of 0.320163 nm for Ewald
Potential shift: LJ r^-12: -1.000e+00 r^-6: -1.000e-03, Ewald -1.000e-05
Initialized non-bonded Ewald tables, spacing: 9.33e-04 size: 1073

Using shifted Lennard-Jones, switch between 0 and 1 nm
Generated table with 1000 data points for 1-4 COUL.
Tabscale = 500 points/nm
Generated table with 1000 data points for 1-4 LJ6.
Tabscale = 500 points/nm
Generated table with 1000 data points for 1-4 LJ12.
Tabscale = 500 points/nm

Using SIMD 4x8 nonbonded short-range kernels

Using a 4x8 pair-list setup:
  updated every 100 steps, buffer 0.000 nm, rlist 1.000 nm
At tolerance 0.005 kJ/mol/ps per atom, equivalent classical 1x1 list would be:
  updated every 100 steps, buffer 0.169 nm, rlist 1.169 nm

Long Range LJ corr.: <C6> 1.1589e-05

Removing pbc first time

Initializing LINear Constraint Solver

++++ PLEASE READ AND CITE THE FOLLOWING REFERENCE ++++
B. Hess and H. Bekker and H. J. C. Berendsen and J. G. E. M. Fraaije
LINCS: A Linear Constraint Solver for molecular simulations
J. Comp. Chem. 18 (1997) pp. 1463-1472
-------- -------- --- Thank You --- -------- --------

The number of constraints is 18752
Setting the maximum number of constraint warnings to 2147483647

Linking all bonded interactions to atoms

Intra-simulation communication will occur every 20 steps.

++++ PLEASE READ AND CITE THE FOLLOWING REFERENCE ++++
G. Bussi, D. Donadio and M. Parrinello
Canonical sampling through velocity rescaling
J. Chem. Phys. 126 (2007) pp. 014101
-------- -------- --- Thank You --- -------- --------

There are: 31664 Atoms
Atom distribution over 80 domains: av 395 stddev 121 min 102 max 503

Constraining the starting coordinates (step 0)

Constraining the coordinates at t0-dt (step 0)
Center of mass motion removal mode is Linear
We have the following groups for center of mass motion removal:
  0:  rest
RMS relative constraint deviation after constraining: 2.00e-06
Initial temperature: 299.295 K

Started mdrun on rank 0 Thu Aug 12 16:07:16 2021

           Step           Time
              0        0.00000

   Energies (kJ/mol)
           Bond          Angle    Proper Dih. Ryckaert-Bell.          LJ-14
    1.60046e+04    6.23846e+04    5.22130e+02    3.94117e+04    1.44376e+04
     Coulomb-14        LJ (SR)  Disper. corr.   Coulomb (SR)   Coul. recip.
    3.08704e+05    1.42036e+04   -1.39838e+02   -3.72600e+05    8.35381e+03
      LJ recip.      Potential    Kinetic En.   Total Energy  Conserved En.
   -8.05055e+04    1.07771e+04    1.01858e+05    1.12635e+05    1.12635e+05
    Temperature Pres. DC (bar) Pressure (bar)   Constr. rmsd
    3.21385e+02   -6.68901e+00    4.10294e+02    3.74359e-06


DD  step 99 load imb.: force 39.4%  pme mesh/force 14.656
step  600: timed with pme grid 52 52 84, coulomb cutoff 1.000: 149147.3 M-cycles
step  800: timed with pme grid 44 44 72, coulomb cutoff 1.137: 152435.1 M-cycles
Writing checkpoint, step 900 at Thu Aug 12 16:23:41 2021


step 1000: timed with pme grid 40 40 64, coulomb cutoff 1.279: 155950.7 M-cycles

DD  step 999 load imb.: force 32.9%  pme mesh/force 14.566
           Step           Time
           1000        2.00000

   Energies (kJ/mol)
           Bond          Angle    Proper Dih. Ryckaert-Bell.          LJ-14
    1.58247e+04    6.24389e+04    5.11710e+02    3.94087e+04    1.45803e+04
     Coulomb-14        LJ (SR)  Disper. corr.   Coulomb (SR)   Coul. recip.
    3.09220e+05   -3.64109e+04   -5.34847e+01   -3.68950e+05    2.51469e+03
      LJ recip.      Potential    Kinetic En.   Total Energy  Conserved En.
   -3.02099e+04    8.87413e+03    9.53469e+04    1.04221e+05    1.12937e+05
    Temperature Pres. DC (bar) Pressure (bar)   Constr. rmsd
    3.00841e+02   -2.55631e+00    2.34146e+02    2.92188e-06

step 1200: timed with pme grid 36 36 60, coulomb cutoff 1.377: 150397.4 M-cycles
step 1400: timed with pme grid 32 32 56, coulomb cutoff 1.549: 187694.2 M-cycles
step 1600: timed with pme grid 36 36 56, coulomb cutoff 1.462: 237180.5 M-cycles
Writing checkpoint, step 1600 at Thu Aug 12 16:38:43 2021


step 1800: timed with pme grid 36 36 60, coulomb cutoff 1.377: 151098.6 M-cycles
step 2000: timed with pme grid 40 40 60, coulomb cutoff 1.364: 162567.4 M-cycles

DD  step 1999 load imb.: force 43.7%  pme mesh/force 15.200
           Step           Time
           2000        4.00000

   Energies (kJ/mol)
           Bond          Angle    Proper Dih. Ryckaert-Bell.          LJ-14
    1.61877e+04    6.20644e+04    5.35973e+02    3.95959e+04    1.45026e+04
     Coulomb-14        LJ (SR)  Disper. corr.   Coulomb (SR)   Coul. recip.
    3.08850e+05   -2.90680e+04   -6.67258e+01   -3.69192e+05    3.29399e+03
      LJ recip.      Potential    Kinetic En.   Total Energy  Conserved En.
   -3.77678e+04    8.93568e+03    9.47304e+04    1.03666e+05    1.12973e+05
    Temperature Pres. DC (bar) Pressure (bar)   Constr. rmsd
    2.98895e+02   -3.18957e+00   -1.54919e+02    2.91428e-06

step 2200: timed with pme grid 40 40 64, coulomb cutoff 1.279: 165861.9 M-cycles
Writing checkpoint, step 2300 at Thu Aug 12 16:53:45 2021


step 2400: timed with pme grid 40 40 72, coulomb cutoff 1.239: 165835.5 M-cycles
step 2600: timed with pme grid 42 42 72, coulomb cutoff 1.180: 170354.5 M-cycles
step 2800: timed with pme grid 44 44 72, coulomb cutoff 1.137: 146568.6 M-cycles
step 3000: timed with pme grid 44 44 80, coulomb cutoff 1.127: 151380.7 M-cycles

DD  step 2999 load imb.: force 40.9%  pme mesh/force 13.788
           Step           Time
           3000        6.00000

   Energies (kJ/mol)
           Bond          Angle    Proper Dih. Ryckaert-Bell.          LJ-14
    1.59342e+04    6.26637e+04    4.98262e+02    3.95803e+04    1.45111e+04
     Coulomb-14        LJ (SR)  Disper. corr.   Coulomb (SR)   Coul. recip.
    3.09030e+05    6.58691e+03   -1.26508e+02   -3.73856e+05    7.32725e+03
      LJ recip.      Potential    Kinetic En.   Total Energy  Conserved En.
   -7.31518e+04    8.99744e+03    9.45662e+04    1.03564e+05    1.13025e+05
    Temperature Pres. DC (bar) Pressure (bar)   Constr. rmsd
    2.98377e+02   -6.05063e+00   -6.81391e+01    2.94415e-06

Writing checkpoint, step 3100 at Thu Aug 12 17:08:55 2021


step 3200: timed with pme grid 48 48 80, coulomb cutoff 1.033: 150397.7 M-cycles
step 3400: timed with pme grid 52 52 80, coulomb cutoff 1.023: 172188.0 M-cycles
step 3600: timed with pme grid 52 52 84, coulomb cutoff 1.000: 244372.8 M-cycles
Writing checkpoint, step 3700 at Thu Aug 12 17:24:01 2021


step 3800: timed with pme grid 36 36 60, coulomb cutoff 1.377: 241761.6 M-cycles
step 4000: timed with pme grid 40 40 60, coulomb cutoff 1.364: 199408.7 M-cycles

DD  step 3999 load imb.: force 53.4%  pme mesh/force 13.000
           Step           Time
           4000        8.00000

   Energies (kJ/mol)
           Bond          Angle    Proper Dih. Ryckaert-Bell.          LJ-14
    1.60257e+04    6.24842e+04    4.97141e+02    3.92922e+04    1.44572e+04
     Coulomb-14        LJ (SR)  Disper. corr.   Coulomb (SR)   Coul. recip.
    3.08008e+05   -2.88704e+04   -6.67258e+01   -3.68347e+05    3.23896e+03
      LJ recip.      Potential    Kinetic En.   Total Energy  Conserved En.
   -3.79220e+04    8.79708e+03    9.53269e+04    1.04124e+05    1.12980e+05
    Temperature Pres. DC (bar) Pressure (bar)   Constr. rmsd
    3.00778e+02   -3.18957e+00    1.58434e+02    2.92197e-06

step 4200: timed with pme grid 40 40 64, coulomb cutoff 1.279: 213010.5 M-cycles
Writing checkpoint, step 4300 at Thu Aug 12 17:39:04 2021


step 4400: timed with pme grid 44 44 72, coulomb cutoff 1.137: 180017.9 M-cycles
step 4600: timed with pme grid 44 44 80, coulomb cutoff 1.127: 172734.4 M-cycles
step 4800: timed with pme grid 48 48 80, coulomb cutoff 1.033: 165811.0 M-cycles
step 5000: timed with pme grid 52 52 84, coulomb cutoff 1.000: 160867.6 M-cycles
              optimal pme grid 44 44 72, coulomb cutoff 1.137

DD  step 4999 load imb.: force 46.5%  pme mesh/force 14.754
           Step           Time
           5000       10.00000

Writing checkpoint, step 5000 at Thu Aug 12 17:53:29 2021


   Energies (kJ/mol)
           Bond          Angle    Proper Dih. Ryckaert-Bell.          LJ-14
    1.60663e+04    6.25419e+04    5.16492e+02    3.94604e+04    1.45520e+04
     Coulomb-14        LJ (SR)  Disper. corr.   Coulomb (SR)   Coul. recip.
    3.08652e+05   -1.26987e+04   -9.49253e+01   -3.70883e+05    5.07560e+03
      LJ recip.      Potential    Kinetic En.   Total Energy  Conserved En.
   -5.43562e+04    8.83175e+03    9.57898e+04    1.04622e+05    1.13037e+05
    Temperature Pres. DC (bar) Pressure (bar)   Constr. rmsd
    3.02238e+02   -4.53874e+00    1.88293e+01    2.97409e-06


	<======  ###############  ==>
	<====  A V E R A G E S  ====>
	<==  ###############  ======>

	Statistics over 5001 steps using 51 frames

   Energies (kJ/mol)
           Bond          Angle    Proper Dih. Ryckaert-Bell.          LJ-14
    1.59205e+04    6.25622e+04    5.10492e+02    3.94499e+04    1.44570e+04
     Coulomb-14        LJ (SR)  Disper. corr.   Coulomb (SR)   Coul. recip.
    3.08481e+05   -1.46701e+04   -9.10025e+01   -3.70368e+05    4.94951e+03
      LJ recip.      Potential    Kinetic En.   Total Energy  Conserved En.
   -5.21659e+04    9.03553e+03    9.52573e+04    1.04293e+05    1.12964e+05
    Temperature Pres. DC (bar) Pressure (bar)   Constr. rmsd
    3.00558e+02   -4.35154e+00   -2.68770e+01    0.00000e+00

   Total Virial (kJ/mol)
    2.99089e+04    1.38103e+02   -2.36767e+02
    1.38106e+02    3.24743e+04    5.02318e+02
   -2.36768e+02    5.02319e+02    3.37180e+04

   Pressure (bar)
    7.84368e+01   -1.15134e+01    2.70235e+01
   -1.15137e+01   -1.29634e+02   -6.15798e+01
    2.70236e+01   -6.15799e+01   -2.94337e+01


       P P   -   P M E   L O A D   B A L A N C I N G

 PP/PME load balancing changed the cut-off and PME settings:
           particle-particle                    PME
            rcoulomb  rlist            grid      spacing   1/beta
   initial  1.000 nm  1.000 nm      52  52  84   0.117 nm  0.320 nm
   final    1.137 nm  1.137 nm      44  44  72   0.136 nm  0.364 nm
 cost-ratio           1.47             0.61
 (note that these numbers concern only part of the total PP and PME load)


	M E G A - F L O P S   A C C O U N T I N G

 NB=Group-cutoff nonbonded kernels    NxN=N-by-N cluster Verlet kernels
 RF=Reaction-Field  VdW=Van der Waals  QSTab=quadratic-spline table
 W3=SPC/TIP3p  W4=TIP4p (single or pairs)
 V&F=Potential and force  V=Potential only  F=Force only

 Computing:                               M-Number         M-Flops  % Flops
-----------------------------------------------------------------------------
 Pair Search distance check             781.192794        7030.735     0.1
 NxN Ewald Elec. + LJ [F]            112387.554576    11463530.567    88.8
 NxN Ewald Elec. + LJ [V&F]            1154.522272      161633.118     1.3
 NxN Ewald Elec. [F]                   8335.351728      508456.455     3.9
 NxN Ewald Elec. [V&F]                   85.565536        7187.505     0.1
 1,4 nonbonded interactions             371.234232       33411.081     0.3
 Calc Weights                           475.054992       17101.980     0.1
 Spread Q Bspline                     20269.012992       40538.026     0.3
 Gather F Bspline                     20269.012992      121614.078     0.9
 3D-FFT                               48989.872160      391918.977     3.0
 Solve PME                              230.849664       14774.378     0.1
 Reset In Box                             1.614864           4.845     0.0
 CG-CoM                                   1.646528           4.940     0.0
 Bonds                                   58.931784        3476.975     0.0
 Angles                                 270.174024       45389.236     0.4
 Propers                                 11.522304        2638.608     0.0
 RB-Dihedrals                           354.590904       87583.953     0.7
 Virial                                   1.798464          32.372     0.0
 Stop-CM                                  1.646528          16.465     0.0
 Calc-Ekin                               15.895328         429.174     0.0
 Lincs                                   93.816256        5628.975     0.0
 Lincs-Mat                              396.717888        1586.872     0.0
 Constraint-V                           187.595008        1500.760     0.0
 Constraint-Vir                           0.956352          22.952     0.0
-----------------------------------------------------------------------------
 Total                                                12915513.028   100.0
-----------------------------------------------------------------------------


    D O M A I N   D E C O M P O S I T I O N   S T A T I S T I C S

 av. #atoms communicated per step for force:  2 x 107103.5


Dynamic load balancing report:
 DLB was off during the run due to low measured imbalance.
 Average load imbalance: 41.4%.
 The balanceable part of the MD step is 8%, load imbalance is computed from this.
 Part of the total run time spent waiting due to load imbalance: 3.4%.
 Average PME mesh/force load: 14.292
 Part of the total run time spent waiting due to PP/PME imbalance: 57.3 %

NOTE: 57.3 % performance was lost because the PME ranks
      had more work to do than the PP ranks.
      You might want to increase the number of PME ranks
      or increase the cut-off and the grid spacing.


     R E A L   C Y C L E   A N D   T I M E   A C C O U N T I N G

On 80 MPI ranks doing PP, and
on 48 MPI ranks doing PME

 Computing:          Num   Num      Call    Wall time         Giga-Cycles
                     Ranks Threads  Count      (s)         total sum    %
-----------------------------------------------------------------------------
 Domain decomp.        80    1         51      65.831      11827.053   0.6
 DD comm. load         80    1          7       0.090         16.142   0.0
 Send X to PME         80    1       5001      53.798       9665.309   0.5
 Neighbor search       80    1         51       0.845        151.736   0.0
 Comm. coord.          80    1       4950     435.110      78171.280   4.3
 Force                 80    1       5001       8.872       1593.892   0.1
 Wait + Comm. F        80    1       5001     347.828      62490.282   3.4
 PME mesh *            48    1       5001    6129.962     660779.865  36.1
 PME wait for PP *                            242.578      26148.717   1.4
 Wait + Recv. PME F    80    1       5001    5343.972     960089.907  52.4
 NB X/F buffer ops.    80    1      14901       0.143         25.773   0.0
 Write traj.           80    1          7       1.746        313.759   0.0
 Update                80    1       5001       0.052          9.279   0.0
 Constraints           80    1       5003       0.072         12.913   0.0
 Comm. energies        80    1        251     103.587      18610.265   1.0
 Rest                                          10.865       1952.065   0.1
-----------------------------------------------------------------------------
 Total                                       6372.811    1831887.450 100.0
-----------------------------------------------------------------------------
(*) Note that with separate PME ranks, the walltime column actually sums to
    twice the total reported, but the cycle count total and % are correct.
-----------------------------------------------------------------------------
 Breakdown of PME mesh computation
-----------------------------------------------------------------------------
 PME redist. X/F       48    1      15003    3537.571     381332.834  20.8
 PME spread            48    1      10002     732.343      78942.980   4.3
 PME gather            48    1      10002     419.277      45195.978   2.5
 PME 3D-FFT            48    1      20004       1.028        110.789   0.0
 PME 3D-FFT Comm.      48    1      40008    1439.593     155181.106   8.5
 PME solve LJ          48    1       5001       0.077          8.278   0.0
 PME solve Elec        48    1       5001       0.046          4.947   0.0
-----------------------------------------------------------------------------

               Core t (s)   Wall t (s)        (%)
       Time:   815702.854     6372.811    12799.7
                         1h46:12
                 (ns/day)    (hour/ns)
Performance:        0.136      176.987
Finished mdrun on rank 0 Thu Aug 12 17:53:30 2021

