                      :-) GROMACS - gmx mdrun, 2020.5 (-:

                            GROMACS is written by:
     Emile Apol      Rossen Apostolov      Paul Bauer     Herman J.C. Berendsen
    Par Bjelkmar      Christian Blau   Viacheslav Bolnykh     Kevin Boyd    
 Aldert van Buuren   Rudi van Drunen     Anton Feenstra       Alan Gray     
  Gerrit Groenhof     Anca Hamuraru    Vincent Hindriksen  M. Eric Irrgang  
  Aleksei Iupinov   Christoph Junghans     Joe Jordan     Dimitrios Karkoulis
    Peter Kasson        Jiri Kraus      Carsten Kutzner      Per Larsson    
  Justin A. Lemkul    Viveca Lindahl    Magnus Lundborg     Erik Marklund   
    Pascal Merz     Pieter Meulenhoff    Teemu Murtola       Szilard Pall   
    Sander Pronk      Roland Schulz      Michael Shirts    Alexey Shvetsov  
   Alfons Sijbers     Peter Tieleman      Jon Vincent      Teemu Virolainen 
 Christian Wennberg    Maarten Wolf      Artem Zhmurov   
                           and the project leaders:
        Mark Abraham, Berk Hess, Erik Lindahl, and David van der Spoel

Copyright (c) 1991-2000, University of Groningen, The Netherlands.
Copyright (c) 2001-2019, The GROMACS development team at
Uppsala University, Stockholm University and
the Royal Institute of Technology, Sweden.
check out http://www.gromacs.org for more information.

GROMACS is free software; you can redistribute it and/or modify it
under the terms of the GNU Lesser General Public License
as published by the Free Software Foundation; either version 2.1
of the License, or (at your option) any later version.

GROMACS:      gmx mdrun, version 2020.5
Executable:   /jet/home/schwinns/pkgs/gromacs/2020.5/bin/gmx
Data prefix:  /jet/home/schwinns/pkgs/gromacs/2020.5
Working dir:  /ocean/projects/cts160011p/schwinns/Projects/mscg/workflow/atomistic/bilayer/equilibration
Process ID:   62160
Command line:
  gmx mdrun -deffnm nvt3

GROMACS version:    2020.5
Verified release checksum is 4d9aa1b4e69850bc4583c1983ce2e0e3a88250cafb8f30ab0290b4dd4413a41e
Precision:          single
Memory model:       64 bit
MPI library:        thread_mpi
OpenMP support:     enabled (GMX_OPENMP_MAX_THREADS = 64)
GPU support:        disabled
SIMD instructions:  AVX2_256
FFT library:        fftw-3.3.8-sse2-avx-avx2-avx2_128
RDTSCP usage:       enabled
TNG support:        enabled
Hwloc support:      hwloc-1.11.9
Tracing support:    disabled
C compiler:         /jet/packages/spack/opt/spack/linux-centos8-zen/gcc-8.3.1/gcc-10.2.0-tfzxq7udz2a53dmujvasy4uz33t27iwv/bin/gcc GNU 10.2.0
C compiler flags:   -mavx2 -mfma -fexcess-precision=fast -funroll-all-loops -O2 -DNDEBUG
C++ compiler:       /jet/packages/spack/opt/spack/linux-centos8-zen/gcc-8.3.1/gcc-10.2.0-tfzxq7udz2a53dmujvasy4uz33t27iwv/bin/g++ GNU 10.2.0
C++ compiler flags: -mavx2 -mfma -fexcess-precision=fast -funroll-all-loops -fopenmp -O2 -DNDEBUG


Running on 1 node with total 128 cores, 128 logical cores
Hardware detected:
  CPU info:
    Vendor: AMD
    Brand:  AMD EPYC 7742 64-Core Processor                
    Family: 23   Model: 49   Stepping: 0
    Features: aes amd apic avx avx2 clfsh cmov cx8 cx16 f16c fma htt lahf misalignsse mmx msr nonstop_tsc pclmuldq pdpe1gb popcnt pse rdrnd rdtscp sha sse2 sse3 sse4a sse4.1 sse4.2 ssse3
  Hardware topology: Only logical processor count


++++ PLEASE READ AND CITE THE FOLLOWING REFERENCE ++++
M. J. Abraham, T. Murtola, R. Schulz, S. Páll, J. C. Smith, B. Hess, E.
Lindahl
GROMACS: High performance molecular simulations through multi-level
parallelism from laptops to supercomputers
SoftwareX 1 (2015) pp. 19-25
-------- -------- --- Thank You --- -------- --------


++++ PLEASE READ AND CITE THE FOLLOWING REFERENCE ++++
S. Páll, M. J. Abraham, C. Kutzner, B. Hess, E. Lindahl
Tackling Exascale Software Challenges in Molecular Dynamics Simulations with
GROMACS
In S. Markidis & E. Laure (Eds.), Solving Software Challenges for Exascale 8759 (2015) pp. 3-27
-------- -------- --- Thank You --- -------- --------


++++ PLEASE READ AND CITE THE FOLLOWING REFERENCE ++++
S. Pronk, S. Páll, R. Schulz, P. Larsson, P. Bjelkmar, R. Apostolov, M. R.
Shirts, J. C. Smith, P. M. Kasson, D. van der Spoel, B. Hess, and E. Lindahl
GROMACS 4.5: a high-throughput and highly parallel open source molecular
simulation toolkit
Bioinformatics 29 (2013) pp. 845-54
-------- -------- --- Thank You --- -------- --------


++++ PLEASE READ AND CITE THE FOLLOWING REFERENCE ++++
B. Hess and C. Kutzner and D. van der Spoel and E. Lindahl
GROMACS 4: Algorithms for highly efficient, load-balanced, and scalable
molecular simulation
J. Chem. Theory Comput. 4 (2008) pp. 435-447
-------- -------- --- Thank You --- -------- --------


++++ PLEASE READ AND CITE THE FOLLOWING REFERENCE ++++
D. van der Spoel, E. Lindahl, B. Hess, G. Groenhof, A. E. Mark and H. J. C.
Berendsen
GROMACS: Fast, Flexible and Free
J. Comp. Chem. 26 (2005) pp. 1701-1719
-------- -------- --- Thank You --- -------- --------


++++ PLEASE READ AND CITE THE FOLLOWING REFERENCE ++++
E. Lindahl and B. Hess and D. van der Spoel
GROMACS 3.0: A package for molecular simulation and trajectory analysis
J. Mol. Mod. 7 (2001) pp. 306-317
-------- -------- --- Thank You --- -------- --------


++++ PLEASE READ AND CITE THE FOLLOWING REFERENCE ++++
H. J. C. Berendsen, D. van der Spoel and R. van Drunen
GROMACS: A message-passing parallel molecular dynamics implementation
Comp. Phys. Comm. 91 (1995) pp. 43-56
-------- -------- --- Thank You --- -------- --------


++++ PLEASE CITE THE DOI FOR THIS VERSION OF GROMACS ++++
https://doi.org/10.5281/zenodo.4420785
-------- -------- --- Thank You --- -------- --------

Input Parameters:
   integrator                     = md
   tinit                          = 0
   dt                             = 0.002
   nsteps                         = 5000
   init-step                      = 0
   simulation-part                = 1
   comm-mode                      = Linear
   nstcomm                        = 100
   bd-fric                        = 0
   ld-seed                        = -1080037410
   emtol                          = 10
   emstep                         = 0.01
   niter                          = 20
   fcstep                         = 0
   nstcgsteep                     = 1000
   nbfgscorr                      = 10
   rtpi                           = 0.05
   nstxout                        = 0
   nstvout                        = 0
   nstfout                        = 0
   nstlog                         = 1000
   nstcalcenergy                  = 100
   nstenergy                      = 1000
   nstxout-compressed             = 0
   compressed-x-precision         = 1000
   cutoff-scheme                  = Verlet
   nstlist                        = 40
   pbc                            = xyz
   periodic-molecules             = false
   verlet-buffer-tolerance        = 0.005
   rlist                          = 1
   coulombtype                    = PME
   coulomb-modifier               = Potential-shift
   rcoulomb-switch                = 0
   rcoulomb                       = 1
   epsilon-r                      = 1
   epsilon-rf                     = inf
   vdw-type                       = PME
   vdw-modifier                   = Potential-shift
   rvdw-switch                    = 0
   rvdw                           = 1
   DispCorr                       = EnerPres
   table-extension                = 1
   fourierspacing                 = 0.12
   fourier-nx                     = 52
   fourier-ny                     = 52
   fourier-nz                     = 84
   pme-order                      = 4
   ewald-rtol                     = 1e-05
   ewald-rtol-lj                  = 0.001
   lj-pme-comb-rule               = Geometric
   ewald-geometry                 = 0
   epsilon-surface                = 0
   tcoupl                         = V-rescale
   nsttcouple                     = 40
   nh-chain-length                = 0
   print-nose-hoover-chain-variables = false
   pcoupl                         = No
   pcoupltype                     = Isotropic
   nstpcouple                     = -1
   tau-p                          = 1
   compressibility (3x3):
      compressibility[    0]={ 0.00000e+00,  0.00000e+00,  0.00000e+00}
      compressibility[    1]={ 0.00000e+00,  0.00000e+00,  0.00000e+00}
      compressibility[    2]={ 0.00000e+00,  0.00000e+00,  0.00000e+00}
   ref-p (3x3):
      ref-p[    0]={ 0.00000e+00,  0.00000e+00,  0.00000e+00}
      ref-p[    1]={ 0.00000e+00,  0.00000e+00,  0.00000e+00}
      ref-p[    2]={ 0.00000e+00,  0.00000e+00,  0.00000e+00}
   refcoord-scaling               = No
   posres-com (3):
      posres-com[0]= 0.00000e+00
      posres-com[1]= 0.00000e+00
      posres-com[2]= 0.00000e+00
   posres-comB (3):
      posres-comB[0]= 0.00000e+00
      posres-comB[1]= 0.00000e+00
      posres-comB[2]= 0.00000e+00
   QMMM                           = false
   QMconstraints                  = 0
   QMMMscheme                     = 0
   MMChargeScaleFactor            = 1
qm-opts:
   ngQM                           = 0
   constraint-algorithm           = Lincs
   continuation                   = false
   Shake-SOR                      = false
   shake-tol                      = 0.0001
   lincs-order                    = 4
   lincs-iter                     = 1
   lincs-warnangle                = 30
   nwall                          = 0
   wall-type                      = 9-3
   wall-r-linpot                  = -1
   wall-atomtype[0]               = -1
   wall-atomtype[1]               = -1
   wall-density[0]                = 0
   wall-density[1]                = 0
   wall-ewald-zfac                = 3
   pull                           = false
   awh                            = false
   rotation                       = false
   interactiveMD                  = false
   disre                          = No
   disre-weighting                = Conservative
   disre-mixed                    = false
   dr-fc                          = 1000
   dr-tau                         = 0
   nstdisreout                    = 100
   orire-fc                       = 0
   orire-tau                      = 0
   nstorireout                    = 100
   free-energy                    = no
   cos-acceleration               = 0
   deform (3x3):
      deform[    0]={ 0.00000e+00,  0.00000e+00,  0.00000e+00}
      deform[    1]={ 0.00000e+00,  0.00000e+00,  0.00000e+00}
      deform[    2]={ 0.00000e+00,  0.00000e+00,  0.00000e+00}
   simulated-tempering            = false
   swapcoords                     = no
   userint1                       = 0
   userint2                       = 0
   userint3                       = 0
   userint4                       = 0
   userreal1                      = 0
   userreal2                      = 0
   userreal3                      = 0
   userreal4                      = 0
   applied-forces:
     electric-field:
       x:
         E0                       = 0
         omega                    = 0
         t0                       = 0
         sigma                    = 0
       y:
         E0                       = 0
         omega                    = 0
         t0                       = 0
         sigma                    = 0
       z:
         E0                       = 0
         omega                    = 0
         t0                       = 0
         sigma                    = 0
     density-guided-simulation:
       active                     = false
       group                      = protein
       similarity-measure         = inner-product
       atom-spreading-weight      = unity
       force-constant             = 1e+09
       gaussian-transform-spreading-width = 0.2
       gaussian-transform-spreading-range-in-multiples-of-width = 4
       reference-density-filename = reference.mrc
       nst                        = 1
       normalize-densities        = true
       adaptive-force-scaling     = false
       adaptive-force-scaling-time-constant = 4
grpopts:
   nrdf:       76237
   ref-t:         300
   tau-t:         0.1
annealing:          No
annealing-npoints:           0
   acc:	           0           0           0
   nfreeze:           N           N           N
   energygrp-flags[  0]: 0

Changing nstlist from 40 to 100, rlist from 1 to 1


Initializing Domain Decomposition on 128 ranks
Dynamic load balancing: auto
Using update groups, nr 12912, average size 2.5 atoms, max. radius 0.101 nm
Minimum cell size due to atom displacement: 0.688 nm
Initial maximum distances in bonded interactions:
    two-body bonded interactions: 0.420 nm, LJ-14, atoms 6455 6464
  multi-body bonded interactions: 0.420 nm, Ryckaert-Bell., atoms 6455 6464
Minimum cell size due to bonded interactions: 0.462 nm
Scaling the initial minimum size with 1/0.8 (option -dds) = 1.25
Guess for relative PME load: 0.36
Will use 80 particle-particle and 48 PME only ranks
This is a guess, check the performance at the end of the log file
Using 48 separate PME ranks, as guessed by mdrun
Optimizing the DD grid for 80 cells with a minimum initial size of 0.860 nm
The maximum allowed number of cells is: X 6 Y 6 Z 11
Domain decomposition grid 4 x 4 x 5, separate PME ranks 48
PME domain decomposition: 4 x 12 x 1
Interleaving PP and PME ranks
This rank does only particle-particle work.
Domain decomposition rank 0, coordinates 0 0 0

The initial number of communication pulses is: X 1 Y 1 Z 1
The initial domain decomposition cell size is: X 1.48 nm Y 1.48 nm Z 1.93 nm

The maximum allowed distance for atom groups involved in interactions is:
                 non-bonded interactions           1.202 nm
            two-body bonded interactions  (-rdd)   1.202 nm
          multi-body bonded interactions  (-rdd)   1.202 nm

When dynamic load balancing gets turned on, these settings will change to:
The maximum number of communication pulses is: X 2 Y 2 Z 2
The minimum size for domain decomposition cells is 0.971 nm
The requested allowed shrink of DD cells (option -dds) is: 0.80
The allowed shrink of domain decomposition cells is: X 0.66 Y 0.66 Z 0.50
The maximum allowed distance for atom groups involved in interactions is:
                 non-bonded interactions           1.202 nm
            two-body bonded interactions  (-rdd)   1.202 nm
          multi-body bonded interactions  (-rdd)   0.971 nm

Using 128 MPI threads

Non-default thread affinity set, disabling internal thread affinity

Using 1 OpenMP thread per tMPI thread

System total charge: 0.000
Will do PME sum in reciprocal space for LJ dispersion interactions.

++++ PLEASE READ AND CITE THE FOLLOWING REFERENCE ++++
U. Essmann, L. Perera, M. L. Berkowitz, T. Darden, H. Lee and L. G. Pedersen 
A smooth particle mesh Ewald method
J. Chem. Phys. 103 (1995) pp. 8577-8592
-------- -------- --- Thank You --- -------- --------

Using a Gaussian width (1/beta) of 0.298423 nm for LJ Ewald
Will do PME sum in reciprocal space for electrostatic interactions.

++++ PLEASE READ AND CITE THE FOLLOWING REFERENCE ++++
U. Essmann, L. Perera, M. L. Berkowitz, T. Darden, H. Lee and L. G. Pedersen 
A smooth particle mesh Ewald method
J. Chem. Phys. 103 (1995) pp. 8577-8592
-------- -------- --- Thank You --- -------- --------

Using a Gaussian width (1/beta) of 0.320163 nm for Ewald
Potential shift: LJ r^-12: -1.000e+00 r^-6: -1.000e-03, Ewald -1.000e-05
Initialized non-bonded Ewald tables, spacing: 9.33e-04 size: 1073

Using shifted Lennard-Jones, switch between 0 and 1 nm
Generated table with 1000 data points for 1-4 COUL.
Tabscale = 500 points/nm
Generated table with 1000 data points for 1-4 LJ6.
Tabscale = 500 points/nm
Generated table with 1000 data points for 1-4 LJ12.
Tabscale = 500 points/nm

Using SIMD 4x8 nonbonded short-range kernels

Using a 4x8 pair-list setup:
  updated every 100 steps, buffer 0.000 nm, rlist 1.000 nm
At tolerance 0.005 kJ/mol/ps per atom, equivalent classical 1x1 list would be:
  updated every 100 steps, buffer 0.171 nm, rlist 1.171 nm

Long Range LJ corr.: <C6> 1.1589e-05

Removing pbc first time

Initializing LINear Constraint Solver

++++ PLEASE READ AND CITE THE FOLLOWING REFERENCE ++++
B. Hess and H. Bekker and H. J. C. Berendsen and J. G. E. M. Fraaije
LINCS: A Linear Constraint Solver for molecular simulations
J. Comp. Chem. 18 (1997) pp. 1463-1472
-------- -------- --- Thank You --- -------- --------

The number of constraints is 18752
Setting the maximum number of constraint warnings to 2147483647

Linking all bonded interactions to atoms

Intra-simulation communication will occur every 20 steps.

++++ PLEASE READ AND CITE THE FOLLOWING REFERENCE ++++
G. Bussi, D. Donadio and M. Parrinello
Canonical sampling through velocity rescaling
J. Chem. Phys. 126 (2007) pp. 014101
-------- -------- --- Thank You --- -------- --------

There are: 31664 Atoms
Atom distribution over 80 domains: av 395 stddev 114 min 114 max 495

Constraining the starting coordinates (step 0)

Constraining the coordinates at t0-dt (step 0)
Center of mass motion removal mode is Linear
We have the following groups for center of mass motion removal:
  0:  rest
RMS relative constraint deviation after constraining: 2.31e-06
Initial temperature: 299.858 K

Started mdrun on rank 0 Thu Aug 12 19:51:47 2021

           Step           Time
              0        0.00000

   Energies (kJ/mol)
           Bond          Angle    Proper Dih. Ryckaert-Bell.          LJ-14
    1.66196e+04    6.20119e+04    5.30121e+02    3.93131e+04    1.42684e+04
     Coulomb-14        LJ (SR)  Disper. corr.   Coulomb (SR)   Coul. recip.
    3.07878e+05    1.39150e+04   -1.43529e+02   -3.74445e+05    8.14111e+03
      LJ recip.      Potential    Kinetic En.   Total Energy  Conserved En.
   -8.14850e+04    6.60393e+03    1.02121e+05    1.08725e+05    1.08725e+05
    Temperature Pres. DC (bar) Pressure (bar)   Constr. rmsd
    3.22215e+02   -7.04634e+00   -1.07584e+02    3.72952e-06


DD  step 99 load imb.: force 41.3%  pme mesh/force 14.092
step  600: timed with pme grid 52 52 84, coulomb cutoff 1.000: 221685.5 M-cycles
Writing checkpoint, step 600 at Thu Aug 12 20:08:29 2021


Writing checkpoint, step 700 at Thu Aug 12 21:06:12 2021


step  800: timed with pme grid 44 44 72, coulomb cutoff 1.121: 231991.3 M-cycles
Writing checkpoint, step 800 at Thu Aug 12 21:08:59 2021


Writing checkpoint, step 900 at Thu Aug 12 21:13:03 2021


step 1000: timed with pme grid 40 40 64, coulomb cutoff 1.259: 340448.1 M-cycles

DD  step 999 load imb.: force 44.6%  pme mesh/force 15.322
           Step           Time
           1000        2.00000

Writing checkpoint, step 1000 at Thu Aug 12 21:17:07 2021


   Energies (kJ/mol)
           Bond          Angle    Proper Dih. Ryckaert-Bell.          LJ-14
    1.58890e+04    6.30354e+04    5.18575e+02    3.91691e+04    1.44301e+04
     Coulomb-14        LJ (SR)  Disper. corr.   Coulomb (SR)   Coul. recip.
    3.07703e+05   -2.51203e+04   -7.64285e+01   -3.69632e+05    3.62722e+03
      LJ recip.      Potential    Kinetic En.   Total Energy  Conserved En.
   -4.28173e+04    6.72618e+03    9.47805e+04    1.01507e+05    1.09004e+05
    Temperature Pres. DC (bar) Pressure (bar)   Constr. rmsd
    2.99053e+02   -3.74989e+00    3.16947e+02    2.99310e-06

step 1200: timed with pme grid 40 40 72, coulomb cutoff 1.233: 311605.6 M-cycles
Writing checkpoint, step 1200 at Thu Aug 12 21:24:31 2021


step 1400: timed with pme grid 42 42 72, coulomb cutoff 1.174: 313187.3 M-cycles
step 1600: timed with pme grid 44 44 72, coulomb cutoff 1.121: 318189.2 M-cycles
Writing checkpoint, step 1600 at Thu Aug 12 21:39:17 2021


step 1800: timed with pme grid 48 48 80, coulomb cutoff 1.027: 325942.3 M-cycles
step 2000: timed with pme grid 52 52 80, coulomb cutoff 1.007: 269814.9 M-cycles

DD  step 1999 load imb.: force 55.7%  pme mesh/force 14.538
           Step           Time
           2000        4.00000

   Energies (kJ/mol)
           Bond          Angle    Proper Dih. Ryckaert-Bell.          LJ-14
    1.61165e+04    6.27270e+04    5.07484e+02    3.91537e+04    1.42653e+04
     Coulomb-14        LJ (SR)  Disper. corr.   Coulomb (SR)   Coul. recip.
    3.07389e+05    1.40139e+04   -1.43529e+02   -3.74221e+05    8.02368e+03
      LJ recip.      Potential    Kinetic En.   Total Energy  Conserved En.
   -8.16733e+04    6.15879e+03    9.49956e+04    1.01154e+05    1.09065e+05
    Temperature Pres. DC (bar) Pressure (bar)   Constr. rmsd
    2.99732e+02   -7.04634e+00   -6.99362e+01    2.94145e-06

Writing checkpoint, step 2100 at Thu Aug 12 21:55:46 2021


step 2200: timed with pme grid 52 52 84, coulomb cutoff 1.000: 298716.5 M-cycles
              optimal pme grid 52 52 84, coulomb cutoff 1.000
Writing checkpoint, step 2500 at Thu Aug 12 22:10:03 2021



Reading checkpoint file nvt3.cpt
  file generated by:     /jet/home/schwinns/pkgs/gromacs/2020.5/bin/gmx
  file generated at:     Thu Aug 12 22:10:03 2021

  GROMACS double prec.:  0
  simulation part #:     1
  step:                  2500
  time:                  5.000000



-----------------------------------------------------------
Restarting from checkpoint, appending to previous log file.

                      :-) GROMACS - gmx mdrun, 2020.5 (-:

Executable:   /jet/home/schwinns/pkgs/gromacs/2020.5/bin/gmx
Data prefix:  /jet/home/schwinns/pkgs/gromacs/2020.5
Working dir:  /ocean/projects/cts160011p/schwinns/Projects/mscg/workflow/atomistic/bilayer/equilibration
Process ID:   88948
Command line:
  gmx mdrun -cpi nvt3.cpt -deffnm nvt3

GROMACS version:    2020.5
Verified release checksum is 4d9aa1b4e69850bc4583c1983ce2e0e3a88250cafb8f30ab0290b4dd4413a41e
Precision:          single
Memory model:       64 bit
MPI library:        thread_mpi
OpenMP support:     enabled (GMX_OPENMP_MAX_THREADS = 64)
GPU support:        disabled
SIMD instructions:  AVX2_256
FFT library:        fftw-3.3.8-sse2-avx-avx2-avx2_128
RDTSCP usage:       enabled
TNG support:        enabled
Hwloc support:      hwloc-1.11.9
Tracing support:    disabled
C compiler:         /jet/packages/spack/opt/spack/linux-centos8-zen/gcc-8.3.1/gcc-10.2.0-tfzxq7udz2a53dmujvasy4uz33t27iwv/bin/gcc GNU 10.2.0
C compiler flags:   -mavx2 -mfma -fexcess-precision=fast -funroll-all-loops -O2 -DNDEBUG
C++ compiler:       /jet/packages/spack/opt/spack/linux-centos8-zen/gcc-8.3.1/gcc-10.2.0-tfzxq7udz2a53dmujvasy4uz33t27iwv/bin/g++ GNU 10.2.0
C++ compiler flags: -mavx2 -mfma -fexcess-precision=fast -funroll-all-loops -fopenmp -O2 -DNDEBUG

Changing nstlist from 40 to 100, rlist from 1 to 1


Initializing Domain Decomposition on 128 ranks
Dynamic load balancing: auto
Using update groups, nr 12912, average size 2.5 atoms, max. radius 0.101 nm
Minimum cell size due to atom displacement: 0.688 nm
Initial maximum distances in bonded interactions:
    two-body bonded interactions: 0.413 nm, LJ-14, atoms 12051 12057
  multi-body bonded interactions: 0.413 nm, Ryckaert-Bell., atoms 12051 12057
Minimum cell size due to bonded interactions: 0.454 nm
Scaling the initial minimum size with 1/0.8 (option -dds) = 1.25
Guess for relative PME load: 0.36
Will use 80 particle-particle and 48 PME only ranks
This is a guess, check the performance at the end of the log file
Using 48 separate PME ranks, as guessed by mdrun
Optimizing the DD grid for 80 cells with a minimum initial size of 0.860 nm
The maximum allowed number of cells is: X 6 Y 6 Z 11
Domain decomposition grid 4 x 4 x 5, separate PME ranks 48
PME domain decomposition: 4 x 12 x 1
Interleaving PP and PME ranks
This rank does only particle-particle work.
Domain decomposition rank 0, coordinates 0 0 0

The initial number of communication pulses is: X 1 Y 1 Z 1
The initial domain decomposition cell size is: X 1.48 nm Y 1.48 nm Z 1.93 nm

The maximum allowed distance for atom groups involved in interactions is:
                 non-bonded interactions           1.202 nm
            two-body bonded interactions  (-rdd)   1.202 nm
          multi-body bonded interactions  (-rdd)   1.202 nm

When dynamic load balancing gets turned on, these settings will change to:
The maximum number of communication pulses is: X 2 Y 2 Z 2
The minimum size for domain decomposition cells is 0.967 nm
The requested allowed shrink of DD cells (option -dds) is: 0.80
The allowed shrink of domain decomposition cells is: X 0.65 Y 0.65 Z 0.50
The maximum allowed distance for atom groups involved in interactions is:
                 non-bonded interactions           1.202 nm
            two-body bonded interactions  (-rdd)   1.202 nm
          multi-body bonded interactions  (-rdd)   0.967 nm

Using 128 MPI threads

Non-default thread affinity set, disabling internal thread affinity

Using 1 OpenMP thread per tMPI thread

System total charge: 0.000
Will do PME sum in reciprocal space for LJ dispersion interactions.

++++ PLEASE READ AND CITE THE FOLLOWING REFERENCE ++++
U. Essmann, L. Perera, M. L. Berkowitz, T. Darden, H. Lee and L. G. Pedersen 
A smooth particle mesh Ewald method
J. Chem. Phys. 103 (1995) pp. 8577-8592
-------- -------- --- Thank You --- -------- --------

Using a Gaussian width (1/beta) of 0.298423 nm for LJ Ewald
Will do PME sum in reciprocal space for electrostatic interactions.

++++ PLEASE READ AND CITE THE FOLLOWING REFERENCE ++++
U. Essmann, L. Perera, M. L. Berkowitz, T. Darden, H. Lee and L. G. Pedersen 
A smooth particle mesh Ewald method
J. Chem. Phys. 103 (1995) pp. 8577-8592
-------- -------- --- Thank You --- -------- --------

Using a Gaussian width (1/beta) of 0.320163 nm for Ewald
Potential shift: LJ r^-12: -1.000e+00 r^-6: -1.000e-03, Ewald -1.000e-05
Initialized non-bonded Ewald tables, spacing: 9.33e-04 size: 1073

Using shifted Lennard-Jones, switch between 0 and 1 nm
Generated table with 1000 data points for 1-4 COUL.
Tabscale = 500 points/nm
Generated table with 1000 data points for 1-4 LJ6.
Tabscale = 500 points/nm
Generated table with 1000 data points for 1-4 LJ12.
Tabscale = 500 points/nm

Using SIMD 4x8 nonbonded short-range kernels

Using a 4x8 pair-list setup:
  updated every 100 steps, buffer 0.000 nm, rlist 1.000 nm
At tolerance 0.005 kJ/mol/ps per atom, equivalent classical 1x1 list would be:
  updated every 100 steps, buffer 0.171 nm, rlist 1.171 nm

Long Range LJ corr.: <C6> 1.1589e-05


Initializing LINear Constraint Solver

++++ PLEASE READ AND CITE THE FOLLOWING REFERENCE ++++
B. Hess and H. Bekker and H. J. C. Berendsen and J. G. E. M. Fraaije
LINCS: A Linear Constraint Solver for molecular simulations
J. Comp. Chem. 18 (1997) pp. 1463-1472
-------- -------- --- Thank You --- -------- --------

The number of constraints is 18752
Setting the maximum number of constraint warnings to 2147483647

Linking all bonded interactions to atoms

Intra-simulation communication will occur every 20 steps.
There are: 31664 Atoms
Atom distribution over 80 domains: av 395 stddev 117 min 111 max 509
Center of mass motion removal mode is Linear
We have the following groups for center of mass motion removal:
  0:  rest

Started mdrun on rank 0 Fri Aug 13 00:32:13 2021


DD  step 2599 load imb.: force 43.7%  pme mesh/force 13.134

DD  step 2999 load imb.: force 49.9%  pme mesh/force 8.755
           Step           Time
           3000        6.00000

   Energies (kJ/mol)
           Bond          Angle    Proper Dih. Ryckaert-Bell.          LJ-14
    1.58576e+04    6.31980e+04    5.09977e+02    3.86356e+04    1.43100e+04
     Coulomb-14        LJ (SR)  Disper. corr.   Coulomb (SR)   Coul. recip.
    3.07490e+05    1.37144e+04   -1.43529e+02   -3.73677e+05    8.12463e+03
      LJ recip.      Potential    Kinetic En.   Total Energy  Conserved En.
   -8.17203e+04    6.29883e+03    9.48936e+04    1.01192e+05    1.09083e+05
    Temperature Pres. DC (bar) Pressure (bar)   Constr. rmsd
    2.99411e+02   -7.04634e+00    1.17148e+02    2.91167e-06

step 3100: timed with pme grid 52 52 84, coulomb cutoff 1.000: 287604.9 M-cycles
Writing checkpoint, step 3100 at Fri Aug 13 00:48:46 2021


step 3300: timed with pme grid 44 44 72, coulomb cutoff 1.121: 261132.4 M-cycles
step 3500: timed with pme grid 40 40 64, coulomb cutoff 1.259: 283444.4 M-cycles
Writing checkpoint, step 3600 at Fri Aug 13 01:03:07 2021


step 3700: timed with pme grid 36 36 60, coulomb cutoff 1.370: 148714.7 M-cycles
step 3900: timed with pme grid 32 32 56, coulomb cutoff 1.541: 254507.8 M-cycles

DD  step 3999 load imb.: force 51.8%  pme mesh/force 14.171
           Step           Time
           4000        8.00000

   Energies (kJ/mol)
           Bond          Angle    Proper Dih. Ryckaert-Bell.          LJ-14
    1.54889e+04    6.31037e+04    5.09418e+02    3.90331e+04    1.43174e+04
     Coulomb-14        LJ (SR)  Disper. corr.   Coulomb (SR)   Coul. recip.
    3.07488e+05   -4.15699e+04   -4.81086e+01   -3.67551e+05    2.06814e+03
      LJ recip.      Potential    Kinetic En.   Total Energy  Conserved En.
   -2.67873e+04    6.05238e+03    9.56636e+04    1.01716e+05    1.09062e+05
    Temperature Pres. DC (bar) Pressure (bar)   Constr. rmsd
    3.01840e+02   -2.35981e+00    1.93156e+02    2.97894e-06

step 4100: timed with pme grid 36 36 56, coulomb cutoff 1.439: 297437.8 M-cycles
Writing checkpoint, step 4200 at Fri Aug 13 01:18:14 2021


step 4300: timed with pme grid 36 36 60, coulomb cutoff 1.370: 218068.2 M-cycles
step 4500: timed with pme grid 40 40 60, coulomb cutoff 1.343: 170102.8 M-cycles
              optimal pme grid 36 36 60, coulomb cutoff 1.370
Writing checkpoint, step 4800 at Fri Aug 13 01:34:56 2021



DD  step 4999 load imb.: force 27.3%  pme mesh/force 11.115
           Step           Time
           5000       10.00000

Writing checkpoint, step 5000 at Fri Aug 13 01:40:53 2021


   Energies (kJ/mol)
           Bond          Angle    Proper Dih. Ryckaert-Bell.          LJ-14
    1.58628e+04    6.23261e+04    5.22241e+02    3.90254e+04    1.43779e+04
     Coulomb-14        LJ (SR)  Disper. corr.   Coulomb (SR)   Coul. recip.
    3.07729e+05   -3.69285e+04   -5.58623e+01   -3.68647e+05    2.47007e+03
      LJ recip.      Potential    Kinetic En.   Total Energy  Conserved En.
   -3.11026e+04    5.57973e+03    9.41509e+04    9.97306e+04    1.09064e+05
    Temperature Pres. DC (bar) Pressure (bar)   Constr. rmsd
    2.97067e+02   -2.74032e+00    8.96147e+00    2.92479e-06


	<======  ###############  ==>
	<====  A V E R A G E S  ====>
	<==  ###############  ======>

	Statistics over 5001 steps using 51 frames

   Energies (kJ/mol)
           Bond          Angle    Proper Dih. Ryckaert-Bell.          LJ-14
    1.59605e+04    6.27824e+04    5.07924e+02    3.90280e+04    1.43237e+04
     Coulomb-14        LJ (SR)  Disper. corr.   Coulomb (SR)   Coul. recip.
    3.07554e+05   -1.17740e+04   -9.92675e+01   -3.71138e+05    5.22311e+03
      LJ recip.      Potential    Kinetic En.   Total Energy  Conserved En.
   -5.61166e+04    6.25144e+03    9.52651e+04    1.01517e+05    1.09030e+05
    Temperature Pres. DC (bar) Pressure (bar)   Constr. rmsd
    3.00583e+02   -4.87212e+00   -8.93466e+00    0.00000e+00

   Total Virial (kJ/mol)
    2.92189e+04    2.70313e+02    1.95287e+02
    2.70309e+02    3.11934e+04    3.37789e+02
    1.95289e+02    3.37778e+02    3.51262e+04

   Pressure (bar)
    1.47793e+02   -1.87616e+01   -1.16466e+01
   -1.87612e+01   -1.42273e+01   -5.09189e+01
   -1.16468e+01   -5.09178e+01   -1.60370e+02


       P P   -   P M E   L O A D   B A L A N C I N G

 PP/PME load balancing changed the cut-off and PME settings:
           particle-particle                    PME
            rcoulomb  rlist            grid      spacing   1/beta
   initial  1.000 nm  1.000 nm      52  52  84   0.115 nm  0.320 nm
   final    1.370 nm  1.370 nm      36  36  60   0.164 nm  0.439 nm
 cost-ratio           2.57             0.34
 (note that these numbers concern only part of the total PP and PME load)

NOTE: PME load balancing increased the non-bonded workload by more than 50%.
      For better performance, use (more) PME ranks (mdrun -npme),
      or if you are beyond the scaling limit, use fewer total ranks (or nodes).

	M E G A - F L O P S   A C C O U N T I N G

 NB=Group-cutoff nonbonded kernels    NxN=N-by-N cluster Verlet kernels
 RF=Reaction-Field  VdW=Van der Waals  QSTab=quadratic-spline table
 W3=SPC/TIP3p  W4=TIP4p (single or pairs)
 V&F=Potential and force  V=Potential only  F=Force only

 Computing:                               M-Number         M-Flops  % Flops
-----------------------------------------------------------------------------
 Pair Search distance check             457.276982        4115.493     0.1
 NxN Ewald Elec. + LJ [F]             66291.401088     6761722.911    89.9
 NxN Ewald Elec. + LJ [V&F]             700.491408       98068.797     1.3
 NxN Ewald Elec. [F]                   4968.567648      303082.627     4.0
 NxN Ewald Elec. [V&F]                   52.567984        4415.711     0.1
 1,4 nonbonded interactions             185.654232       16708.881     0.2
 Calc Weights                           237.574992        8552.700     0.1
 Spread Q Bspline                     10136.532992       20273.066     0.3
 Gather F Bspline                     10136.532992       60819.198     0.8
 3D-FFT                               20455.515784      163644.126     2.2
 Solve PME                              102.751104        6576.071     0.1
 Reset In Box                             0.791600           2.375     0.0
 CG-CoM                                   0.823264           2.470     0.0
 Bonds                                   29.471784        1738.835     0.0
 Angles                                 135.114024       22699.156     0.3
 Propers                                  5.762304        1319.568     0.0
 RB-Dihedrals                           177.330904       43800.733     0.6
 Virial                                   0.916864          16.504     0.0
 Stop-CM                                  0.823264           8.233     0.0
 Calc-Ekin                                7.979328         215.442     0.0
 Lincs                                   46.898752        2813.925     0.0
 Lincs-Mat                              198.319296         793.277     0.0
 Constraint-V                            93.797504         750.380     0.0
 Constraint-Vir                           0.487552          11.701     0.0
-----------------------------------------------------------------------------
 Total                                                 7522152.178   100.0
-----------------------------------------------------------------------------


    D O M A I N   D E C O M P O S I T I O N   S T A T I S T I C S

 av. #atoms communicated per step for force:  2 x 122180.8


Dynamic load balancing report:
 DLB was off during the run due to low measured imbalance.
 Average load imbalance: 41.4%.
 The balanceable part of the MD step is 9%, load imbalance is computed from this.
 Part of the total run time spent waiting due to load imbalance: 3.8%.
 Average PME mesh/force load: 11.245
 Part of the total run time spent waiting due to PP/PME imbalance: 56.2 %

NOTE: 56.2 % performance was lost because the PME ranks
      had more work to do than the PP ranks.
      You might want to increase the number of PME ranks
      or increase the cut-off and the grid spacing.


     R E A L   C Y C L E   A N D   T I M E   A C C O U N T I N G

On 80 MPI ranks doing PP, and
on 48 MPI ranks doing PME

 Computing:          Num   Num      Call    Wall time         Giga-Cycles
                     Ranks Threads  Count      (s)         total sum    %
-----------------------------------------------------------------------------
 Domain decomp.        80    1         25      27.821       4998.280   0.4
 DD comm. load         80    1          5       0.217         39.068   0.0
 Send X to PME         80    1       2501      31.139       5594.383   0.5
 Neighbor search       80    1         26       0.333         59.858   0.0
 Comm. coord.          80    1       2475     309.974      55689.131   4.7
 Force                 80    1       2501       4.982        894.976   0.1
 Wait + Comm. F        80    1       2501     254.753      45768.292   3.9
 PME mesh *            48    1       2501    4027.719     434165.532  36.7
 PME wait for PP *                             92.731       9995.896   0.8
 Wait + Recv. PME F    80    1       2501    3463.246     622197.573  52.5
 NB X/F buffer ops.    80    1       7451       0.072         12.943   0.0
 Write traj.           80    1          5       0.633        113.772   0.0
 Update                80    1       2501       0.023          4.073   0.0
 Constraints           80    1       2501       0.036          6.411   0.0
 Comm. energies        80    1        126      22.169       3982.895   0.3
 Rest                                           5.192        932.813   0.1
-----------------------------------------------------------------------------
 Total                                       4120.592    1184471.147 100.0
-----------------------------------------------------------------------------
(*) Note that with separate PME ranks, the walltime column actually sums to
    twice the total reported, but the cycle count total and % are correct.
-----------------------------------------------------------------------------
 Breakdown of PME mesh computation
-----------------------------------------------------------------------------
 PME redist. X/F       48    1       7503    2283.827     246183.737  20.8
 PME spread            48    1       5002     442.902      47742.319   4.0
 PME gather            48    1       5002     265.762      28647.667   2.4
 PME 3D-FFT            48    1      10004       0.387         41.711   0.0
 PME 3D-FFT Comm.      48    1      20008    1034.784     111543.870   9.4
 PME solve LJ          48    1       2501       0.033          3.506   0.0
 PME solve Elec        48    1       2501       0.016          1.673   0.0
-----------------------------------------------------------------------------

               Core t (s)   Wall t (s)        (%)
       Time:   527416.668     4120.592    12799.5
                         1h08:40
                 (ns/day)    (hour/ns)
Performance:        0.105      228.830
Finished mdrun on rank 0 Fri Aug 13 01:40:54 2021

