                      :-) GROMACS - gmx mdrun, 2020.5 (-:

                            GROMACS is written by:
     Emile Apol      Rossen Apostolov      Paul Bauer     Herman J.C. Berendsen
    Par Bjelkmar      Christian Blau   Viacheslav Bolnykh     Kevin Boyd    
 Aldert van Buuren   Rudi van Drunen     Anton Feenstra       Alan Gray     
  Gerrit Groenhof     Anca Hamuraru    Vincent Hindriksen  M. Eric Irrgang  
  Aleksei Iupinov   Christoph Junghans     Joe Jordan     Dimitrios Karkoulis
    Peter Kasson        Jiri Kraus      Carsten Kutzner      Per Larsson    
  Justin A. Lemkul    Viveca Lindahl    Magnus Lundborg     Erik Marklund   
    Pascal Merz     Pieter Meulenhoff    Teemu Murtola       Szilard Pall   
    Sander Pronk      Roland Schulz      Michael Shirts    Alexey Shvetsov  
   Alfons Sijbers     Peter Tieleman      Jon Vincent      Teemu Virolainen 
 Christian Wennberg    Maarten Wolf      Artem Zhmurov   
                           and the project leaders:
        Mark Abraham, Berk Hess, Erik Lindahl, and David van der Spoel

Copyright (c) 1991-2000, University of Groningen, The Netherlands.
Copyright (c) 2001-2019, The GROMACS development team at
Uppsala University, Stockholm University and
the Royal Institute of Technology, Sweden.
check out http://www.gromacs.org for more information.

GROMACS is free software; you can redistribute it and/or modify it
under the terms of the GNU Lesser General Public License
as published by the Free Software Foundation; either version 2.1
of the License, or (at your option) any later version.

GROMACS:      gmx mdrun, version 2020.5
Executable:   /jet/home/schwinns/pkgs/gromacs/2020.5/bin/gmx
Data prefix:  /jet/home/schwinns/pkgs/gromacs/2020.5
Working dir:  /ocean/projects/cts160011p/schwinns/Projects/mscg/workflow/atomistic/bilayer/equilibration
Process ID:   69929
Command line:
  gmx mdrun -deffnm nvt4

GROMACS version:    2020.5
Verified release checksum is 4d9aa1b4e69850bc4583c1983ce2e0e3a88250cafb8f30ab0290b4dd4413a41e
Precision:          single
Memory model:       64 bit
MPI library:        thread_mpi
OpenMP support:     enabled (GMX_OPENMP_MAX_THREADS = 64)
GPU support:        disabled
SIMD instructions:  AVX2_256
FFT library:        fftw-3.3.8-sse2-avx-avx2-avx2_128
RDTSCP usage:       enabled
TNG support:        enabled
Hwloc support:      hwloc-1.11.9
Tracing support:    disabled
C compiler:         /jet/packages/spack/opt/spack/linux-centos8-zen/gcc-8.3.1/gcc-10.2.0-tfzxq7udz2a53dmujvasy4uz33t27iwv/bin/gcc GNU 10.2.0
C compiler flags:   -mavx2 -mfma -fexcess-precision=fast -funroll-all-loops -O2 -DNDEBUG
C++ compiler:       /jet/packages/spack/opt/spack/linux-centos8-zen/gcc-8.3.1/gcc-10.2.0-tfzxq7udz2a53dmujvasy4uz33t27iwv/bin/g++ GNU 10.2.0
C++ compiler flags: -mavx2 -mfma -fexcess-precision=fast -funroll-all-loops -fopenmp -O2 -DNDEBUG


Running on 1 node with total 128 cores, 128 logical cores
Hardware detected:
  CPU info:
    Vendor: AMD
    Brand:  AMD EPYC 7742 64-Core Processor                
    Family: 23   Model: 49   Stepping: 0
    Features: aes amd apic avx avx2 clfsh cmov cx8 cx16 f16c fma htt lahf misalignsse mmx msr nonstop_tsc pclmuldq pdpe1gb popcnt pse rdrnd rdtscp sha sse2 sse3 sse4a sse4.1 sse4.2 ssse3
  Hardware topology: Only logical processor count


++++ PLEASE READ AND CITE THE FOLLOWING REFERENCE ++++
M. J. Abraham, T. Murtola, R. Schulz, S. Páll, J. C. Smith, B. Hess, E.
Lindahl
GROMACS: High performance molecular simulations through multi-level
parallelism from laptops to supercomputers
SoftwareX 1 (2015) pp. 19-25
-------- -------- --- Thank You --- -------- --------


++++ PLEASE READ AND CITE THE FOLLOWING REFERENCE ++++
S. Páll, M. J. Abraham, C. Kutzner, B. Hess, E. Lindahl
Tackling Exascale Software Challenges in Molecular Dynamics Simulations with
GROMACS
In S. Markidis & E. Laure (Eds.), Solving Software Challenges for Exascale 8759 (2015) pp. 3-27
-------- -------- --- Thank You --- -------- --------


++++ PLEASE READ AND CITE THE FOLLOWING REFERENCE ++++
S. Pronk, S. Páll, R. Schulz, P. Larsson, P. Bjelkmar, R. Apostolov, M. R.
Shirts, J. C. Smith, P. M. Kasson, D. van der Spoel, B. Hess, and E. Lindahl
GROMACS 4.5: a high-throughput and highly parallel open source molecular
simulation toolkit
Bioinformatics 29 (2013) pp. 845-54
-------- -------- --- Thank You --- -------- --------


++++ PLEASE READ AND CITE THE FOLLOWING REFERENCE ++++
B. Hess and C. Kutzner and D. van der Spoel and E. Lindahl
GROMACS 4: Algorithms for highly efficient, load-balanced, and scalable
molecular simulation
J. Chem. Theory Comput. 4 (2008) pp. 435-447
-------- -------- --- Thank You --- -------- --------


++++ PLEASE READ AND CITE THE FOLLOWING REFERENCE ++++
D. van der Spoel, E. Lindahl, B. Hess, G. Groenhof, A. E. Mark and H. J. C.
Berendsen
GROMACS: Fast, Flexible and Free
J. Comp. Chem. 26 (2005) pp. 1701-1719
-------- -------- --- Thank You --- -------- --------


++++ PLEASE READ AND CITE THE FOLLOWING REFERENCE ++++
E. Lindahl and B. Hess and D. van der Spoel
GROMACS 3.0: A package for molecular simulation and trajectory analysis
J. Mol. Mod. 7 (2001) pp. 306-317
-------- -------- --- Thank You --- -------- --------


++++ PLEASE READ AND CITE THE FOLLOWING REFERENCE ++++
H. J. C. Berendsen, D. van der Spoel and R. van Drunen
GROMACS: A message-passing parallel molecular dynamics implementation
Comp. Phys. Comm. 91 (1995) pp. 43-56
-------- -------- --- Thank You --- -------- --------


++++ PLEASE CITE THE DOI FOR THIS VERSION OF GROMACS ++++
https://doi.org/10.5281/zenodo.4420785
-------- -------- --- Thank You --- -------- --------

Input Parameters:
   integrator                     = md
   tinit                          = 0
   dt                             = 0.002
   nsteps                         = 5000
   init-step                      = 0
   simulation-part                = 1
   comm-mode                      = Linear
   nstcomm                        = 100
   bd-fric                        = 0
   ld-seed                        = 1867807487
   emtol                          = 10
   emstep                         = 0.01
   niter                          = 20
   fcstep                         = 0
   nstcgsteep                     = 1000
   nbfgscorr                      = 10
   rtpi                           = 0.05
   nstxout                        = 0
   nstvout                        = 0
   nstfout                        = 0
   nstlog                         = 1000
   nstcalcenergy                  = 100
   nstenergy                      = 1000
   nstxout-compressed             = 0
   compressed-x-precision         = 1000
   cutoff-scheme                  = Verlet
   nstlist                        = 40
   pbc                            = xyz
   periodic-molecules             = false
   verlet-buffer-tolerance        = 0.005
   rlist                          = 1
   coulombtype                    = PME
   coulomb-modifier               = Potential-shift
   rcoulomb-switch                = 0
   rcoulomb                       = 1
   epsilon-r                      = 1
   epsilon-rf                     = inf
   vdw-type                       = PME
   vdw-modifier                   = Potential-shift
   rvdw-switch                    = 0
   rvdw                           = 1
   DispCorr                       = EnerPres
   table-extension                = 1
   fourierspacing                 = 0.12
   fourier-nx                     = 52
   fourier-ny                     = 52
   fourier-nz                     = 80
   pme-order                      = 4
   ewald-rtol                     = 1e-05
   ewald-rtol-lj                  = 0.001
   lj-pme-comb-rule               = Geometric
   ewald-geometry                 = 0
   epsilon-surface                = 0
   tcoupl                         = V-rescale
   nsttcouple                     = 40
   nh-chain-length                = 0
   print-nose-hoover-chain-variables = false
   pcoupl                         = No
   pcoupltype                     = Isotropic
   nstpcouple                     = -1
   tau-p                          = 1
   compressibility (3x3):
      compressibility[    0]={ 0.00000e+00,  0.00000e+00,  0.00000e+00}
      compressibility[    1]={ 0.00000e+00,  0.00000e+00,  0.00000e+00}
      compressibility[    2]={ 0.00000e+00,  0.00000e+00,  0.00000e+00}
   ref-p (3x3):
      ref-p[    0]={ 0.00000e+00,  0.00000e+00,  0.00000e+00}
      ref-p[    1]={ 0.00000e+00,  0.00000e+00,  0.00000e+00}
      ref-p[    2]={ 0.00000e+00,  0.00000e+00,  0.00000e+00}
   refcoord-scaling               = No
   posres-com (3):
      posres-com[0]= 0.00000e+00
      posres-com[1]= 0.00000e+00
      posres-com[2]= 0.00000e+00
   posres-comB (3):
      posres-comB[0]= 0.00000e+00
      posres-comB[1]= 0.00000e+00
      posres-comB[2]= 0.00000e+00
   QMMM                           = false
   QMconstraints                  = 0
   QMMMscheme                     = 0
   MMChargeScaleFactor            = 1
qm-opts:
   ngQM                           = 0
   constraint-algorithm           = Lincs
   continuation                   = false
   Shake-SOR                      = false
   shake-tol                      = 0.0001
   lincs-order                    = 4
   lincs-iter                     = 1
   lincs-warnangle                = 30
   nwall                          = 0
   wall-type                      = 9-3
   wall-r-linpot                  = -1
   wall-atomtype[0]               = -1
   wall-atomtype[1]               = -1
   wall-density[0]                = 0
   wall-density[1]                = 0
   wall-ewald-zfac                = 3
   pull                           = false
   awh                            = false
   rotation                       = false
   interactiveMD                  = false
   disre                          = No
   disre-weighting                = Conservative
   disre-mixed                    = false
   dr-fc                          = 1000
   dr-tau                         = 0
   nstdisreout                    = 100
   orire-fc                       = 0
   orire-tau                      = 0
   nstorireout                    = 100
   free-energy                    = no
   cos-acceleration               = 0
   deform (3x3):
      deform[    0]={ 0.00000e+00,  0.00000e+00,  0.00000e+00}
      deform[    1]={ 0.00000e+00,  0.00000e+00,  0.00000e+00}
      deform[    2]={ 0.00000e+00,  0.00000e+00,  0.00000e+00}
   simulated-tempering            = false
   swapcoords                     = no
   userint1                       = 0
   userint2                       = 0
   userint3                       = 0
   userint4                       = 0
   userreal1                      = 0
   userreal2                      = 0
   userreal3                      = 0
   userreal4                      = 0
   applied-forces:
     electric-field:
       x:
         E0                       = 0
         omega                    = 0
         t0                       = 0
         sigma                    = 0
       y:
         E0                       = 0
         omega                    = 0
         t0                       = 0
         sigma                    = 0
       z:
         E0                       = 0
         omega                    = 0
         t0                       = 0
         sigma                    = 0
     density-guided-simulation:
       active                     = false
       group                      = protein
       similarity-measure         = inner-product
       atom-spreading-weight      = unity
       force-constant             = 1e+09
       gaussian-transform-spreading-width = 0.2
       gaussian-transform-spreading-range-in-multiples-of-width = 4
       reference-density-filename = reference.mrc
       nst                        = 1
       normalize-densities        = true
       adaptive-force-scaling     = false
       adaptive-force-scaling-time-constant = 4
grpopts:
   nrdf:       76237
   ref-t:         300
   tau-t:         0.1
annealing:          No
annealing-npoints:           0
   acc:	           0           0           0
   nfreeze:           N           N           N
   energygrp-flags[  0]: 0

Changing nstlist from 40 to 100, rlist from 1 to 1


Initializing Domain Decomposition on 128 ranks
Dynamic load balancing: auto
Using update groups, nr 12912, average size 2.5 atoms, max. radius 0.101 nm
Minimum cell size due to atom displacement: 0.688 nm
Initial maximum distances in bonded interactions:
    two-body bonded interactions: 0.413 nm, LJ-14, atoms 11044 11053
  multi-body bonded interactions: 0.413 nm, Ryckaert-Bell., atoms 11044 11053
Minimum cell size due to bonded interactions: 0.455 nm
Scaling the initial minimum size with 1/0.8 (option -dds) = 1.25
Guess for relative PME load: 0.36
Will use 84 particle-particle and 44 PME only ranks
This is a guess, check the performance at the end of the log file
Using 44 separate PME ranks, as guessed by mdrun
Optimizing the DD grid for 84 cells with a minimum initial size of 0.860 nm
The maximum allowed number of cells is: X 6 Y 6 Z 11
Domain decomposition grid 4 x 3 x 7, separate PME ranks 44
PME domain decomposition: 4 x 11 x 1
Interleaving PP and PME ranks
This rank does only particle-particle work.
Domain decomposition rank 0, coordinates 0 0 0

The initial number of communication pulses is: X 1 Y 1 Z 1
The initial domain decomposition cell size is: X 1.48 nm Y 1.98 nm Z 1.36 nm

The maximum allowed distance for atom groups involved in interactions is:
                 non-bonded interactions           1.202 nm
            two-body bonded interactions  (-rdd)   1.202 nm
          multi-body bonded interactions  (-rdd)   1.202 nm

When dynamic load balancing gets turned on, these settings will change to:
The maximum number of communication pulses is: X 2 Y 2 Z 2
The minimum size for domain decomposition cells is 0.908 nm
The requested allowed shrink of DD cells (option -dds) is: 0.80
The allowed shrink of domain decomposition cells is: X 0.61 Y 0.46 Z 0.67
The maximum allowed distance for atom groups involved in interactions is:
                 non-bonded interactions           1.202 nm
            two-body bonded interactions  (-rdd)   1.202 nm
          multi-body bonded interactions  (-rdd)   0.908 nm

Using 128 MPI threads

Non-default thread affinity set, disabling internal thread affinity

Using 1 OpenMP thread per tMPI thread

System total charge: 0.000
Will do PME sum in reciprocal space for LJ dispersion interactions.

++++ PLEASE READ AND CITE THE FOLLOWING REFERENCE ++++
U. Essmann, L. Perera, M. L. Berkowitz, T. Darden, H. Lee and L. G. Pedersen 
A smooth particle mesh Ewald method
J. Chem. Phys. 103 (1995) pp. 8577-8592
-------- -------- --- Thank You --- -------- --------

Using a Gaussian width (1/beta) of 0.298423 nm for LJ Ewald
Will do PME sum in reciprocal space for electrostatic interactions.

++++ PLEASE READ AND CITE THE FOLLOWING REFERENCE ++++
U. Essmann, L. Perera, M. L. Berkowitz, T. Darden, H. Lee and L. G. Pedersen 
A smooth particle mesh Ewald method
J. Chem. Phys. 103 (1995) pp. 8577-8592
-------- -------- --- Thank You --- -------- --------

Using a Gaussian width (1/beta) of 0.320163 nm for Ewald
Potential shift: LJ r^-12: -1.000e+00 r^-6: -1.000e-03, Ewald -1.000e-05
Initialized non-bonded Ewald tables, spacing: 9.33e-04 size: 1073

Using shifted Lennard-Jones, switch between 0 and 1 nm
Generated table with 1000 data points for 1-4 COUL.
Tabscale = 500 points/nm
Generated table with 1000 data points for 1-4 LJ6.
Tabscale = 500 points/nm
Generated table with 1000 data points for 1-4 LJ12.
Tabscale = 500 points/nm

Using SIMD 4x8 nonbonded short-range kernels

Using a 4x8 pair-list setup:
  updated every 100 steps, buffer 0.000 nm, rlist 1.000 nm
At tolerance 0.005 kJ/mol/ps per atom, equivalent classical 1x1 list would be:
  updated every 100 steps, buffer 0.172 nm, rlist 1.172 nm

Long Range LJ corr.: <C6> 1.1589e-05

Removing pbc first time

Initializing LINear Constraint Solver

++++ PLEASE READ AND CITE THE FOLLOWING REFERENCE ++++
B. Hess and H. Bekker and H. J. C. Berendsen and J. G. E. M. Fraaije
LINCS: A Linear Constraint Solver for molecular simulations
J. Comp. Chem. 18 (1997) pp. 1463-1472
-------- -------- --- Thank You --- -------- --------

The number of constraints is 18752
Setting the maximum number of constraint warnings to 2147483647

Linking all bonded interactions to atoms

Intra-simulation communication will occur every 20 steps.

++++ PLEASE READ AND CITE THE FOLLOWING REFERENCE ++++
G. Bussi, D. Donadio and M. Parrinello
Canonical sampling through velocity rescaling
J. Chem. Phys. 126 (2007) pp. 014101
-------- -------- --- Thank You --- -------- --------

There are: 31664 Atoms
Atom distribution over 84 domains: av 376 stddev 114 min 52 max 479

Constraining the starting coordinates (step 0)

Constraining the coordinates at t0-dt (step 0)
Center of mass motion removal mode is Linear
We have the following groups for center of mass motion removal:
  0:  rest
RMS relative constraint deviation after constraining: 2.12e-06
Initial temperature: 299.251 K

Started mdrun on rank 0 Fri Aug 13 03:19:15 2021

           Step           Time
              0        0.00000

   Energies (kJ/mol)
           Bond          Angle    Proper Dih. Ryckaert-Bell.          LJ-14
    1.60842e+04    6.26570e+04    5.22458e+02    3.90908e+04    1.42199e+04
     Coulomb-14        LJ (SR)  Disper. corr.   Coulomb (SR)   Coul. recip.
    3.07236e+05    1.35522e+04   -1.44987e+02   -3.73776e+05    8.06536e+03
      LJ recip.      Potential    Kinetic En.   Total Energy  Conserved En.
   -8.17351e+04    5.77203e+03    1.01867e+05    1.07639e+05    1.07639e+05
    Temperature Pres. DC (bar) Pressure (bar)   Constr. rmsd
    3.21412e+02   -7.19001e+00   -1.86986e+02    3.72801e-06


DD  step 99 load imb.: force 41.0%  pme mesh/force 15.390
step  600: timed with pme grid 52 52 80, coulomb cutoff 1.000: 162702.7 M-cycles
step  800: timed with pme grid 44 44 72, coulomb cutoff 1.123: 153109.9 M-cycles
Writing checkpoint, step 900 at Fri Aug 13 03:36:29 2021


step 1000: timed with pme grid 40 40 64, coulomb cutoff 1.242: 177568.6 M-cycles

DD  step 999 load imb.: force 25.5%  pme mesh/force 15.741
           Step           Time
           1000        2.00000

   Energies (kJ/mol)
           Bond          Angle    Proper Dih. Ryckaert-Bell.          LJ-14
    1.59586e+04    6.32271e+04    5.01485e+02    3.87202e+04    1.42798e+04
     Coulomb-14        LJ (SR)  Disper. corr.   Coulomb (SR)   Coul. recip.
    3.07232e+05   -2.56905e+04   -7.68303e+01   -3.70135e+05    3.62364e+03
      LJ recip.      Potential    Kinetic En.   Total Energy  Conserved En.
   -4.26786e+04    4.96225e+03    9.47739e+04    9.97362e+04    1.07948e+05
    Temperature Pres. DC (bar) Pressure (bar)   Constr. rmsd
    2.99033e+02   -3.80780e+00   -1.31047e+02    2.93477e-06

step 1200: timed with pme grid 40 40 72, coulomb cutoff 1.235: 168367.0 M-cycles
step 1400: timed with pme grid 42 42 72, coulomb cutoff 1.177: 172194.8 M-cycles
step 1600: timed with pme grid 44 44 72, coulomb cutoff 1.123: 158736.7 M-cycles
Writing checkpoint, step 1600 at Fri Aug 13 03:50:12 2021


step 1800: timed with pme grid 48 48 72, coulomb cutoff 1.104: 162458.4 M-cycles
step 2000: timed with pme grid 48 48 80, coulomb cutoff 1.029: 146183.5 M-cycles

DD  step 1999 load imb.: force 26.2%  pme mesh/force 15.594
           Step           Time
           2000        4.00000

   Energies (kJ/mol)
           Bond          Angle    Proper Dih. Ryckaert-Bell.          LJ-14
    1.57362e+04    6.28618e+04    5.34962e+02    3.89054e+04    1.44182e+04
     Coulomb-14        LJ (SR)  Disper. corr.   Coulomb (SR)   Coul. recip.
    3.07800e+05    1.40021e+04   -1.44987e+02   -3.75510e+05    8.07386e+03
      LJ recip.      Potential    Kinetic En.   Total Energy  Conserved En.
   -8.17992e+04    4.87874e+03    9.47088e+04    9.95876e+04    1.07898e+05
    Temperature Pres. DC (bar) Pressure (bar)   Constr. rmsd
    2.98827e+02   -7.19001e+00   -4.21232e+02    2.97459e-06

step 2200: timed with pme grid 52 52 80, coulomb cutoff 1.000: 160017.5 M-cycles
              optimal pme grid 48 48 80, coulomb cutoff 1.029
Writing checkpoint, step 2500 at Fri Aug 13 04:06:12 2021



DD  step 2999 load imb.: force 31.2%  pme mesh/force 17.045
           Step           Time
           3000        6.00000

   Energies (kJ/mol)
           Bond          Angle    Proper Dih. Ryckaert-Bell.          LJ-14
    1.61299e+04    6.35206e+04    5.24511e+02    3.84887e+04    1.42545e+04
     Coulomb-14        LJ (SR)  Disper. corr.   Coulomb (SR)   Coul. recip.
    3.06697e+05    6.62927e+03   -1.32698e+02   -3.73035e+05    7.18047e+03
      LJ recip.      Potential    Kinetic En.   Total Energy  Conserved En.
   -7.46219e+04    5.63594e+03    9.55548e+04    1.01191e+05    1.07949e+05
    Temperature Pres. DC (bar) Pressure (bar)   Constr. rmsd
    3.01497e+02   -6.57988e+00   -1.95500e+02    2.96861e-06

Writing checkpoint, step 3300 at Fri Aug 13 04:21:24 2021



DD  step 3999 load imb.: force 29.8%  pme mesh/force 16.312
           Step           Time
           4000        8.00000

   Energies (kJ/mol)
           Bond          Angle    Proper Dih. Ryckaert-Bell.          LJ-14
    1.56572e+04    6.29384e+04    5.17333e+02    3.90630e+04    1.42522e+04
     Coulomb-14        LJ (SR)  Disper. corr.   Coulomb (SR)   Coul. recip.
    3.07396e+05    6.61214e+03   -1.32698e+02   -3.73795e+05    7.23707e+03
      LJ recip.      Potential    Kinetic En.   Total Energy  Conserved En.
   -7.47291e+04    5.01623e+03    9.53191e+04    1.00335e+05    1.07924e+05
    Temperature Pres. DC (bar) Pressure (bar)   Constr. rmsd
    3.00753e+02   -6.57988e+00   -6.82030e+01    3.00278e-06

Writing checkpoint, step 4100 at Fri Aug 13 04:36:24 2021


Writing checkpoint, step 4900 at Fri Aug 13 04:51:15 2021



DD  step 4999 load imb.: force 26.2%  pme mesh/force 16.907
           Step           Time
           5000       10.00000

Writing checkpoint, step 5000 at Fri Aug 13 04:53:19 2021



Reading checkpoint file nvt4.cpt
  file generated by:     /jet/home/schwinns/pkgs/gromacs/2020.5/bin/gmx
  file generated at:     Fri Aug 13 04:53:19 2021

  GROMACS double prec.:  0
  simulation part #:     1
  step:                  5000
  time:                  10.000000



-----------------------------------------------------------
Restarting from checkpoint, appending to previous log file.

                      :-) GROMACS - gmx mdrun, 2020.5 (-:

Executable:   /jet/home/schwinns/pkgs/gromacs/2020.5/bin/gmx
Data prefix:  /jet/home/schwinns/pkgs/gromacs/2020.5
Working dir:  /ocean/projects/cts160011p/schwinns/Projects/mscg/workflow/atomistic/bilayer/equilibration
Process ID:   22312
Command line:
  gmx mdrun -cpi nvt4.cpt -deffnm nvt4

GROMACS version:    2020.5
Verified release checksum is 4d9aa1b4e69850bc4583c1983ce2e0e3a88250cafb8f30ab0290b4dd4413a41e
Precision:          single
Memory model:       64 bit
MPI library:        thread_mpi
OpenMP support:     enabled (GMX_OPENMP_MAX_THREADS = 64)
GPU support:        disabled
SIMD instructions:  AVX2_256
FFT library:        fftw-3.3.8-sse2-avx-avx2-avx2_128
RDTSCP usage:       enabled
TNG support:        enabled
Hwloc support:      hwloc-1.11.9
Tracing support:    disabled
C compiler:         /jet/packages/spack/opt/spack/linux-centos8-zen/gcc-8.3.1/gcc-10.2.0-tfzxq7udz2a53dmujvasy4uz33t27iwv/bin/gcc GNU 10.2.0
C compiler flags:   -mavx2 -mfma -fexcess-precision=fast -funroll-all-loops -O2 -DNDEBUG
C++ compiler:       /jet/packages/spack/opt/spack/linux-centos8-zen/gcc-8.3.1/gcc-10.2.0-tfzxq7udz2a53dmujvasy4uz33t27iwv/bin/g++ GNU 10.2.0
C++ compiler flags: -mavx2 -mfma -fexcess-precision=fast -funroll-all-loops -fopenmp -O2 -DNDEBUG

Changing nstlist from 40 to 100, rlist from 1 to 1


Initializing Domain Decomposition on 128 ranks
Dynamic load balancing: auto
Using update groups, nr 12912, average size 2.5 atoms, max. radius 0.101 nm
Minimum cell size due to atom displacement: 0.688 nm
Initial maximum distances in bonded interactions:
    two-body bonded interactions: 0.411 nm, LJ-14, atoms 17255 17246
  multi-body bonded interactions: 0.411 nm, Ryckaert-Bell., atoms 17255 17246
Minimum cell size due to bonded interactions: 0.452 nm
Scaling the initial minimum size with 1/0.8 (option -dds) = 1.25
Guess for relative PME load: 0.36
Will use 84 particle-particle and 44 PME only ranks
This is a guess, check the performance at the end of the log file
Using 44 separate PME ranks, as guessed by mdrun
Optimizing the DD grid for 84 cells with a minimum initial size of 0.860 nm
The maximum allowed number of cells is: X 6 Y 6 Z 11
Domain decomposition grid 4 x 3 x 7, separate PME ranks 44
PME domain decomposition: 4 x 11 x 1
Interleaving PP and PME ranks
This rank does only particle-particle work.
Domain decomposition rank 0, coordinates 0 0 0

The initial number of communication pulses is: X 1 Y 1 Z 1
The initial domain decomposition cell size is: X 1.48 nm Y 1.98 nm Z 1.36 nm

The maximum allowed distance for atom groups involved in interactions is:
                 non-bonded interactions           1.202 nm
            two-body bonded interactions  (-rdd)   1.202 nm
          multi-body bonded interactions  (-rdd)   1.202 nm

When dynamic load balancing gets turned on, these settings will change to:
The maximum number of communication pulses is: X 2 Y 2 Z 2
The minimum size for domain decomposition cells is 0.907 nm
The requested allowed shrink of DD cells (option -dds) is: 0.80
The allowed shrink of domain decomposition cells is: X 0.61 Y 0.46 Z 0.67
The maximum allowed distance for atom groups involved in interactions is:
                 non-bonded interactions           1.202 nm
            two-body bonded interactions  (-rdd)   1.202 nm
          multi-body bonded interactions  (-rdd)   0.907 nm

Using 128 MPI threads

Non-default thread affinity set, disabling internal thread affinity

Using 1 OpenMP thread per tMPI thread

System total charge: 0.000
Will do PME sum in reciprocal space for LJ dispersion interactions.

++++ PLEASE READ AND CITE THE FOLLOWING REFERENCE ++++
U. Essmann, L. Perera, M. L. Berkowitz, T. Darden, H. Lee and L. G. Pedersen 
A smooth particle mesh Ewald method
J. Chem. Phys. 103 (1995) pp. 8577-8592
-------- -------- --- Thank You --- -------- --------

Using a Gaussian width (1/beta) of 0.298423 nm for LJ Ewald
Will do PME sum in reciprocal space for electrostatic interactions.

++++ PLEASE READ AND CITE THE FOLLOWING REFERENCE ++++
U. Essmann, L. Perera, M. L. Berkowitz, T. Darden, H. Lee and L. G. Pedersen 
A smooth particle mesh Ewald method
J. Chem. Phys. 103 (1995) pp. 8577-8592
-------- -------- --- Thank You --- -------- --------

Using a Gaussian width (1/beta) of 0.320163 nm for Ewald
Potential shift: LJ r^-12: -1.000e+00 r^-6: -1.000e-03, Ewald -1.000e-05
Initialized non-bonded Ewald tables, spacing: 9.33e-04 size: 1073

Using shifted Lennard-Jones, switch between 0 and 1 nm
Generated table with 1000 data points for 1-4 COUL.
Tabscale = 500 points/nm
Generated table with 1000 data points for 1-4 LJ6.
Tabscale = 500 points/nm
Generated table with 1000 data points for 1-4 LJ12.
Tabscale = 500 points/nm

Using SIMD 4x8 nonbonded short-range kernels

Using a 4x8 pair-list setup:
  updated every 100 steps, buffer 0.000 nm, rlist 1.000 nm
At tolerance 0.005 kJ/mol/ps per atom, equivalent classical 1x1 list would be:
  updated every 100 steps, buffer 0.172 nm, rlist 1.172 nm

Long Range LJ corr.: <C6> 1.1589e-05


Initializing LINear Constraint Solver

++++ PLEASE READ AND CITE THE FOLLOWING REFERENCE ++++
B. Hess and H. Bekker and H. J. C. Berendsen and J. G. E. M. Fraaije
LINCS: A Linear Constraint Solver for molecular simulations
J. Comp. Chem. 18 (1997) pp. 1463-1472
-------- -------- --- Thank You --- -------- --------

The number of constraints is 18752
Setting the maximum number of constraint warnings to 2147483647

Linking all bonded interactions to atoms

Intra-simulation communication will occur every 20 steps.
There are: 31664 Atoms
Atom distribution over 84 domains: av 376 stddev 115 min 52 max 477
Center of mass motion removal mode is Linear
We have the following groups for center of mass motion removal:
  0:  rest

Started mdrun on rank 0 Mon Aug 16 11:30:40 2021

           Step           Time
           5000       10.00000

   Energies (kJ/mol)
           Bond          Angle    Proper Dih. Ryckaert-Bell.          LJ-14
    1.61392e+04    6.21230e+04    5.09862e+02    3.85989e+04    1.43276e+04
     Coulomb-14        LJ (SR)  Disper. corr.   Coulomb (SR)   Coul. recip.
    3.07530e+05    1.37646e+04   -1.44987e+02   -3.74951e+05    8.04443e+03
      LJ recip.      Potential    Kinetic En.   Total Energy  Conserved En.
   -8.17954e+04    4.14664e+03    9.51335e+04    9.92801e+04    1.07947e+05
    Temperature Pres. DC (bar) Pressure (bar)   Constr. rmsd
    3.00167e+02   -7.19001e+00   -8.06556e+01    2.97987e-06


	<======  ###############  ==>
	<====  A V E R A G E S  ====>
	<==  ###############  ======>

	Statistics over 5001 steps using 51 frames

   Energies (kJ/mol)
           Bond          Angle    Proper Dih. Ryckaert-Bell.          LJ-14
    1.59002e+04    6.28336e+04    5.10746e+02    3.87466e+04    1.42790e+04
     Coulomb-14        LJ (SR)  Disper. corr.   Coulomb (SR)   Coul. recip.
    3.07495e+05    2.45471e+03   -1.25344e+02   -3.73509e+05    6.70536e+03
      LJ recip.      Potential    Kinetic En.   Total Energy  Conserved En.
   -7.04804e+04    4.81090e+03    9.52781e+04    1.00089e+05    1.07885e+05
    Temperature Pres. DC (bar) Pressure (bar)   Constr. rmsd
    3.00624e+02   -6.21499e+00   -1.41510e+02    0.00000e+00

   Total Virial (kJ/mol)
    3.12961e+04    9.09200e+02   -1.93282e+01
    9.09196e+02    3.34685e+04    1.15789e+02
   -1.93161e+01    1.15806e+02    3.47993e+04

   Pressure (bar)
   -5.78568e+01   -8.28671e+01   -9.76142e-02
   -8.28666e+01   -2.44434e+02   -3.88956e+01
   -9.88065e-02   -3.88973e+01   -1.22239e+02


	M E G A - F L O P S   A C C O U N T I N G

 NB=Group-cutoff nonbonded kernels    NxN=N-by-N cluster Verlet kernels
 RF=Reaction-Field  VdW=Van der Waals  QSTab=quadratic-spline table
 W3=SPC/TIP3p  W4=TIP4p (single or pairs)
 V&F=Potential and force  V=Potential only  F=Force only

 Computing:                               M-Number         M-Flops  % Flops
-----------------------------------------------------------------------------
 Pair Search distance check              12.901646         116.115     4.5
 NxN Ewald Elec. + LJ [V&F]              15.231632        2132.428    83.4
 NxN Ewald Elec. [V&F]                    1.273936         107.011     4.2
 1,4 nonbonded interactions               0.074232           6.681     0.3
 Calc Weights                             0.094992           3.420     0.1
 Spread Q Bspline                         4.052992           8.106     0.3
 Gather F Bspline                         4.052992          24.318     1.0
 3D-FFT                                  15.335188         122.682     4.8
 Solve PME                                0.059488           3.807     0.1
 CG-CoM                                   0.031664           0.095     0.0
 Bonds                                    0.011784           0.695     0.0
 Angles                                   0.054024           9.076     0.4
 Propers                                  0.002304           0.528     0.0
 RB-Dihedrals                             0.070904          17.513     0.7
 Virial                                   0.035444           0.638     0.0
 Stop-CM                                  0.031664           0.317     0.0
 Calc-Ekin                                0.063328           1.710     0.1
 Lincs                                    0.018752           1.125     0.0
 Lincs-Mat                                0.079296           0.317     0.0
 Constraint-V                             0.037504           0.300     0.0
 Constraint-Vir                           0.018752           0.450     0.0
-----------------------------------------------------------------------------
 Total                                                    2557.331   100.0
-----------------------------------------------------------------------------


    D O M A I N   D E C O M P O S I T I O N   S T A T I S T I C S

 av. #atoms communicated per step for force:  2 x 108512.0


     R E A L   C Y C L E   A N D   T I M E   A C C O U N T I N G

On 84 MPI ranks doing PP, and
on 44 MPI ranks doing PME

 Computing:          Num   Num      Call    Wall time         Giga-Cycles
                     Ranks Threads  Count      (s)         total sum    %
-----------------------------------------------------------------------------
 Send X to PME         84    1          1       0.203         36.498   5.3
 Neighbor search       84    1          1       0.159         28.504   4.1
 Force                 84    1          1       0.031          5.534   0.8
 Wait + Comm. F        84    1          1       0.655        117.654  17.0
 PME mesh *            44    1          1       2.214        208.287  30.1
 PME wait for PP *                              0.156         14.680   2.1
 Wait + Recv. PME F    84    1          1       1.381        248.108  35.9
 NB X/F buffer ops.    84    1          1       0.000          0.001   0.0
 Update                84    1          1       0.000          0.026   0.0
 Constraints           84    1          1       0.000          0.009   0.0
 Comm. energies        84    1          1       0.140         25.093   3.6
-----------------------------------------------------------------------------
 Total                                          2.525        691.135 100.0
-----------------------------------------------------------------------------
(*) Note that with separate PME ranks, the walltime column actually sums to
    twice the total reported, but the cycle count total and % are correct.
-----------------------------------------------------------------------------
 Breakdown of PME mesh computation
-----------------------------------------------------------------------------
 PME redist. X/F       44    1          3       1.599        150.465  21.8
 PME spread            44    1          2       0.178         16.793   2.4
 PME gather            44    1          2       0.095          8.966   1.3
 PME 3D-FFT            44    1          4       0.000          0.044   0.0
 PME 3D-FFT Comm.      44    1          8       0.329         30.962   4.5
 PME solve LJ          44    1          1       0.000          0.004   0.0
 PME solve Elec        44    1          1       0.000          0.004   0.0
-----------------------------------------------------------------------------

               Core t (s)   Wall t (s)        (%)
       Time:      307.354        2.525    12171.8
                 (ns/day)    (hour/ns)
Performance:        0.068      350.712
Finished mdrun on rank 0 Mon Aug 16 11:30:43 2021

