                      :-) GROMACS - gmx mdrun, 2020.5 (-:

                            GROMACS is written by:
     Emile Apol      Rossen Apostolov      Paul Bauer     Herman J.C. Berendsen
    Par Bjelkmar      Christian Blau   Viacheslav Bolnykh     Kevin Boyd    
 Aldert van Buuren   Rudi van Drunen     Anton Feenstra       Alan Gray     
  Gerrit Groenhof     Anca Hamuraru    Vincent Hindriksen  M. Eric Irrgang  
  Aleksei Iupinov   Christoph Junghans     Joe Jordan     Dimitrios Karkoulis
    Peter Kasson        Jiri Kraus      Carsten Kutzner      Per Larsson    
  Justin A. Lemkul    Viveca Lindahl    Magnus Lundborg     Erik Marklund   
    Pascal Merz     Pieter Meulenhoff    Teemu Murtola       Szilard Pall   
    Sander Pronk      Roland Schulz      Michael Shirts    Alexey Shvetsov  
   Alfons Sijbers     Peter Tieleman      Jon Vincent      Teemu Virolainen 
 Christian Wennberg    Maarten Wolf      Artem Zhmurov   
                           and the project leaders:
        Mark Abraham, Berk Hess, Erik Lindahl, and David van der Spoel

Copyright (c) 1991-2000, University of Groningen, The Netherlands.
Copyright (c) 2001-2019, The GROMACS development team at
Uppsala University, Stockholm University and
the Royal Institute of Technology, Sweden.
check out http://www.gromacs.org for more information.

GROMACS is free software; you can redistribute it and/or modify it
under the terms of the GNU Lesser General Public License
as published by the Free Software Foundation; either version 2.1
of the License, or (at your option) any later version.

GROMACS:      gmx mdrun, version 2020.5
Executable:   /jet/home/schwinns/pkgs/gromacs/2020.5/bin/gmx
Data prefix:  /jet/home/schwinns/pkgs/gromacs/2020.5
Working dir:  /ocean/projects/cts160011p/schwinns/Projects/mscg/workflow/atomistic/bilayer/equilibration
Process ID:   15563
Command line:
  gmx mdrun -deffnm nvt7

GROMACS version:    2020.5
Verified release checksum is 4d9aa1b4e69850bc4583c1983ce2e0e3a88250cafb8f30ab0290b4dd4413a41e
Precision:          single
Memory model:       64 bit
MPI library:        thread_mpi
OpenMP support:     enabled (GMX_OPENMP_MAX_THREADS = 64)
GPU support:        disabled
SIMD instructions:  AVX2_256
FFT library:        fftw-3.3.8-sse2-avx-avx2-avx2_128
RDTSCP usage:       enabled
TNG support:        enabled
Hwloc support:      hwloc-1.11.9
Tracing support:    disabled
C compiler:         /jet/packages/spack/opt/spack/linux-centos8-zen/gcc-8.3.1/gcc-10.2.0-tfzxq7udz2a53dmujvasy4uz33t27iwv/bin/gcc GNU 10.2.0
C compiler flags:   -mavx2 -mfma -fexcess-precision=fast -funroll-all-loops -O2 -DNDEBUG
C++ compiler:       /jet/packages/spack/opt/spack/linux-centos8-zen/gcc-8.3.1/gcc-10.2.0-tfzxq7udz2a53dmujvasy4uz33t27iwv/bin/g++ GNU 10.2.0
C++ compiler flags: -mavx2 -mfma -fexcess-precision=fast -funroll-all-loops -fopenmp -O2 -DNDEBUG


Running on 1 node with total 128 cores, 128 logical cores
Hardware detected:
  CPU info:
    Vendor: AMD
    Brand:  AMD EPYC 7742 64-Core Processor                
    Family: 23   Model: 49   Stepping: 0
    Features: aes amd apic avx avx2 clfsh cmov cx8 cx16 f16c fma htt lahf misalignsse mmx msr nonstop_tsc pclmuldq pdpe1gb popcnt pse rdrnd rdtscp sha sse2 sse3 sse4a sse4.1 sse4.2 ssse3
  Hardware topology: Only logical processor count


++++ PLEASE READ AND CITE THE FOLLOWING REFERENCE ++++
M. J. Abraham, T. Murtola, R. Schulz, S. Páll, J. C. Smith, B. Hess, E.
Lindahl
GROMACS: High performance molecular simulations through multi-level
parallelism from laptops to supercomputers
SoftwareX 1 (2015) pp. 19-25
-------- -------- --- Thank You --- -------- --------


++++ PLEASE READ AND CITE THE FOLLOWING REFERENCE ++++
S. Páll, M. J. Abraham, C. Kutzner, B. Hess, E. Lindahl
Tackling Exascale Software Challenges in Molecular Dynamics Simulations with
GROMACS
In S. Markidis & E. Laure (Eds.), Solving Software Challenges for Exascale 8759 (2015) pp. 3-27
-------- -------- --- Thank You --- -------- --------


++++ PLEASE READ AND CITE THE FOLLOWING REFERENCE ++++
S. Pronk, S. Páll, R. Schulz, P. Larsson, P. Bjelkmar, R. Apostolov, M. R.
Shirts, J. C. Smith, P. M. Kasson, D. van der Spoel, B. Hess, and E. Lindahl
GROMACS 4.5: a high-throughput and highly parallel open source molecular
simulation toolkit
Bioinformatics 29 (2013) pp. 845-54
-------- -------- --- Thank You --- -------- --------


++++ PLEASE READ AND CITE THE FOLLOWING REFERENCE ++++
B. Hess and C. Kutzner and D. van der Spoel and E. Lindahl
GROMACS 4: Algorithms for highly efficient, load-balanced, and scalable
molecular simulation
J. Chem. Theory Comput. 4 (2008) pp. 435-447
-------- -------- --- Thank You --- -------- --------


++++ PLEASE READ AND CITE THE FOLLOWING REFERENCE ++++
D. van der Spoel, E. Lindahl, B. Hess, G. Groenhof, A. E. Mark and H. J. C.
Berendsen
GROMACS: Fast, Flexible and Free
J. Comp. Chem. 26 (2005) pp. 1701-1719
-------- -------- --- Thank You --- -------- --------


++++ PLEASE READ AND CITE THE FOLLOWING REFERENCE ++++
E. Lindahl and B. Hess and D. van der Spoel
GROMACS 3.0: A package for molecular simulation and trajectory analysis
J. Mol. Mod. 7 (2001) pp. 306-317
-------- -------- --- Thank You --- -------- --------


++++ PLEASE READ AND CITE THE FOLLOWING REFERENCE ++++
H. J. C. Berendsen, D. van der Spoel and R. van Drunen
GROMACS: A message-passing parallel molecular dynamics implementation
Comp. Phys. Comm. 91 (1995) pp. 43-56
-------- -------- --- Thank You --- -------- --------


++++ PLEASE CITE THE DOI FOR THIS VERSION OF GROMACS ++++
https://doi.org/10.5281/zenodo.4420785
-------- -------- --- Thank You --- -------- --------

Input Parameters:
   integrator                     = md
   tinit                          = 0
   dt                             = 0.002
   nsteps                         = 5000
   init-step                      = 0
   simulation-part                = 1
   comm-mode                      = Linear
   nstcomm                        = 100
   bd-fric                        = 0
   ld-seed                        = -268460571
   emtol                          = 10
   emstep                         = 0.01
   niter                          = 20
   fcstep                         = 0
   nstcgsteep                     = 1000
   nbfgscorr                      = 10
   rtpi                           = 0.05
   nstxout                        = 0
   nstvout                        = 0
   nstfout                        = 0
   nstlog                         = 1000
   nstcalcenergy                  = 100
   nstenergy                      = 1000
   nstxout-compressed             = 0
   compressed-x-precision         = 1000
   cutoff-scheme                  = Verlet
   nstlist                        = 40
   pbc                            = xyz
   periodic-molecules             = false
   verlet-buffer-tolerance        = 0.005
   rlist                          = 1
   coulombtype                    = PME
   coulomb-modifier               = Potential-shift
   rcoulomb-switch                = 0
   rcoulomb                       = 1
   epsilon-r                      = 1
   epsilon-rf                     = inf
   vdw-type                       = PME
   vdw-modifier                   = Potential-shift
   rvdw-switch                    = 0
   rvdw                           = 1
   DispCorr                       = EnerPres
   table-extension                = 1
   fourierspacing                 = 0.12
   fourier-nx                     = 52
   fourier-ny                     = 52
   fourier-nz                     = 80
   pme-order                      = 4
   ewald-rtol                     = 1e-05
   ewald-rtol-lj                  = 0.001
   lj-pme-comb-rule               = Geometric
   ewald-geometry                 = 0
   epsilon-surface                = 0
   tcoupl                         = V-rescale
   nsttcouple                     = 40
   nh-chain-length                = 0
   print-nose-hoover-chain-variables = false
   pcoupl                         = No
   pcoupltype                     = Isotropic
   nstpcouple                     = -1
   tau-p                          = 1
   compressibility (3x3):
      compressibility[    0]={ 0.00000e+00,  0.00000e+00,  0.00000e+00}
      compressibility[    1]={ 0.00000e+00,  0.00000e+00,  0.00000e+00}
      compressibility[    2]={ 0.00000e+00,  0.00000e+00,  0.00000e+00}
   ref-p (3x3):
      ref-p[    0]={ 0.00000e+00,  0.00000e+00,  0.00000e+00}
      ref-p[    1]={ 0.00000e+00,  0.00000e+00,  0.00000e+00}
      ref-p[    2]={ 0.00000e+00,  0.00000e+00,  0.00000e+00}
   refcoord-scaling               = No
   posres-com (3):
      posres-com[0]= 0.00000e+00
      posres-com[1]= 0.00000e+00
      posres-com[2]= 0.00000e+00
   posres-comB (3):
      posres-comB[0]= 0.00000e+00
      posres-comB[1]= 0.00000e+00
      posres-comB[2]= 0.00000e+00
   QMMM                           = false
   QMconstraints                  = 0
   QMMMscheme                     = 0
   MMChargeScaleFactor            = 1
qm-opts:
   ngQM                           = 0
   constraint-algorithm           = Lincs
   continuation                   = false
   Shake-SOR                      = false
   shake-tol                      = 0.0001
   lincs-order                    = 4
   lincs-iter                     = 1
   lincs-warnangle                = 30
   nwall                          = 0
   wall-type                      = 9-3
   wall-r-linpot                  = -1
   wall-atomtype[0]               = -1
   wall-atomtype[1]               = -1
   wall-density[0]                = 0
   wall-density[1]                = 0
   wall-ewald-zfac                = 3
   pull                           = false
   awh                            = false
   rotation                       = false
   interactiveMD                  = false
   disre                          = No
   disre-weighting                = Conservative
   disre-mixed                    = false
   dr-fc                          = 1000
   dr-tau                         = 0
   nstdisreout                    = 100
   orire-fc                       = 0
   orire-tau                      = 0
   nstorireout                    = 100
   free-energy                    = no
   cos-acceleration               = 0
   deform (3x3):
      deform[    0]={ 0.00000e+00,  0.00000e+00,  0.00000e+00}
      deform[    1]={ 0.00000e+00,  0.00000e+00,  0.00000e+00}
      deform[    2]={ 0.00000e+00,  0.00000e+00,  0.00000e+00}
   simulated-tempering            = false
   swapcoords                     = no
   userint1                       = 0
   userint2                       = 0
   userint3                       = 0
   userint4                       = 0
   userreal1                      = 0
   userreal2                      = 0
   userreal3                      = 0
   userreal4                      = 0
   applied-forces:
     electric-field:
       x:
         E0                       = 0
         omega                    = 0
         t0                       = 0
         sigma                    = 0
       y:
         E0                       = 0
         omega                    = 0
         t0                       = 0
         sigma                    = 0
       z:
         E0                       = 0
         omega                    = 0
         t0                       = 0
         sigma                    = 0
     density-guided-simulation:
       active                     = false
       group                      = protein
       similarity-measure         = inner-product
       atom-spreading-weight      = unity
       force-constant             = 1e+09
       gaussian-transform-spreading-width = 0.2
       gaussian-transform-spreading-range-in-multiples-of-width = 4
       reference-density-filename = reference.mrc
       nst                        = 1
       normalize-densities        = true
       adaptive-force-scaling     = false
       adaptive-force-scaling-time-constant = 4
grpopts:
   nrdf:       76237
   ref-t:         300
   tau-t:         0.1
annealing:          No
annealing-npoints:           0
   acc:	           0           0           0
   nfreeze:           N           N           N
   energygrp-flags[  0]: 0

Changing nstlist from 40 to 100, rlist from 1 to 1


Initializing Domain Decomposition on 128 ranks
Dynamic load balancing: auto
Using update groups, nr 12912, average size 2.5 atoms, max. radius 0.101 nm
Minimum cell size due to atom displacement: 0.688 nm
Initial maximum distances in bonded interactions:
    two-body bonded interactions: 0.413 nm, LJ-14, atoms 2872 2881
  multi-body bonded interactions: 0.413 nm, Ryckaert-Bell., atoms 2872 2881
Minimum cell size due to bonded interactions: 0.455 nm
Scaling the initial minimum size with 1/0.8 (option -dds) = 1.25
Guess for relative PME load: 0.34
Will use 84 particle-particle and 44 PME only ranks
This is a guess, check the performance at the end of the log file
Using 44 separate PME ranks, as guessed by mdrun
Optimizing the DD grid for 84 cells with a minimum initial size of 0.860 nm
The maximum allowed number of cells is: X 6 Y 6 Z 10
Domain decomposition grid 4 x 3 x 7, separate PME ranks 44
PME domain decomposition: 4 x 11 x 1
Interleaving PP and PME ranks
This rank does only particle-particle work.
Domain decomposition rank 0, coordinates 0 0 0

The initial number of communication pulses is: X 1 Y 1 Z 1
The initial domain decomposition cell size is: X 1.48 nm Y 1.97 nm Z 1.24 nm

The maximum allowed distance for atom groups involved in interactions is:
                 non-bonded interactions           1.202 nm
            two-body bonded interactions  (-rdd)   1.202 nm
          multi-body bonded interactions  (-rdd)   1.202 nm

When dynamic load balancing gets turned on, these settings will change to:
The maximum number of communication pulses is: X 2 Y 2 Z 2
The minimum size for domain decomposition cells is 0.848 nm
The requested allowed shrink of DD cells (option -dds) is: 0.80
The allowed shrink of domain decomposition cells is: X 0.57 Y 0.43 Z 0.68
The maximum allowed distance for atom groups involved in interactions is:
                 non-bonded interactions           1.202 nm
            two-body bonded interactions  (-rdd)   1.202 nm
          multi-body bonded interactions  (-rdd)   0.848 nm

Using 128 MPI threads

Non-default thread affinity set, disabling internal thread affinity

Using 1 OpenMP thread per tMPI thread

System total charge: 0.000
Will do PME sum in reciprocal space for LJ dispersion interactions.

++++ PLEASE READ AND CITE THE FOLLOWING REFERENCE ++++
U. Essmann, L. Perera, M. L. Berkowitz, T. Darden, H. Lee and L. G. Pedersen 
A smooth particle mesh Ewald method
J. Chem. Phys. 103 (1995) pp. 8577-8592
-------- -------- --- Thank You --- -------- --------

Using a Gaussian width (1/beta) of 0.298423 nm for LJ Ewald
Will do PME sum in reciprocal space for electrostatic interactions.

++++ PLEASE READ AND CITE THE FOLLOWING REFERENCE ++++
U. Essmann, L. Perera, M. L. Berkowitz, T. Darden, H. Lee and L. G. Pedersen 
A smooth particle mesh Ewald method
J. Chem. Phys. 103 (1995) pp. 8577-8592
-------- -------- --- Thank You --- -------- --------

Using a Gaussian width (1/beta) of 0.320163 nm for Ewald
Potential shift: LJ r^-12: -1.000e+00 r^-6: -1.000e-03, Ewald -1.000e-05
Initialized non-bonded Ewald tables, spacing: 9.33e-04 size: 1073

Using shifted Lennard-Jones, switch between 0 and 1 nm
Generated table with 1000 data points for 1-4 COUL.
Tabscale = 500 points/nm
Generated table with 1000 data points for 1-4 LJ6.
Tabscale = 500 points/nm
Generated table with 1000 data points for 1-4 LJ12.
Tabscale = 500 points/nm

Using SIMD 4x8 nonbonded short-range kernels

Using a 4x8 pair-list setup:
  updated every 100 steps, buffer 0.000 nm, rlist 1.000 nm
At tolerance 0.005 kJ/mol/ps per atom, equivalent classical 1x1 list would be:
  updated every 100 steps, buffer 0.179 nm, rlist 1.179 nm

Long Range LJ corr.: <C6> 1.1589e-05

Removing pbc first time

Initializing LINear Constraint Solver

++++ PLEASE READ AND CITE THE FOLLOWING REFERENCE ++++
B. Hess and H. Bekker and H. J. C. Berendsen and J. G. E. M. Fraaije
LINCS: A Linear Constraint Solver for molecular simulations
J. Comp. Chem. 18 (1997) pp. 1463-1472
-------- -------- --- Thank You --- -------- --------

The number of constraints is 18752
Setting the maximum number of constraint warnings to 2147483647

Linking all bonded interactions to atoms

Intra-simulation communication will occur every 20 steps.

++++ PLEASE READ AND CITE THE FOLLOWING REFERENCE ++++
G. Bussi, D. Donadio and M. Parrinello
Canonical sampling through velocity rescaling
J. Chem. Phys. 126 (2007) pp. 014101
-------- -------- --- Thank You --- -------- --------

There are: 31664 Atoms
Atom distribution over 84 domains: av 376 stddev 46 min 283 max 435

Constraining the starting coordinates (step 0)

Constraining the coordinates at t0-dt (step 0)
Center of mass motion removal mode is Linear
We have the following groups for center of mass motion removal:
  0:  rest
RMS relative constraint deviation after constraining: 1.40e-06
Initial temperature: 300.486 K

Started mdrun on rank 0 Tue Aug 17 15:54:28 2021

           Step           Time
              0        0.00000

   Energies (kJ/mol)
           Bond          Angle    Proper Dih. Ryckaert-Bell.          LJ-14
    1.59639e+04    6.29074e+04    5.16110e+02    3.84424e+04    1.40661e+04
     Coulomb-14        LJ (SR)  Disper. corr.   Coulomb (SR)   Coul. recip.
    3.07493e+05    1.33289e+04   -1.60370e+02   -3.76082e+05    7.84505e+03
      LJ recip.      Potential    Kinetic En.   Total Energy  Conserved En.
   -8.34181e+04    9.02492e+02    1.02066e+05    1.02969e+05    1.02969e+05
    Temperature Pres. DC (bar) Pressure (bar)   Constr. rmsd
    3.22042e+02   -8.79455e+00   -2.51252e+02    3.56151e-06


DD  step 99 load imb.: force 33.1%  pme mesh/force 12.482
step  600: timed with pme grid 52 52 80, coulomb cutoff 1.000: 239276.4 M-cycles
Writing checkpoint, step 700 at Tue Aug 17 16:12:13 2021


step  800: timed with pme grid 48 48 72, coulomb cutoff 1.025: 206185.0 M-cycles
step 1000: timed with pme grid 44 44 64, coulomb cutoff 1.132: 247034.7 M-cycles

DD  step 999 load imb.: force 26.9%  pme mesh/force 11.938
           Step           Time
           1000        2.00000

   Energies (kJ/mol)
           Bond          Angle    Proper Dih. Ryckaert-Bell.          LJ-14
    1.60316e+04    6.26299e+04    4.93147e+02    3.82588e+04    1.43627e+04
     Coulomb-14        LJ (SR)  Disper. corr.   Coulomb (SR)   Coul. recip.
    3.07762e+05   -1.11678e+04   -1.14186e+02   -3.73152e+05    5.09290e+03
      LJ recip.      Potential    Kinetic En.   Total Energy  Conserved En.
   -5.91106e+04    1.08664e+03    9.51908e+04    9.62775e+04    1.03155e+05
    Temperature Pres. DC (bar) Pressure (bar)   Constr. rmsd
    3.00348e+02   -6.25979e+00   -2.96882e+02    2.90235e-06

step 1200: timed with pme grid 44 44 72, coulomb cutoff 1.118: 217039.6 M-cycles
Writing checkpoint, step 1200 at Tue Aug 17 16:25:03 2021


step 1400: timed with pme grid 48 48 72, coulomb cutoff 1.025: 219262.1 M-cycles
step 1600: timed with pme grid 52 52 72, coulomb cutoff 1.006: 242163.5 M-cycles
              optimal pme grid 48 48 72, coulomb cutoff 1.025
Writing checkpoint, step 1800 at Tue Aug 17 16:41:07 2021



DD  step 1999 load imb.: force 32.5%  pme mesh/force 16.993
           Step           Time
           2000        4.00000

   Energies (kJ/mol)
           Bond          Angle    Proper Dih. Ryckaert-Bell.          LJ-14
    1.60426e+04    6.26420e+04    4.79317e+02    3.82176e+04    1.44238e+04
     Coulomb-14        LJ (SR)  Disper. corr.   Coulomb (SR)   Coul. recip.
    3.07466e+05    7.30884e+03   -1.48497e+02   -3.75327e+05    7.04286e+03
      LJ recip.      Potential    Kinetic En.   Total Energy  Conserved En.
   -7.72436e+04    9.04523e+02    9.56489e+04    9.65535e+04    1.03208e+05
    Temperature Pres. DC (bar) Pressure (bar)   Constr. rmsd
    3.01794e+02   -8.14276e+00   -2.18244e+02    2.91085e-06

Writing checkpoint, step 2500 at Tue Aug 17 16:54:52 2021



DD  step 2999 load imb.: force 28.4%  pme mesh/force 16.014
           Step           Time
           3000        6.00000

   Energies (kJ/mol)
           Bond          Angle    Proper Dih. Ryckaert-Bell.          LJ-14
    1.61548e+04    6.20190e+04    5.13254e+02    3.82681e+04    1.44848e+04
     Coulomb-14        LJ (SR)  Disper. corr.   Coulomb (SR)   Coul. recip.
    3.07823e+05    6.54148e+03   -1.48497e+02   -3.74363e+05    7.12528e+03
      LJ recip.      Potential    Kinetic En.   Total Energy  Conserved En.
   -7.71671e+04    1.25074e+03    9.46447e+04    9.58955e+04    1.03263e+05
    Temperature Pres. DC (bar) Pressure (bar)   Constr. rmsd
    2.98625e+02   -8.14276e+00   -2.43786e+02    2.85180e-06

Writing checkpoint, step 3300 at Tue Aug 17 17:10:02 2021



DD  step 3999 load imb.: force 27.0%  pme mesh/force 16.618
           Step           Time
           4000        8.00000

   Energies (kJ/mol)
           Bond          Angle    Proper Dih. Ryckaert-Bell.          LJ-14
    1.56326e+04    6.24124e+04    5.06771e+02    3.80940e+04    1.42647e+04
     Coulomb-14        LJ (SR)  Disper. corr.   Coulomb (SR)   Coul. recip.
    3.08036e+05    7.36093e+03   -1.48497e+02   -3.75465e+05    7.11821e+03
      LJ recip.      Potential    Kinetic En.   Total Energy  Conserved En.
   -7.72047e+04    6.06712e+02    9.51703e+04    9.57770e+04    1.03238e+05
    Temperature Pres. DC (bar) Pressure (bar)   Constr. rmsd
    3.00283e+02   -8.14276e+00    3.28415e+02    2.87798e-06

Writing checkpoint, step 4100 at Tue Aug 17 17:25:50 2021


Writing checkpoint, step 4800 at Tue Aug 17 17:40:19 2021



DD  step 4999 load imb.: force 28.6%  pme mesh/force 15.668
           Step           Time
           5000       10.00000

Writing checkpoint, step 5000 at Tue Aug 17 17:43:55 2021


   Energies (kJ/mol)
           Bond          Angle    Proper Dih. Ryckaert-Bell.          LJ-14
    1.58796e+04    6.26405e+04    4.84735e+02    3.81823e+04    1.40958e+04
     Coulomb-14        LJ (SR)  Disper. corr.   Coulomb (SR)   Coul. recip.
    3.07603e+05    7.13167e+03   -1.48497e+02   -3.75623e+05    6.99272e+03
      LJ recip.      Potential    Kinetic En.   Total Energy  Conserved En.
   -7.71545e+04    8.50537e+01    9.53824e+04    9.54674e+04    1.03224e+05
    Temperature Pres. DC (bar) Pressure (bar)   Constr. rmsd
    3.00953e+02   -8.14276e+00   -6.15154e+02    2.87580e-06


	<======  ###############  ==>
	<====  A V E R A G E S  ====>
	<==  ###############  ======>

	Statistics over 5001 steps using 51 frames

   Energies (kJ/mol)
           Bond          Angle    Proper Dih. Ryckaert-Bell.          LJ-14
    1.58910e+04    6.25463e+04    4.97673e+02    3.82081e+04    1.42801e+04
     Coulomb-14        LJ (SR)  Disper. corr.   Coulomb (SR)   Coul. recip.
    3.07351e+05    6.43472e+03   -1.47357e+02   -3.74654e+05    7.01013e+03
      LJ recip.      Potential    Kinetic En.   Total Energy  Conserved En.
   -7.65980e+04    8.19517e+02    9.52199e+04    9.60395e+04    1.03212e+05
    Temperature Pres. DC (bar) Pressure (bar)   Constr. rmsd
    3.00440e+02   -8.08019e+00   -1.20687e+02    0.00000e+00

   Total Virial (kJ/mol)
    3.07259e+04   -5.73372e+02   -4.58347e+02
   -5.73381e+02    3.21835e+04   -9.41189e+01
   -4.58361e+02   -9.41278e+01    3.56154e+04

   Pressure (bar)
   -1.18327e+01    6.48919e+01    4.19075e+01
    6.48930e+01   -1.28110e+02   -1.04327e+01
    4.19091e+01   -1.04317e+01   -2.22117e+02


       P P   -   P M E   L O A D   B A L A N C I N G

 PP/PME load balancing changed the cut-off and PME settings:
           particle-particle                    PME
            rcoulomb  rlist            grid      spacing   1/beta
   initial  1.000 nm  1.000 nm      52  52  80   0.114 nm  0.320 nm
   final    1.025 nm  1.025 nm      48  48  72   0.123 nm  0.328 nm
 cost-ratio           1.08             0.77
 (note that these numbers concern only part of the total PP and PME load)


	M E G A - F L O P S   A C C O U N T I N G

 NB=Group-cutoff nonbonded kernels    NxN=N-by-N cluster Verlet kernels
 RF=Reaction-Field  VdW=Van der Waals  QSTab=quadratic-spline table
 W3=SPC/TIP3p  W4=TIP4p (single or pairs)
 V&F=Potential and force  V=Potential only  F=Force only

 Computing:                               M-Number         M-Flops  % Flops
-----------------------------------------------------------------------------
 Pair Search distance check             674.335646        6069.021     0.1
 NxN Ewald Elec. + LJ [F]             80604.420336     8221650.874    85.4
 NxN Ewald Elec. + LJ [V&F]             830.230672      116232.294     1.2
 NxN Ewald Elec. [F]                   7021.895760      428335.641     4.4
 NxN Ewald Elec. [V&F]                   72.303920        6073.529     0.1
 1,4 nonbonded interactions             371.234232       33411.081     0.3
 Calc Weights                           475.054992       17101.980     0.2
 Spread Q Bspline                     20269.012992       40538.026     0.4
 Gather F Bspline                     20269.012992      121614.078     1.3
 3D-FFT                               59254.335488      474034.684     4.9
 Solve PME                              257.292288       16466.706     0.2
 Reset In Box                             1.614864           4.845     0.0
 CG-CoM                                   1.646528           4.940     0.0
 Bonds                                   58.931784        3476.975     0.0
 Angles                                 270.174024       45389.236     0.5
 Propers                                 11.522304        2638.608     0.0
 RB-Dihedrals                           354.590904       87583.953     0.9
 Virial                                   1.807644          32.538     0.0
 Stop-CM                                  1.646528          16.465     0.0
 Calc-Ekin                               15.895328         429.174     0.0
 Lincs                                   93.816256        5628.975     0.1
 Lincs-Mat                              396.717888        1586.872     0.0
 Constraint-V                           187.595008        1500.760     0.0
 Constraint-Vir                           0.956352          22.952     0.0
-----------------------------------------------------------------------------
 Total                                                 9629844.207   100.0
-----------------------------------------------------------------------------


    D O M A I N   D E C O M P O S I T I O N   S T A T I S T I C S

 av. #atoms communicated per step for force:  2 x 93731.2


Dynamic load balancing report:
 DLB was off during the run due to low measured imbalance.
 Average load imbalance: 28.5%.
 The balanceable part of the MD step is 9%, load imbalance is computed from this.
 Part of the total run time spent waiting due to load imbalance: 2.5%.
 Average PME mesh/force load: 13.554
 Part of the total run time spent waiting due to PP/PME imbalance: 59.9 %

NOTE: 59.9 % performance was lost because the PME ranks
      had more work to do than the PP ranks.
      You might want to increase the number of PME ranks
      or increase the cut-off and the grid spacing.


     R E A L   C Y C L E   A N D   T I M E   A C C O U N T I N G

On 84 MPI ranks doing PP, and
on 44 MPI ranks doing PME

 Computing:          Num   Num      Call    Wall time         Giga-Cycles
                     Ranks Threads  Count      (s)         total sum    %
-----------------------------------------------------------------------------
 Domain decomp.        84    1         51      41.894       7902.854   0.4
 DD comm. load         84    1          7       0.182         34.401   0.0
 Send X to PME         84    1       5001      56.909      10735.465   0.6
 Neighbor search       84    1         51       0.774        145.934   0.0
 Comm. coord.          84    1       4950     473.409      89304.643   4.7
 Force                 84    1       5001       6.916       1304.641   0.1
 Wait + Comm. F        84    1       5001     365.138      68880.207   3.6
 PME mesh *            44    1       5001    6414.101     633791.617  33.6
 PME wait for PP *                            151.618      14981.665   0.8
 Wait + Recv. PME F    84    1       5001    5577.984    1052239.512  55.7
 NB X/F buffer ops.    84    1      14901       0.117         22.026   0.0
 Write traj.           84    1          8       1.101        207.687   0.0
 Update                84    1       5001       0.044          8.310   0.0
 Constraints           84    1       5003       0.073         13.849   0.0
 Comm. energies        84    1        251      37.462       7066.894   0.4
 Rest                                           4.239        799.690   0.0
-----------------------------------------------------------------------------
 Total                                       6566.243    1887491.218 100.0
-----------------------------------------------------------------------------
(*) Note that with separate PME ranks, the walltime column actually sums to
    twice the total reported, but the cycle count total and % are correct.
-----------------------------------------------------------------------------
 Breakdown of PME mesh computation
-----------------------------------------------------------------------------
 PME redist. X/F       44    1      15003    3852.017     380626.432  20.2
 PME spread            44    1      10002     725.153      71653.945   3.8
 PME gather            44    1      10002     349.030      34488.435   1.8
 PME 3D-FFT            44    1      20004       0.950         93.875   0.0
 PME 3D-FFT Comm.      44    1      40008    1486.762     146910.299   7.8
 PME solve LJ          44    1       5001       0.104         10.292   0.0
 PME solve Elec        44    1       5001       0.052          5.128   0.0
-----------------------------------------------------------------------------

               Core t (s)   Wall t (s)        (%)
       Time:   840459.650     6566.243    12799.7
                         1h49:26
                 (ns/day)    (hour/ns)
Performance:        0.132      182.359
Finished mdrun on rank 0 Tue Aug 17 17:43:56 2021

