
################################################################################

 PACKMOL - Packing optimization for the automated generation of
 starting configurations for molecular dynamics simulations.
 
                                                              Version 20.2.2 

################################################################################

  Packmol must be run with: packmol < inputfile.inp 

  Userguide at: http://m3g.iqm.unicamp.br/packmol 

  Reading input file... (Control-C aborts)
  Seed for random number generator:       100000
  Output file: bilayer_gly.pdb
  Reading coordinate file: min.pdb
  Reading coordinate file: GLY.pdb
  Reading coordinate file: GLY.pdb
  Number of independent structures:            3
  The structures are: 
  Structure            1 :min.pdb(       17664  atoms)
  Structure            2 :GLY.pdb(          14  atoms)
  Structure            3 :GLY.pdb(          14  atoms)
  Maximum number of GENCAN loops for all molecule packing:          200
  Maximum number of GENCAN loops-0 for all molecule packing:         1000
  Total number of restrictions:            3
  Distance tolerance:    1.5000000000000000     
  Warning: Type of residue numbering not set for structure            1
  Residue numbering set for structure            1 :           1
  Swap chains of molecules of structure            1 : F
  Warning: Type of residue numbering not set for structure            2
  Residue numbering set for structure            2 :           0
  Swap chains of molecules of structure            2 : F
  Warning: Type of residue numbering not set for structure            3
  Residue numbering set for structure            3 :           0
  Swap chains of molecules of structure            3 : F
  Number of molecules of type            1 :            1
  Number of molecules of type            2 :          500
  Number of molecules of type            3 :          500
  Total number of atoms:        31664
  Molecule min.pdb(           1 ) will be fixed.
  Total number of molecules:         1001
  Number of fixed molecules:            1
  Number of free molecules:         1000
  Number of variables:         6000
  Total number of fixed atoms:        17664
  Maximum internal distance of type            1 :    5.6602650114636841     
  Maximum internal distance of type            2 :    5.6602650114636841     
  All atoms must be within these coordinates: 
   x: [   -1000.0000000000000      ,    1000.0000000000000       ] 
   y: [   -1000.0000000000000      ,    1000.0000000000000       ] 
   z: [   -972.95516479734158      ,    1027.0448352026583       ] 
  If the system is larger than this, increase the sidemax parameter. 

################################################################################

  Building initial approximation ... 

################################################################################

  Adjusting initial point to fit the constraints 

--------------------------------------------------------------------------------

--------------------------------------------------------------------------------

  Molecules of type:            2

  Packing:|0                                                             100%|
          |********************************************************

  Restraint-only function value:    1.7244905127845191E-002
  Maximum violation of the restraints:    7.0743052687242082E-003

--------------------------------------------------------------------------------

  Molecules of type:            3

  Packing:|0                                                             100%|
          |********************************************************

  Restraint-only function value:    4.2359057896944738E-003
  Maximum violation of the restraints:    4.2259550543376255E-003

--------------------------------------------------------------------------------

  Rescaling maximum and minimum coordinates... 
  Computing size of patches... 
  Add fixed molecules to permanent arrays... 
  Reseting center of mass... 

--------------------------------------------------------------------------------

  Setting initial trial coordinates ... 

--------------------------------------------------------------------------------

--------------------------------------------------------------------------------

  Molecules of type:            2
  Adjusting random positions to fit the constraints. 
  Packing:|0                                                             100%|
          |*******
  Restraint-only function value:    1.8268461667451225E-004
  Maximum violation of the restraints:    1.2612781453147837E-004

--------------------------------------------------------------------------------

  Molecules of type:            3
  Adjusting random positions to fit the constraints. 
  Packing:|0                                                             100%|
          |**************
  Restraint-only function value:    9.8738394254484713E-006
  Maximum violation of the restraints:    9.8738394254484713E-006

################################################################################

  Objective function at initial point:    11827.923053986706     

################################################################################

  Packing molecules of type:            2

################################################################################


--------------------------------------------------------------------------------

  Starting GENCAN loop:            0
  Scaling radii by:    1.1000000000000001     

  Packing:|0                                                             100%|
          |******************************************************************|
          |******************************************************************|

  Function value from last GENCAN loop: f = .59354E+01
  Best function value before: f = .61514E+04
  Improvement from best function value:    99.90 %
  Improvement from last loop:    99.90 %
  Maximum violation of target distance:     0.131128
  Maximum violation of the constraints: .12020E+01
  All-type function value: .56825E+04

--------------------------------------------------------------------------------


--------------------------------------------------------------------------------

  Starting GENCAN loop:            1
  Scaling radii by:    1.1000000000000001     

  Packing:|0                                                             100%|
          |******************************************************************|
          |*************************************************

  Function value from last GENCAN loop: f = .11404E-01
  Best function value before: f = .59354E+01
  Improvement from best function value:    99.81 %
  Improvement from last loop:    99.81 %
  Maximum violation of target distance:     0.000000
  Maximum violation of the constraints: .76932E-02
  Current structure written to file: bilayer_gly.pdb
--------------------------------------------------------------------------------
  Packing solved for molecules of type           2
  Objective function value:    1.1403867132611632E-002
  Maximum violation of target distance:    0.0000000000000000     
  Max. constraint violation:    7.6931722683708150E-003
--------------------------------------------------------------------------------

################################################################################

  Packing molecules of type:            3

################################################################################


--------------------------------------------------------------------------------

  Starting GENCAN loop:            0
  Scaling radii by:    1.1000000000000001     

  Packing:|0                                                             100%|
          |******************************************************************|
          |******************************************************************|

  Function value from last GENCAN loop: f = .25737E+00
  Best function value before: f = .56765E+04
  Improvement from best function value:    99.99 %
  Improvement from last loop:    99.99 %
  Maximum violation of target distance:     0.205025
  Maximum violation of the constraints: .58317E-01
  All-type function value: .26878E+00

--------------------------------------------------------------------------------


--------------------------------------------------------------------------------

  Starting GENCAN loop:            1
  Scaling radii by:    1.1000000000000001     

  Packing:|0                                                             100%|
          |**************

  Function value from last GENCAN loop: f = .19465E-01
  Best function value before: f = .25737E+00
  Improvement from best function value:    92.44 %
  Improvement from last loop:    92.44 %
  Maximum violation of target distance:     0.000000
  Maximum violation of the constraints: .59354E-02
  Current structure written to file: bilayer_gly.pdb
--------------------------------------------------------------------------------
  Packing solved for molecules of type           3
  Objective function value:    1.9465445353462719E-002
  Maximum violation of target distance:    0.0000000000000000     
  Max. constraint violation:    5.9354449530657364E-003
--------------------------------------------------------------------------------

################################################################################

  Packing all molecules together 

################################################################################


  Initial approximation is a solution. Nothing to do. 

  Solution written to file: bilayer_gly.pdb

################################################################################

                                 Success! 
              Final objective function value: .11057E+01
              Maximum violation of target distance:   0.000000
              Maximum violation of the constraints: .76932E-02

--------------------------------------------------------------------------------

              Please cite this work if Packmol was useful: 

           L. Martinez, R. Andrade, E. G. Birgin, J. M. Martinez, 
         PACKMOL: A package for building initial configurations for
                   molecular dynamics simulations. 
          Journal of Computational Chemistry, 30:2157-2164,2009.

################################################################################

   Running time:    2.51981187      seconds. 

--------------------------------------------------------------------------------


